2025-06-27 16:00:27 [DEBUG] [center version]	v2.02-----20220609
2025-06-27 16:00:27 [ERROR] [MsgQueue]	EnQueue constructor queue_size[6000]
2025-06-27 16:00:27 [ERROR] [MsgQueue]	EnQueue constructor queue_size[5000]
2025-06-27 16:00:27 [ERROR] [DB]	CommonThread:m_szThreadName[clientTrd,]m_iDayLeftSecond=28772
2025-06-27 16:00:27 [ERROR] [MsgQueue]	EnQueue constructor queue_size[5000]
2025-06-27 16:00:27 [ERROR] [AssignTableHandler]	ReadConf:m_iForbidSameTableNum[0],m_iRecordLogCDTm[30],maxMark9[1]
2025-06-27 16:00:27 [ERROR] [AssignTableHandler]	ReadConf:Rate[45]--[55],method[0],sit[1],forbid[8&5[1],8&6[0],7&5[0]],sameTm[-1]
2025-06-27 16:00:27 [ERROR] [AssignTableHandler]	ReadConf:m_iWaitAIOnline[-1,-1],waitSec[-1,-1,-1],putAiRate[0,0,0]
2025-06-27 16:00:27 [ERROR] [AssignTableHandler]	ReadConf:RoomSec[3,5]m_iForbidMacthRoom[0],m_iIfForbidPreMixRoom[1]
2025-06-27 16:00:27 [ERROR] [ATH]	m_vcFreeVirtulAI size[1000]
2025-06-27 16:00:27 [ERROR] [DB]	CommonThread:m_szThreadName[assignTrd,]m_iDayLeftSecond=28772
2025-06-27 16:00:27 [ERROR] [MsgQueue]	EnQueue constructor queue_size[5000]
2025-06-27 16:00:27 [ERROR] [MsgQueue]	EnQueue constructor queue_size[1000]
2025-06-27 16:00:27 [DEBUG] [SEST]	CallbackAddSocketNode[0]
2025-06-27 16:00:27 [ERROR] [SEST]	room.conf --Server[127.0.0.1:58001] connect ok
2025-06-27 16:00:27 [ERROR] [BK_NEW_CENTER_SERVER]	v1.01 server run ok---serverport[18001]
2025-06-27 16:00:27 [DEBUG] [RAS]	[ClientHandler]:HandleGameRoomInfoReqMsg room[4],m_iCenterServerState[1]
2025-06-27 16:00:27 [ERROR] [RAS]	[ClientHandler]:HandleGameRoomInfoReqMsg room[4],stateChanged[-1-->1]
2025-06-27 16:00:27 [DEBUG] [RAS]	[ClientHandler]:HandleGameRoomInfoReqMsg i[0],room[4],state[1],iIPLimit[0]
2025-06-27 16:00:27 [DEBUG] [RAS]	[ClientHandler]:HandleGameRoomInfoReqMsg i[1],room[5],state[1],iIPLimit[0]
2025-06-27 16:00:27 [DEBUG] [RAS]	[ClientHandler]:HandleGameRoomInfoReqMsg i[2],room[6],state[1],iIPLimit[0]
2025-06-27 16:00:27 [DEBUG] [RAS]	[ClientHandler]:HandleGameRoomInfoReqMsg i[3],room[7],state[1],iIPLimit[0]
2025-06-27 16:00:27 [DEBUG] [RAS]	[AssignHandler]:HandleGameRoomInfoReqMsg room[4],m_iCenterServerState[1]
2025-06-27 16:00:27 [ERROR] [RAS]	[AssignHandler]:HandleGameRoomInfoReqMsg room[4],stateChanged[-1-->1]
2025-06-27 16:00:27 [DEBUG] [RAS]	[AssignHandler]:HandleGameRoomInfoReqMsg i[0],room[4],state[1],iIPLimit[0]
2025-06-27 16:00:27 [DEBUG] [RAS]	[AssignHandler]:HandleGameRoomInfoReqMsg i[1],room[5],state[1],iIPLimit[0]
2025-06-27 16:00:27 [DEBUG] [RAS]	[AssignHandler]:HandleGameRoomInfoReqMsg i[2],room[6],state[1],iIPLimit[0]
2025-06-27 16:00:27 [DEBUG] [RAS]	[AssignHandler]:HandleGameRoomInfoReqMsg i[3],room[7],state[1],iIPLimit[0]
2025-06-27 16:00:27 [ERROR] [SLT]	HandleGameRoomInfoReqMsg Game[11][红中血流中心混服],baseServerNum[2],roomNum[4],innerIp[0:0]
2025-06-27 16:00:27 [ERROR] [SLT]	HandleGameRoomInfoReqMsg[0],iServerType[3],ip[192.168.1.90],port[38001]
2025-06-27 16:00:27 [ERROR] [MsgQueue]	EnQueue constructor queue_size[5000]
2025-06-27 16:00:27 [DEBUG] [SEST]	CallbackAddSocketNode[0]
2025-06-27 16:00:27 [ERROR] [SEST]	--Server[192.168.1.90:38001] connect ok
2025-06-27 16:00:27 [ERROR] [SLT]	HandleGameRoomInfoReqMsg[1],iServerType[5],ip[192.168.1.90],port[58001]
2025-06-27 16:00:27 [ERROR] [SLT]	HandleLogLevelSyncMsg iLogLevel[1],msg[1],local[-1]
2025-06-27 16:00:27 [ERROR] [SEST]	room.conf --Server[192.168.1.90:58001] SetNewIPAndPort
2025-06-27 16:00:27 [ERROR] [SEST]	room.conf --Server2[192.168.1.90:58001] SetNewIPAndPort
2025-06-27 16:00:27 [DEBUG] [SEST]	CallbackAddSocketNode[1]
2025-06-27 16:00:27 [ERROR] [SEST]	room.conf thread[1],convert conncet OK--Server[192.168.1.90:58001]
2025-06-27 16:00:27 [ERROR] [SEST]	[room.conf],threadType[1],disconnet----Server[192.168.1.90:58001] iSocketIndex[0][1]
2025-06-27 16:00:27 [DEBUG] [RAS]	[ClientHandler]:HandleGameRoomInfoReqMsg room[4],m_iCenterServerState[1]
2025-06-27 16:00:27 [DEBUG] [RAS]	[ClientHandler]:HandleGameRoomInfoReqMsg i[0],room[4],state[1],iIPLimit[0]
2025-06-27 16:00:27 [DEBUG] [RAS]	[ClientHandler]:HandleGameRoomInfoReqMsg i[1],room[5],state[1],iIPLimit[0]
2025-06-27 16:00:27 [DEBUG] [RAS]	[ClientHandler]:HandleGameRoomInfoReqMsg i[2],room[6],state[1],iIPLimit[0]
2025-06-27 16:00:27 [DEBUG] [RAS]	[ClientHandler]:HandleGameRoomInfoReqMsg i[3],room[7],state[1],iIPLimit[0]
2025-06-27 16:00:27 [DEBUG] [RAS]	[AssignHandler]:HandleGameRoomInfoReqMsg room[4],m_iCenterServerState[1]
2025-06-27 16:00:27 [DEBUG] [RAS]	[AssignHandler]:HandleGameRoomInfoReqMsg i[0],room[4],state[1],iIPLimit[0]
2025-06-27 16:00:27 [DEBUG] [RAS]	[AssignHandler]:HandleGameRoomInfoReqMsg i[1],room[5],state[1],iIPLimit[0]
2025-06-27 16:00:27 [DEBUG] [RAS]	[AssignHandler]:HandleGameRoomInfoReqMsg i[2],room[6],state[1],iIPLimit[0]
2025-06-27 16:00:27 [DEBUG] [RAS]	[AssignHandler]:HandleGameRoomInfoReqMsg i[3],room[7],state[1],iIPLimit[0]
2025-06-27 16:00:27 [ERROR] [SLT]	HandleGameRoomInfoReqMsg Game[11][红中血流中心混服],baseServerNum[2],roomNum[4],innerIp[0:0]
2025-06-27 16:00:27 [ERROR] [SLT]	HandleGameRoomInfoReqMsg[0],iServerType[3],ip[192.168.1.90],port[38001]
2025-06-27 16:00:27 [ERROR] [SLT]	HandleGameRoomInfoReqMsg[1],iServerType[5],ip[192.168.1.90],port[58001]
2025-06-27 16:01:33 [DEBUG] [center version]	v2.02-----20220609
2025-06-27 16:01:33 [ERROR] [MsgQueue]	EnQueue constructor queue_size[6000]
2025-06-27 16:02:03 [DEBUG] [center version]	v2.02-----20220609
2025-06-27 16:02:03 [ERROR] [MsgQueue]	EnQueue constructor queue_size[6000]
2025-06-27 16:02:03 [ERROR] [MsgQueue]	EnQueue constructor queue_size[5000]
2025-06-27 16:02:03 [ERROR] [DB]	CommonThread:m_szThreadName[clientTrd,]m_iDayLeftSecond=28676
2025-06-27 16:02:03 [ERROR] [MsgQueue]	EnQueue constructor queue_size[5000]
2025-06-27 16:02:03 [ERROR] [AssignTableHandler]	ReadConf:m_iForbidSameTableNum[0],m_iRecordLogCDTm[30],maxMark9[1]
2025-06-27 16:02:03 [ERROR] [AssignTableHandler]	ReadConf:Rate[45]--[55],method[0],sit[1],forbid[8&5[1],8&6[0],7&5[0]],sameTm[-1]
2025-06-27 16:02:03 [ERROR] [AssignTableHandler]	ReadConf:m_iWaitAIOnline[-1,-1],waitSec[-1,-1,-1],putAiRate[0,0,0]
2025-06-27 16:02:03 [ERROR] [AssignTableHandler]	ReadConf:RoomSec[3,5]m_iForbidMacthRoom[0],m_iIfForbidPreMixRoom[1]
2025-06-27 16:02:03 [ERROR] [ATH]	m_vcFreeVirtulAI size[1000]
2025-06-27 16:02:03 [ERROR] [DB]	CommonThread:m_szThreadName[assignTrd,]m_iDayLeftSecond=28676
2025-06-27 16:02:03 [ERROR] [MsgQueue]	EnQueue constructor queue_size[5000]
2025-06-27 16:02:03 [ERROR] [MsgQueue]	EnQueue constructor queue_size[1000]
2025-06-27 16:02:03 [DEBUG] [SEST]	CallbackAddSocketNode[0]
2025-06-27 16:02:03 [ERROR] [SEST]	room.conf --Server[127.0.0.1:58001] connect ok
2025-06-27 16:02:03 [ERROR] [BK_NEW_CENTER_SERVER]	v1.01 server run ok---serverport[18001]
2025-06-27 16:02:03 [ERROR] [SLT]	HandleGameRoomInfoReqMsg Game[11][红中血流中心混服],baseServerNum[2],roomNum[4],innerIp[0:0]
2025-06-27 16:02:03 [DEBUG] [RAS]	[AssignHandler]:HandleGameRoomInfoReqMsg room[4],m_iCenterServerState[1]
2025-06-27 16:02:03 [ERROR] [RAS]	[AssignHandler]:HandleGameRoomInfoReqMsg room[4],stateChanged[-1-->1]
2025-06-27 16:02:03 [DEBUG] [RAS]	[AssignHandler]:HandleGameRoomInfoReqMsg i[0],room[4],state[1],iIPLimit[0]
2025-06-27 16:02:03 [DEBUG] [RAS]	[AssignHandler]:HandleGameRoomInfoReqMsg i[1],room[5],state[1],iIPLimit[0]
2025-06-27 16:02:03 [DEBUG] [RAS]	[AssignHandler]:HandleGameRoomInfoReqMsg i[2],room[6],state[1],iIPLimit[0]
2025-06-27 16:02:03 [DEBUG] [RAS]	[AssignHandler]:HandleGameRoomInfoReqMsg i[3],room[7],state[1],iIPLimit[0]
2025-06-27 16:02:03 [ERROR] [SLT]	HandleGameRoomInfoReqMsg[0],iServerType[3],ip[192.168.1.90],port[38001]
2025-06-27 16:02:03 [DEBUG] [RAS]	[ClientHandler]:HandleGameRoomInfoReqMsg room[4],m_iCenterServerState[1]
2025-06-27 16:02:03 [ERROR] [RAS]	[ClientHandler]:HandleGameRoomInfoReqMsg room[4],stateChanged[-1-->1]
2025-06-27 16:02:03 [DEBUG] [RAS]	[ClientHandler]:HandleGameRoomInfoReqMsg i[0],room[4],state[1],iIPLimit[0]
2025-06-27 16:02:03 [DEBUG] [RAS]	[ClientHandler]:HandleGameRoomInfoReqMsg i[1],room[5],state[1],iIPLimit[0]
2025-06-27 16:02:03 [DEBUG] [RAS]	[ClientHandler]:HandleGameRoomInfoReqMsg i[2],room[6],state[1],iIPLimit[0]
2025-06-27 16:02:03 [DEBUG] [RAS]	[ClientHandler]:HandleGameRoomInfoReqMsg i[3],room[7],state[1],iIPLimit[0]
2025-06-27 16:02:03 [ERROR] [MsgQueue]	EnQueue constructor queue_size[5000]
2025-06-27 16:02:03 [DEBUG] [SEST]	CallbackAddSocketNode[0]
2025-06-27 16:02:03 [ERROR] [SEST]	--Server[192.168.1.90:38001] connect ok
2025-06-27 16:02:03 [ERROR] [SLT]	HandleGameRoomInfoReqMsg[1],iServerType[5],ip[192.168.1.90],port[58001]
2025-06-27 16:02:03 [ERROR] [SLT]	HandleLogLevelSyncMsg iLogLevel[1],msg[1],local[-1]
2025-06-27 16:02:03 [ERROR] [SEST]	room.conf --Server[192.168.1.90:58001] SetNewIPAndPort
2025-06-27 16:02:03 [ERROR] [SEST]	room.conf --Server2[192.168.1.90:58001] SetNewIPAndPort
2025-06-27 16:02:03 [DEBUG] [SEST]	CallbackAddSocketNode[1]
2025-06-27 16:02:03 [ERROR] [SEST]	room.conf thread[1],convert conncet OK--Server[192.168.1.90:58001]
2025-06-27 16:02:03 [ERROR] [SEST]	[room.conf],threadType[1],disconnet----Server[192.168.1.90:58001] iSocketIndex[0][1]
2025-06-27 16:02:03 [DEBUG] [RAS]	[AssignHandler]:HandleGameRoomInfoReqMsg room[4],m_iCenterServerState[1]
2025-06-27 16:02:03 [DEBUG] [RAS]	[AssignHandler]:HandleGameRoomInfoReqMsg i[0],room[4],state[1],iIPLimit[0]
2025-06-27 16:02:03 [DEBUG] [RAS]	[AssignHandler]:HandleGameRoomInfoReqMsg i[1],room[5],state[1],iIPLimit[0]
2025-06-27 16:02:03 [DEBUG] [RAS]	[AssignHandler]:HandleGameRoomInfoReqMsg i[2],room[6],state[1],iIPLimit[0]
2025-06-27 16:02:03 [DEBUG] [RAS]	[AssignHandler]:HandleGameRoomInfoReqMsg i[3],room[7],state[1],iIPLimit[0]
2025-06-27 16:02:03 [DEBUG] [RAS]	[ClientHandler]:HandleGameRoomInfoReqMsg room[4],m_iCenterServerState[1]
2025-06-27 16:02:03 [DEBUG] [RAS]	[ClientHandler]:HandleGameRoomInfoReqMsg i[0],room[4],state[1],iIPLimit[0]
2025-06-27 16:02:03 [DEBUG] [RAS]	[ClientHandler]:HandleGameRoomInfoReqMsg i[1],room[5],state[1],iIPLimit[0]
2025-06-27 16:02:03 [DEBUG] [RAS]	[ClientHandler]:HandleGameRoomInfoReqMsg i[2],room[6],state[1],iIPLimit[0]
2025-06-27 16:02:03 [DEBUG] [RAS]	[ClientHandler]:HandleGameRoomInfoReqMsg i[3],room[7],state[1],iIPLimit[0]
2025-06-27 16:02:03 [ERROR] [SLT]	HandleGameRoomInfoReqMsg Game[11][红中血流中心混服],baseServerNum[2],roomNum[4],innerIp[0:0]
2025-06-27 16:02:03 [ERROR] [SLT]	HandleGameRoomInfoReqMsg[0],iServerType[3],ip[192.168.1.90],port[38001]
2025-06-27 16:02:03 [ERROR] [SLT]	HandleGameRoomInfoReqMsg[1],iServerType[5],ip[192.168.1.90],port[58001]
2025-06-27 16:05:07 [DEBUG] [center version]	v2.02-----20220609
2025-06-27 16:05:07 [ERROR] [MsgQueue]	EnQueue constructor queue_size[6000]
2025-06-27 16:05:07 [ERROR] [MsgQueue]	EnQueue constructor queue_size[5000]
2025-06-27 16:05:07 [ERROR] [DB]	CommonThread:m_szThreadName[clientTrd,]m_iDayLeftSecond=28492
2025-06-27 16:05:07 [ERROR] [MsgQueue]	EnQueue constructor queue_size[5000]
2025-06-27 16:05:07 [ERROR] [AssignTableHandler]	ReadConf:m_iForbidSameTableNum[0],m_iRecordLogCDTm[30],maxMark9[1]
2025-06-27 16:05:07 [ERROR] [AssignTableHandler]	ReadConf:Rate[45]--[55],method[0],sit[1],forbid[8&5[1],8&6[0],7&5[0]],sameTm[-1]
2025-06-27 16:05:07 [ERROR] [AssignTableHandler]	ReadConf:m_iWaitAIOnline[-1,-1],waitSec[-1,-1,-1],putAiRate[0,0,0]
2025-06-27 16:05:07 [ERROR] [AssignTableHandler]	ReadConf:RoomSec[3,5]m_iForbidMacthRoom[0],m_iIfForbidPreMixRoom[1]
2025-06-27 16:05:07 [ERROR] [ATH]	m_vcFreeVirtulAI size[1000]
2025-06-27 16:05:07 [ERROR] [DB]	CommonThread:m_szThreadName[assignTrd,]m_iDayLeftSecond=28492
2025-06-27 16:05:07 [ERROR] [MsgQueue]	EnQueue constructor queue_size[5000]
2025-06-27 16:05:07 [ERROR] [MsgQueue]	EnQueue constructor queue_size[1000]
2025-06-27 16:05:07 [DEBUG] [SEST]	CallbackAddSocketNode[0]
2025-06-27 16:05:07 [ERROR] [SEST]	room.conf --Server[127.0.0.1:58001] connect ok
2025-06-27 16:05:07 [ERROR] [BK_NEW_CENTER_SERVER]	v1.01 server run ok---serverport[18001]
2025-06-27 16:05:07 [ERROR] [SLT]	HandleGameRoomInfoReqMsg Game[11][红中血流中心混服],baseServerNum[2],roomNum[4],innerIp[0:0]
2025-06-27 16:05:07 [ERROR] [SLT]	HandleGameRoomInfoReqMsg[0],iServerType[3],ip[192.168.1.90],port[38001]
2025-06-27 16:05:07 [DEBUG] [RAS]	[AssignHandler]:HandleGameRoomInfoReqMsg room[4],m_iCenterServerState[1]
2025-06-27 16:05:07 [DEBUG] [RAS]	[ClientHandler]:HandleGameRoomInfoReqMsg room[4],m_iCenterServerState[1]
2025-06-27 16:05:07 [ERROR] [RAS]	[AssignHandler]:HandleGameRoomInfoReqMsg room[4],stateChanged[-1-->1]
2025-06-27 16:05:07 [ERROR] [RAS]	[ClientHandler]:HandleGameRoomInfoReqMsg room[4],stateChanged[-1-->1]
2025-06-27 16:05:07 [DEBUG] [RAS]	[AssignHandler]:HandleGameRoomInfoReqMsg i[0],room[4],state[1],iIPLimit[0]
2025-06-27 16:05:07 [DEBUG] [RAS]	[ClientHandler]:HandleGameRoomInfoReqMsg i[0],room[4],state[1],iIPLimit[0]
2025-06-27 16:05:07 [DEBUG] [RAS]	[AssignHandler]:HandleGameRoomInfoReqMsg i[1],room[5],state[1],iIPLimit[0]
2025-06-27 16:05:07 [DEBUG] [RAS]	[ClientHandler]:HandleGameRoomInfoReqMsg i[1],room[5],state[1],iIPLimit[0]
2025-06-27 16:05:07 [DEBUG] [RAS]	[AssignHandler]:HandleGameRoomInfoReqMsg i[2],room[6],state[1],iIPLimit[0]
2025-06-27 16:05:07 [DEBUG] [RAS]	[ClientHandler]:HandleGameRoomInfoReqMsg i[2],room[6],state[1],iIPLimit[0]
2025-06-27 16:05:07 [DEBUG] [RAS]	[AssignHandler]:HandleGameRoomInfoReqMsg i[3],room[7],state[1],iIPLimit[0]
2025-06-27 16:05:07 [DEBUG] [RAS]	[ClientHandler]:HandleGameRoomInfoReqMsg i[3],room[7],state[1],iIPLimit[0]
2025-06-27 16:05:07 [ERROR] [MsgQueue]	EnQueue constructor queue_size[5000]
2025-06-27 16:05:07 [DEBUG] [SEST]	CallbackAddSocketNode[0]
2025-06-27 16:05:07 [ERROR] [SEST]	--Server[192.168.1.90:38001] connect ok
2025-06-27 16:05:07 [ERROR] [SLT]	HandleGameRoomInfoReqMsg[1],iServerType[5],ip[192.168.1.90],port[58001]
2025-06-27 16:05:07 [ERROR] [SLT]	HandleLogLevelSyncMsg iLogLevel[1],msg[1],local[-1]
2025-06-27 16:05:07 [ERROR] [SEST]	room.conf --Server[192.168.1.90:58001] SetNewIPAndPort
2025-06-27 16:05:07 [ERROR] [SEST]	room.conf --Server2[192.168.1.90:58001] SetNewIPAndPort
2025-06-27 16:05:07 [DEBUG] [SEST]	CallbackAddSocketNode[1]
2025-06-27 16:05:07 [ERROR] [SEST]	room.conf thread[1],convert conncet OK--Server[192.168.1.90:58001]
2025-06-27 16:05:07 [ERROR] [SEST]	[room.conf],threadType[1],disconnet----Server[192.168.1.90:58001] iSocketIndex[0][1]
2025-06-27 16:05:07 [DEBUG] [RAS]	[AssignHandler]:HandleGameRoomInfoReqMsg room[4],m_iCenterServerState[1]
2025-06-27 16:05:07 [DEBUG] [RAS]	[AssignHandler]:HandleGameRoomInfoReqMsg i[0],room[4],state[1],iIPLimit[0]
2025-06-27 16:05:07 [DEBUG] [RAS]	[AssignHandler]:HandleGameRoomInfoReqMsg i[1],room[5],state[1],iIPLimit[0]
2025-06-27 16:05:07 [DEBUG] [RAS]	[AssignHandler]:HandleGameRoomInfoReqMsg i[2],room[6],state[1],iIPLimit[0]
2025-06-27 16:05:07 [DEBUG] [RAS]	[AssignHandler]:HandleGameRoomInfoReqMsg i[3],room[7],state[1],iIPLimit[0]
2025-06-27 16:05:07 [DEBUG] [RAS]	[ClientHandler]:HandleGameRoomInfoReqMsg room[4],m_iCenterServerState[1]
2025-06-27 16:05:07 [DEBUG] [RAS]	[ClientHandler]:HandleGameRoomInfoReqMsg i[0],room[4],state[1],iIPLimit[0]
2025-06-27 16:05:07 [DEBUG] [RAS]	[ClientHandler]:HandleGameRoomInfoReqMsg i[1],room[5],state[1],iIPLimit[0]
2025-06-27 16:05:07 [DEBUG] [RAS]	[ClientHandler]:HandleGameRoomInfoReqMsg i[2],room[6],state[1],iIPLimit[0]
2025-06-27 16:05:07 [DEBUG] [RAS]	[ClientHandler]:HandleGameRoomInfoReqMsg i[3],room[7],state[1],iIPLimit[0]
2025-06-27 16:05:07 [ERROR] [SLT]	HandleGameRoomInfoReqMsg Game[11][红中血流中心混服],baseServerNum[2],roomNum[4],innerIp[0:0]
2025-06-27 16:05:07 [ERROR] [SLT]	HandleGameRoomInfoReqMsg[0],iServerType[3],ip[192.168.1.90],port[38001]
2025-06-27 16:05:07 [ERROR] [SLT]	HandleGameRoomInfoReqMsg[1],iServerType[5],ip[192.168.1.90],port[58001]
2025-06-27 16:06:38 [DEBUG] [center version]	v2.02-----20220609
2025-06-27 16:06:39 [ERROR] [MsgQueue]	EnQueue constructor queue_size[6000]
2025-06-27 16:06:39 [ERROR] [MsgQueue]	EnQueue constructor queue_size[5000]
2025-06-27 16:06:39 [ERROR] [DB]	CommonThread:m_szThreadName[clientTrd,]m_iDayLeftSecond=28400
2025-06-27 16:06:39 [ERROR] [MsgQueue]	EnQueue constructor queue_size[5000]
2025-06-27 16:06:39 [ERROR] [AssignTableHandler]	ReadConf:m_iForbidSameTableNum[0],m_iRecordLogCDTm[30],maxMark9[1]
2025-06-27 16:06:39 [ERROR] [AssignTableHandler]	ReadConf:Rate[45]--[55],method[0],sit[1],forbid[8&5[1],8&6[0],7&5[0]],sameTm[-1]
2025-06-27 16:06:39 [ERROR] [AssignTableHandler]	ReadConf:m_iWaitAIOnline[-1,-1],waitSec[-1,-1,-1],putAiRate[0,0,0]
2025-06-27 16:06:39 [ERROR] [AssignTableHandler]	ReadConf:RoomSec[3,5]m_iForbidMacthRoom[0],m_iIfForbidPreMixRoom[1]
2025-06-27 16:06:39 [ERROR] [ATH]	m_vcFreeVirtulAI size[1000]
2025-06-27 16:06:39 [ERROR] [DB]	CommonThread:m_szThreadName[assignTrd,]m_iDayLeftSecond=28400
2025-06-27 16:06:39 [ERROR] [MsgQueue]	EnQueue constructor queue_size[5000]
2025-06-27 16:06:39 [ERROR] [MsgQueue]	EnQueue constructor queue_size[1000]
2025-06-27 16:06:39 [DEBUG] [SEST]	CallbackAddSocketNode[0]
2025-06-27 16:06:39 [ERROR] [SEST]	room.conf --Server[127.0.0.1:58001] connect ok
2025-06-27 16:06:39 [ERROR] [BK_NEW_CENTER_SERVER]	v1.01 server run ok---serverport[18001]
2025-06-27 16:06:39 [DEBUG] [RAS]	[AssignHandler]:HandleGameRoomInfoReqMsg room[4],m_iCenterServerState[1]
2025-06-27 16:06:39 [ERROR] [RAS]	[AssignHandler]:HandleGameRoomInfoReqMsg room[4],stateChanged[-1-->1]
2025-06-27 16:06:39 [DEBUG] [RAS]	[ClientHandler]:HandleGameRoomInfoReqMsg room[4],m_iCenterServerState[1]
2025-06-27 16:06:39 [DEBUG] [RAS]	[AssignHandler]:HandleGameRoomInfoReqMsg i[0],room[4],state[1],iIPLimit[0]
2025-06-27 16:06:39 [DEBUG] [RAS]	[AssignHandler]:HandleGameRoomInfoReqMsg i[1],room[5],state[1],iIPLimit[0]
2025-06-27 16:06:39 [DEBUG] [RAS]	[AssignHandler]:HandleGameRoomInfoReqMsg i[2],room[6],state[1],iIPLimit[0]
2025-06-27 16:06:39 [DEBUG] [RAS]	[AssignHandler]:HandleGameRoomInfoReqMsg i[3],room[7],state[1],iIPLimit[0]
2025-06-27 16:06:39 [ERROR] [SLT]	HandleGameRoomInfoReqMsg Game[11][红中血流中心混服],baseServerNum[2],roomNum[4],innerIp[0:0]
2025-06-27 16:06:39 [ERROR] [SLT]	HandleGameRoomInfoReqMsg[0],iServerType[3],ip[192.168.1.90],port[38001]
2025-06-27 16:06:39 [ERROR] [RAS]	[ClientHandler]:HandleGameRoomInfoReqMsg room[4],stateChanged[-1-->1]
2025-06-27 16:06:39 [DEBUG] [RAS]	[ClientHandler]:HandleGameRoomInfoReqMsg i[0],room[4],state[1],iIPLimit[0]
2025-06-27 16:06:39 [DEBUG] [RAS]	[ClientHandler]:HandleGameRoomInfoReqMsg i[1],room[5],state[1],iIPLimit[0]
2025-06-27 16:06:39 [DEBUG] [RAS]	[ClientHandler]:HandleGameRoomInfoReqMsg i[2],room[6],state[1],iIPLimit[0]
2025-06-27 16:06:39 [DEBUG] [RAS]	[ClientHandler]:HandleGameRoomInfoReqMsg i[3],room[7],state[1],iIPLimit[0]
2025-06-27 16:06:39 [ERROR] [MsgQueue]	EnQueue constructor queue_size[5000]
2025-06-27 16:06:39 [DEBUG] [SEST]	CallbackAddSocketNode[0]
2025-06-27 16:06:39 [ERROR] [SEST]	--Server[192.168.1.90:38001] connect ok
2025-06-27 16:06:39 [ERROR] [SLT]	HandleGameRoomInfoReqMsg[1],iServerType[5],ip[192.168.1.90],port[58001]
2025-06-27 16:06:39 [ERROR] [SLT]	HandleLogLevelSyncMsg iLogLevel[1],msg[1],local[-1]
2025-06-27 16:06:39 [ERROR] [SEST]	room.conf --Server[192.168.1.90:58001] SetNewIPAndPort
2025-06-27 16:06:39 [ERROR] [SEST]	room.conf --Server2[192.168.1.90:58001] SetNewIPAndPort
2025-06-27 16:06:39 [DEBUG] [SEST]	CallbackAddSocketNode[1]
2025-06-27 16:06:39 [ERROR] [SEST]	room.conf thread[1],convert conncet OK--Server[192.168.1.90:58001]
2025-06-27 16:06:39 [ERROR] [SEST]	[room.conf],threadType[1],disconnet----Server[192.168.1.90:58001] iSocketIndex[0][1]
2025-06-27 16:06:39 [DEBUG] [RAS]	[ClientHandler]:HandleGameRoomInfoReqMsg room[4],m_iCenterServerState[1]
2025-06-27 16:06:39 [DEBUG] [RAS]	[ClientHandler]:HandleGameRoomInfoReqMsg i[0],room[4],state[1],iIPLimit[0]
2025-06-27 16:06:39 [DEBUG] [RAS]	[ClientHandler]:HandleGameRoomInfoReqMsg i[1],room[5],state[1],iIPLimit[0]
2025-06-27 16:06:39 [DEBUG] [RAS]	[ClientHandler]:HandleGameRoomInfoReqMsg i[2],room[6],state[1],iIPLimit[0]
2025-06-27 16:06:39 [DEBUG] [RAS]	[ClientHandler]:HandleGameRoomInfoReqMsg i[3],room[7],state[1],iIPLimit[0]
2025-06-27 16:06:39 [DEBUG] [RAS]	[AssignHandler]:HandleGameRoomInfoReqMsg room[4],m_iCenterServerState[1]
2025-06-27 16:06:39 [DEBUG] [RAS]	[AssignHandler]:HandleGameRoomInfoReqMsg i[0],room[4],state[1],iIPLimit[0]
2025-06-27 16:06:39 [DEBUG] [RAS]	[AssignHandler]:HandleGameRoomInfoReqMsg i[1],room[5],state[1],iIPLimit[0]
2025-06-27 16:06:39 [DEBUG] [RAS]	[AssignHandler]:HandleGameRoomInfoReqMsg i[2],room[6],state[1],iIPLimit[0]
2025-06-27 16:06:39 [DEBUG] [RAS]	[AssignHandler]:HandleGameRoomInfoReqMsg i[3],room[7],state[1],iIPLimit[0]
2025-06-27 16:06:39 [ERROR] [SLT]	HandleGameRoomInfoReqMsg Game[11][红中血流中心混服],baseServerNum[2],roomNum[4],innerIp[0:0]
2025-06-27 16:06:39 [ERROR] [SLT]	HandleGameRoomInfoReqMsg[0],iServerType[3],ip[192.168.1.90],port[38001]
2025-06-27 16:06:39 [ERROR] [SLT]	HandleGameRoomInfoReqMsg[1],iServerType[5],ip[192.168.1.90],port[58001]
2025-06-27 16:16:39 [DEBUG] [ATH]	CheckLeftVirtual AI num[1000]
2025-06-27 16:16:40 [ERROR] [SLT]	HandleLogLevelSyncMsg iLogLevel[1],msg[1],local[-1]
2025-06-27 16:26:40 [DEBUG] [ATH]	CheckLeftVirtual AI num[1000]
2025-06-27 16:26:41 [ERROR] [SLT]	HandleLogLevelSyncMsg iLogLevel[1],msg[1],local[-1]
2025-06-27 16:32:34 [DEBUG] [center version]	v2.02-----20220609
2025-06-27 16:32:34 [ERROR] [MsgQueue]	EnQueue constructor queue_size[6000]
2025-06-27 16:32:34 [ERROR] [MsgQueue]	EnQueue constructor queue_size[5000]
2025-06-27 16:32:34 [ERROR] [DB]	CommonThread:m_szThreadName[clientTrd,]m_iDayLeftSecond=26845
2025-06-27 16:32:34 [ERROR] [MsgQueue]	EnQueue constructor queue_size[5000]
2025-06-27 16:32:34 [ERROR] [AssignTableHandler]	ReadConf:m_iForbidSameTableNum[0],m_iRecordLogCDTm[30],maxMark9[1]
2025-06-27 16:32:34 [ERROR] [AssignTableHandler]	ReadConf:Rate[45]--[55],method[0],sit[1],forbid[8&5[1],8&6[0],7&5[0]],sameTm[-1]
2025-06-27 16:32:34 [ERROR] [AssignTableHandler]	ReadConf:m_iWaitAIOnline[-1,-1],waitSec[-1,-1,-1],putAiRate[0,0,0]
2025-06-27 16:32:34 [ERROR] [AssignTableHandler]	ReadConf:RoomSec[3,5]m_iForbidMacthRoom[0],m_iIfForbidPreMixRoom[1]
2025-06-27 16:32:34 [ERROR] [ATH]	m_vcFreeVirtulAI size[1000]
2025-06-27 16:32:34 [ERROR] [DB]	CommonThread:m_szThreadName[assignTrd,]m_iDayLeftSecond=26845
2025-06-27 16:32:34 [ERROR] [MsgQueue]	EnQueue constructor queue_size[5000]
2025-06-27 16:32:34 [ERROR] [MsgQueue]	EnQueue constructor queue_size[1000]
2025-06-27 16:32:34 [DEBUG] [SEST]	CallbackAddSocketNode[0]
2025-06-27 16:32:34 [ERROR] [SEST]	room.conf --Server[127.0.0.1:58001] connect ok
2025-06-27 16:32:34 [ERROR] [BK_NEW_CENTER_SERVER]	v1.01 server run ok---serverport[18001]
2025-06-27 16:32:34 [ERROR] [SLT]	HandleGameRoomInfoReqMsg Game[11][红中血流中心混服],baseServerNum[2],roomNum[4],innerIp[0:0]
2025-06-27 16:32:34 [ERROR] [SLT]	HandleGameRoomInfoReqMsg[0],iServerType[3],ip[192.168.1.90],port[38001]
2025-06-27 16:32:34 [DEBUG] [RAS]	[ClientHandler]:HandleGameRoomInfoReqMsg room[4],m_iCenterServerState[1]
2025-06-27 16:32:34 [ERROR] [RAS]	[ClientHandler]:HandleGameRoomInfoReqMsg room[4],stateChanged[-1-->1]
2025-06-27 16:32:34 [DEBUG] [RAS]	[ClientHandler]:HandleGameRoomInfoReqMsg i[0],room[4],state[1],iIPLimit[0]
2025-06-27 16:32:34 [DEBUG] [RAS]	[ClientHandler]:HandleGameRoomInfoReqMsg i[1],room[5],state[1],iIPLimit[0]
2025-06-27 16:32:34 [DEBUG] [RAS]	[ClientHandler]:HandleGameRoomInfoReqMsg i[2],room[6],state[1],iIPLimit[0]
2025-06-27 16:32:34 [DEBUG] [RAS]	[ClientHandler]:HandleGameRoomInfoReqMsg i[3],room[7],state[1],iIPLimit[0]
2025-06-27 16:32:34 [DEBUG] [RAS]	[AssignHandler]:HandleGameRoomInfoReqMsg room[4],m_iCenterServerState[1]
2025-06-27 16:32:34 [ERROR] [RAS]	[AssignHandler]:HandleGameRoomInfoReqMsg room[4],stateChanged[-1-->1]
2025-06-27 16:32:34 [DEBUG] [RAS]	[AssignHandler]:HandleGameRoomInfoReqMsg i[0],room[4],state[1],iIPLimit[0]
2025-06-27 16:32:34 [DEBUG] [RAS]	[AssignHandler]:HandleGameRoomInfoReqMsg i[1],room[5],state[1],iIPLimit[0]
2025-06-27 16:32:34 [DEBUG] [RAS]	[AssignHandler]:HandleGameRoomInfoReqMsg i[2],room[6],state[1],iIPLimit[0]
2025-06-27 16:32:34 [DEBUG] [RAS]	[AssignHandler]:HandleGameRoomInfoReqMsg i[3],room[7],state[1],iIPLimit[0]
2025-06-27 16:32:34 [ERROR] [MsgQueue]	EnQueue constructor queue_size[5000]
2025-06-27 16:32:34 [DEBUG] [SEST]	CallbackAddSocketNode[0]
2025-06-27 16:32:34 [ERROR] [SEST]	--Server[192.168.1.90:38001] connect ok
2025-06-27 16:32:34 [ERROR] [SLT]	HandleGameRoomInfoReqMsg[1],iServerType[5],ip[192.168.1.90],port[58001]
2025-06-27 16:32:34 [ERROR] [SLT]	HandleLogLevelSyncMsg iLogLevel[1],msg[1],local[-1]
2025-06-27 16:32:34 [ERROR] [SEST]	room.conf --Server[192.168.1.90:58001] SetNewIPAndPort
2025-06-27 16:32:34 [ERROR] [SEST]	room.conf --Server2[192.168.1.90:58001] SetNewIPAndPort
2025-06-27 16:32:34 [DEBUG] [SEST]	CallbackAddSocketNode[1]
2025-06-27 16:32:34 [ERROR] [SEST]	room.conf thread[1],convert conncet OK--Server[192.168.1.90:58001]
2025-06-27 16:32:34 [ERROR] [SEST]	[room.conf],threadType[1],disconnet----Server[192.168.1.90:58001] iSocketIndex[0][1]
2025-06-27 16:32:34 [DEBUG] [RAS]	[ClientHandler]:HandleGameRoomInfoReqMsg room[4],m_iCenterServerState[1]
2025-06-27 16:32:34 [DEBUG] [RAS]	[ClientHandler]:HandleGameRoomInfoReqMsg i[0],room[4],state[1],iIPLimit[0]
2025-06-27 16:32:34 [DEBUG] [RAS]	[ClientHandler]:HandleGameRoomInfoReqMsg i[1],room[5],state[1],iIPLimit[0]
2025-06-27 16:32:34 [DEBUG] [RAS]	[ClientHandler]:HandleGameRoomInfoReqMsg i[2],room[6],state[1],iIPLimit[0]
2025-06-27 16:32:34 [DEBUG] [RAS]	[ClientHandler]:HandleGameRoomInfoReqMsg i[3],room[7],state[1],iIPLimit[0]
2025-06-27 16:32:34 [ERROR] [SLT]	HandleGameRoomInfoReqMsg Game[11][红中血流中心混服],baseServerNum[2],roomNum[4],innerIp[0:0]
2025-06-27 16:32:34 [ERROR] [SLT]	HandleGameRoomInfoReqMsg[0],iServerType[3],ip[192.168.1.90],port[38001]
2025-06-27 16:32:34 [ERROR] [SLT]	HandleGameRoomInfoReqMsg[1],iServerType[5],ip[192.168.1.90],port[58001]
2025-06-27 16:32:34 [DEBUG] [RAS]	[AssignHandler]:HandleGameRoomInfoReqMsg room[4],m_iCenterServerState[1]
2025-06-27 16:32:34 [DEBUG] [RAS]	[AssignHandler]:HandleGameRoomInfoReqMsg i[0],room[4],state[1],iIPLimit[0]
2025-06-27 16:32:34 [DEBUG] [RAS]	[AssignHandler]:HandleGameRoomInfoReqMsg i[1],room[5],state[1],iIPLimit[0]
2025-06-27 16:32:34 [DEBUG] [RAS]	[AssignHandler]:HandleGameRoomInfoReqMsg i[2],room[6],state[1],iIPLimit[0]
2025-06-27 16:32:34 [DEBUG] [RAS]	[AssignHandler]:HandleGameRoomInfoReqMsg i[3],room[7],state[1],iIPLimit[0]
2025-06-27 17:08:40 [DEBUG] [center version]	v2.02-----20220609
2025-06-27 17:08:40 [ERROR] [MsgQueue]	EnQueue constructor queue_size[6000]
2025-06-27 17:08:40 [ERROR] [MsgQueue]	EnQueue constructor queue_size[5000]
2025-06-27 17:08:40 [ERROR] [DB]	CommonThread:m_szThreadName[clientTrd,]m_iDayLeftSecond=24679
2025-06-27 17:08:41 [ERROR] [MsgQueue]	EnQueue constructor queue_size[5000]
2025-06-27 17:08:41 [ERROR] [AssignTableHandler]	ReadConf:m_iForbidSameTableNum[0],m_iRecordLogCDTm[30],maxMark9[1]
2025-06-27 17:08:41 [ERROR] [AssignTableHandler]	ReadConf:Rate[45]--[55],method[0],sit[1],forbid[8&5[1],8&6[0],7&5[0]],sameTm[-1]
2025-06-27 17:08:41 [ERROR] [AssignTableHandler]	ReadConf:m_iWaitAIOnline[-1,-1],waitSec[-1,-1,-1],putAiRate[0,0,0]
2025-06-27 17:08:41 [ERROR] [AssignTableHandler]	ReadConf:RoomSec[3,5]m_iForbidMacthRoom[0],m_iIfForbidPreMixRoom[1]
2025-06-27 17:08:41 [ERROR] [ATH]	m_vcFreeVirtulAI size[1000]
2025-06-27 17:08:41 [ERROR] [DB]	CommonThread:m_szThreadName[assignTrd,]m_iDayLeftSecond=24678
2025-06-27 17:08:41 [ERROR] [MsgQueue]	EnQueue constructor queue_size[5000]
2025-06-27 17:08:41 [ERROR] [MsgQueue]	EnQueue constructor queue_size[1000]
2025-06-27 17:08:41 [DEBUG] [SEST]	CallbackAddSocketNode[0]
2025-06-27 17:08:41 [ERROR] [SEST]	room.conf --Server[127.0.0.1:58001] connect ok
2025-06-27 17:08:41 [ERROR] [BK_NEW_CENTER_SERVER]	v1.01 server run ok---serverport[18001]
2025-06-27 17:08:41 [ERROR] [SLT]	HandleGameRoomInfoReqMsg Game[11][红中血流中心混服],baseServerNum[2],roomNum[4],innerIp[0:0]
2025-06-27 17:08:41 [DEBUG] [RAS]	[AssignHandler]:HandleGameRoomInfoReqMsg room[4],m_iCenterServerState[1]
2025-06-27 17:08:41 [ERROR] [RAS]	[AssignHandler]:HandleGameRoomInfoReqMsg room[4],stateChanged[-1-->1]
2025-06-27 17:08:41 [DEBUG] [RAS]	[AssignHandler]:HandleGameRoomInfoReqMsg i[0],room[4],state[1],iIPLimit[0]
2025-06-27 17:08:41 [DEBUG] [RAS]	[AssignHandler]:HandleGameRoomInfoReqMsg i[1],room[5],state[1],iIPLimit[0]
2025-06-27 17:08:41 [DEBUG] [RAS]	[AssignHandler]:HandleGameRoomInfoReqMsg i[2],room[6],state[1],iIPLimit[0]
2025-06-27 17:08:41 [DEBUG] [RAS]	[AssignHandler]:HandleGameRoomInfoReqMsg i[3],room[7],state[1],iIPLimit[0]
2025-06-27 17:08:41 [DEBUG] [RAS]	[ClientHandler]:HandleGameRoomInfoReqMsg room[4],m_iCenterServerState[1]
2025-06-27 17:08:41 [ERROR] [RAS]	[ClientHandler]:HandleGameRoomInfoReqMsg room[4],stateChanged[-1-->1]
2025-06-27 17:08:41 [DEBUG] [RAS]	[ClientHandler]:HandleGameRoomInfoReqMsg i[0],room[4],state[1],iIPLimit[0]
2025-06-27 17:08:41 [DEBUG] [RAS]	[ClientHandler]:HandleGameRoomInfoReqMsg i[1],room[5],state[1],iIPLimit[0]
2025-06-27 17:08:41 [DEBUG] [RAS]	[ClientHandler]:HandleGameRoomInfoReqMsg i[2],room[6],state[1],iIPLimit[0]
2025-06-27 17:08:41 [DEBUG] [RAS]	[ClientHandler]:HandleGameRoomInfoReqMsg i[3],room[7],state[1],iIPLimit[0]
2025-06-27 17:09:13 [ERROR] [SLT]	HandleGameRoomInfoReqMsg[0],iServerType[3],ip[192.168.1.90],port[38001]
2025-06-27 17:09:13 [ERROR] [MsgQueue]	EnQueue constructor queue_size[5000]
2025-06-27 17:09:13 [DEBUG] [SEST]	CallbackAddSocketNode[0]
2025-06-27 17:09:13 [ERROR] [SEST]	--Server[192.168.1.90:38001] connect ok
2025-06-27 17:10:55 [ERROR] [SLT]	HandleGameRoomInfoReqMsg[1],iServerType[5],ip[192.168.1.90],port[58001]
2025-06-27 17:10:56 [ERROR] [SLT]	HandleLogLevelSyncMsg iLogLevel[1],msg[1],local[-1]
2025-06-27 17:10:56 [ERROR] [SEST]	room.conf --Server[192.168.1.90:58001] SetNewIPAndPort
2025-06-27 17:10:56 [ERROR] [SEST]	room.conf --Server2[192.168.1.90:58001] SetNewIPAndPort
2025-06-27 17:10:56 [DEBUG] [SEST]	CallbackAddSocketNode[1]
2025-06-27 17:10:56 [ERROR] [SEST]	room.conf thread[1],convert conncet OK--Server[192.168.1.90:58001]
2025-06-27 17:10:56 [ERROR] [SEST]	[room.conf],threadType[1],disconnet----Server[192.168.1.90:58001] iSocketIndex[0][1]
2025-06-27 17:10:56 [DEBUG] [RAS]	[ClientHandler]:HandleGameRoomInfoReqMsg room[4],m_iCenterServerState[1]
2025-06-27 17:10:56 [DEBUG] [RAS]	[ClientHandler]:HandleGameRoomInfoReqMsg i[0],room[4],state[1],iIPLimit[0]
2025-06-27 17:10:56 [DEBUG] [RAS]	[ClientHandler]:HandleGameRoomInfoReqMsg i[1],room[5],state[1],iIPLimit[0]
2025-06-27 17:10:56 [DEBUG] [RAS]	[ClientHandler]:HandleGameRoomInfoReqMsg i[2],room[6],state[1],iIPLimit[0]
2025-06-27 17:10:56 [DEBUG] [RAS]	[ClientHandler]:HandleGameRoomInfoReqMsg i[3],room[7],state[1],iIPLimit[0]
2025-06-27 17:10:56 [DEBUG] [RAS]	[AssignHandler]:HandleGameRoomInfoReqMsg room[4],m_iCenterServerState[1]
2025-06-27 17:10:56 [DEBUG] [RAS]	[AssignHandler]:HandleGameRoomInfoReqMsg i[0],room[4],state[1],iIPLimit[0]
2025-06-27 17:10:56 [DEBUG] [RAS]	[AssignHandler]:HandleGameRoomInfoReqMsg i[1],room[5],state[1],iIPLimit[0]
2025-06-27 17:10:56 [DEBUG] [RAS]	[AssignHandler]:HandleGameRoomInfoReqMsg i[2],room[6],state[1],iIPLimit[0]
2025-06-27 17:10:56 [DEBUG] [RAS]	[AssignHandler]:HandleGameRoomInfoReqMsg i[3],room[7],state[1],iIPLimit[0]
2025-06-27 17:10:56 [ERROR] [SLT]	HandleGameRoomInfoReqMsg Game[11][红中血流中心混服],baseServerNum[2],roomNum[4],innerIp[0:0]
2025-06-27 17:11:13 [ERROR] [SLT]	HandleGameRoomInfoReqMsg[0],iServerType[3],ip[192.168.1.90],port[38001]
2025-06-27 17:11:23 [ERROR] [SLT]	HandleGameRoomInfoReqMsg[1],iServerType[5],ip[192.168.1.90],port[58001]
2025-06-27 17:13:35 [DEBUG] [center version]	v2.02-----20220609
2025-06-27 17:13:35 [ERROR] [MsgQueue]	EnQueue constructor queue_size[6000]
2025-06-27 17:13:35 [ERROR] [MsgQueue]	EnQueue constructor queue_size[5000]
2025-06-27 17:13:35 [ERROR] [DB]	CommonThread:m_szThreadName[clientTrd,]m_iDayLeftSecond=24384
2025-06-27 17:13:35 [ERROR] [MsgQueue]	EnQueue constructor queue_size[5000]
2025-06-27 17:13:35 [ERROR] [AssignTableHandler]	ReadConf:m_iForbidSameTableNum[0],m_iRecordLogCDTm[30],maxMark9[1]
2025-06-27 17:13:35 [ERROR] [AssignTableHandler]	ReadConf:Rate[45]--[55],method[0],sit[1],forbid[8&5[1],8&6[0],7&5[0]],sameTm[-1]
2025-06-27 17:13:35 [ERROR] [AssignTableHandler]	ReadConf:m_iWaitAIOnline[-1,-1],waitSec[-1,-1,-1],putAiRate[0,0,0]
2025-06-27 17:13:35 [ERROR] [AssignTableHandler]	ReadConf:RoomSec[3,5]m_iForbidMacthRoom[0],m_iIfForbidPreMixRoom[1]
2025-06-27 17:13:35 [ERROR] [ATH]	m_vcFreeVirtulAI size[1000]
2025-06-27 17:13:35 [ERROR] [DB]	CommonThread:m_szThreadName[assignTrd,]m_iDayLeftSecond=24384
2025-06-27 17:13:35 [ERROR] [MsgQueue]	EnQueue constructor queue_size[5000]
2025-06-27 17:13:35 [ERROR] [MsgQueue]	EnQueue constructor queue_size[1000]
2025-06-27 17:13:35 [DEBUG] [SEST]	CallbackAddSocketNode[0]
2025-06-27 17:13:35 [ERROR] [SEST]	room.conf --Server[127.0.0.1:58001] connect ok
2025-06-27 17:13:35 [ERROR] [BK_NEW_CENTER_SERVER]	v1.01 server run ok---serverport[18001]
2025-06-27 17:13:35 [DEBUG] [RAS]	[ClientHandler]:HandleGameRoomInfoReqMsg room[4],m_iCenterServerState[1]
2025-06-27 17:13:35 [DEBUG] [RAS]	[AssignHandler]:HandleGameRoomInfoReqMsg room[4],m_iCenterServerState[1]
2025-06-27 17:13:35 [ERROR] [RAS]	[ClientHandler]:HandleGameRoomInfoReqMsg room[4],stateChanged[-1-->1]
2025-06-27 17:13:35 [ERROR] [RAS]	[AssignHandler]:HandleGameRoomInfoReqMsg room[4],stateChanged[-1-->1]
2025-06-27 17:13:35 [DEBUG] [RAS]	[AssignHandler]:HandleGameRoomInfoReqMsg i[0],room[4],state[1],iIPLimit[0]
2025-06-27 17:13:35 [DEBUG] [RAS]	[ClientHandler]:HandleGameRoomInfoReqMsg i[0],room[4],state[1],iIPLimit[0]
2025-06-27 17:13:35 [DEBUG] [RAS]	[AssignHandler]:HandleGameRoomInfoReqMsg i[1],room[5],state[1],iIPLimit[0]
2025-06-27 17:13:35 [DEBUG] [RAS]	[AssignHandler]:HandleGameRoomInfoReqMsg i[2],room[6],state[1],iIPLimit[0]
2025-06-27 17:13:35 [DEBUG] [RAS]	[AssignHandler]:HandleGameRoomInfoReqMsg i[3],room[7],state[1],iIPLimit[0]
2025-06-27 17:13:35 [ERROR] [SLT]	HandleGameRoomInfoReqMsg Game[11][红中血流中心混服],baseServerNum[2],roomNum[4],innerIp[0:0]
2025-06-27 17:13:35 [DEBUG] [RAS]	[ClientHandler]:HandleGameRoomInfoReqMsg i[1],room[5],state[1],iIPLimit[0]
2025-06-27 17:13:35 [DEBUG] [RAS]	[ClientHandler]:HandleGameRoomInfoReqMsg i[2],room[6],state[1],iIPLimit[0]
2025-06-27 17:13:35 [DEBUG] [RAS]	[ClientHandler]:HandleGameRoomInfoReqMsg i[3],room[7],state[1],iIPLimit[0]
2025-06-27 17:13:52 [ERROR] [SLT]	HandleGameRoomInfoReqMsg[0],iServerType[3],ip[192.168.1.90],port[38001]
2025-06-27 17:13:52 [ERROR] [MsgQueue]	EnQueue constructor queue_size[5000]
2025-06-27 17:13:52 [DEBUG] [SEST]	CallbackAddSocketNode[0]
2025-06-27 17:13:52 [ERROR] [SEST]	--Server[192.168.1.90:38001] connect ok
2025-06-27 17:23:27 [DEBUG] [center version]	v2.02-----20220609
2025-06-27 17:23:27 [ERROR] [MsgQueue]	EnQueue constructor queue_size[6000]
2025-06-27 17:23:27 [ERROR] [MsgQueue]	EnQueue constructor queue_size[5000]
2025-06-27 17:23:27 [ERROR] [DB]	CommonThread:m_szThreadName[clientTrd,]m_iDayLeftSecond=23792
2025-06-27 17:23:27 [ERROR] [MsgQueue]	EnQueue constructor queue_size[5000]
2025-06-27 17:23:27 [ERROR] [AssignTableHandler]	ReadConf:m_iForbidSameTableNum[0],m_iRecordLogCDTm[30],maxMark9[1]
2025-06-27 17:23:27 [ERROR] [AssignTableHandler]	ReadConf:Rate[45]--[55],method[0],sit[1],forbid[8&5[1],8&6[0],7&5[0]],sameTm[-1]
2025-06-27 17:23:27 [ERROR] [AssignTableHandler]	ReadConf:m_iWaitAIOnline[-1,-1],waitSec[-1,-1,-1],putAiRate[0,0,0]
2025-06-27 17:23:27 [ERROR] [AssignTableHandler]	ReadConf:RoomSec[3,5]m_iForbidMacthRoom[0],m_iIfForbidPreMixRoom[1]
2025-06-27 17:23:27 [ERROR] [ATH]	m_vcFreeVirtulAI size[1000]
2025-06-27 17:23:27 [ERROR] [DB]	CommonThread:m_szThreadName[assignTrd,]m_iDayLeftSecond=23792
2025-06-27 17:23:27 [ERROR] [MsgQueue]	EnQueue constructor queue_size[5000]
2025-06-27 17:23:27 [ERROR] [MsgQueue]	EnQueue constructor queue_size[1000]
2025-06-27 17:23:27 [DEBUG] [SEST]	CallbackAddSocketNode[0]
2025-06-27 17:23:27 [ERROR] [SEST]	room.conf --Server[127.0.0.1:58001] connect ok
2025-06-27 17:23:27 [ERROR] [BK_NEW_CENTER_SERVER]	v1.01 server run ok---serverport[18001]
2025-06-27 17:23:27 [DEBUG] [RAS]	[AssignHandler]:HandleGameRoomInfoReqMsg room[4],m_iCenterServerState[1]
2025-06-27 17:23:27 [ERROR] [SLT]	HandleGameRoomInfoReqMsg Game[11][红中血流中心混服],baseServerNum[2],roomNum[4],innerIp[0:0]
2025-06-27 17:23:27 [ERROR] [RAS]	[AssignHandler]:HandleGameRoomInfoReqMsg room[4],stateChanged[-1-->1]
2025-06-27 17:23:27 [DEBUG] [RAS]	[AssignHandler]:HandleGameRoomInfoReqMsg i[0],room[4],state[1],iIPLimit[0]
2025-06-27 17:23:27 [DEBUG] [RAS]	[AssignHandler]:HandleGameRoomInfoReqMsg i[1],room[5],state[1],iIPLimit[0]
2025-06-27 17:23:27 [DEBUG] [RAS]	[AssignHandler]:HandleGameRoomInfoReqMsg i[2],room[6],state[1],iIPLimit[0]
2025-06-27 17:23:27 [DEBUG] [RAS]	[AssignHandler]:HandleGameRoomInfoReqMsg i[3],room[7],state[1],iIPLimit[0]
2025-06-27 17:23:27 [DEBUG] [RAS]	[ClientHandler]:HandleGameRoomInfoReqMsg room[4],m_iCenterServerState[1]
2025-06-27 17:23:27 [ERROR] [RAS]	[ClientHandler]:HandleGameRoomInfoReqMsg room[4],stateChanged[-1-->1]
2025-06-27 17:23:27 [DEBUG] [RAS]	[ClientHandler]:HandleGameRoomInfoReqMsg i[0],room[4],state[1],iIPLimit[0]
2025-06-27 17:23:27 [DEBUG] [RAS]	[ClientHandler]:HandleGameRoomInfoReqMsg i[1],room[5],state[1],iIPLimit[0]
2025-06-27 17:23:27 [DEBUG] [RAS]	[ClientHandler]:HandleGameRoomInfoReqMsg i[2],room[6],state[1],iIPLimit[0]
2025-06-27 17:23:27 [DEBUG] [RAS]	[ClientHandler]:HandleGameRoomInfoReqMsg i[3],room[7],state[1],iIPLimit[0]
2025-06-27 17:23:41 [ERROR] [SLT]	HandleGameRoomInfoReqMsg[0],iServerType[3],ip[192.168.1.90],port[38001]
2025-06-27 17:23:41 [ERROR] [MsgQueue]	EnQueue constructor queue_size[5000]
2025-06-27 17:23:41 [DEBUG] [SEST]	CallbackAddSocketNode[0]
2025-06-27 17:23:41 [ERROR] [SEST]	--Server[192.168.1.90:38001] connect ok
2025-06-27 17:29:28 [DEBUG] [center version]	v2.02-----20220609
2025-06-27 17:29:28 [ERROR] [MsgQueue]	EnQueue constructor queue_size[6000]
2025-06-27 17:29:28 [ERROR] [MsgQueue]	EnQueue constructor queue_size[5000]
2025-06-27 17:29:28 [ERROR] [DB]	CommonThread:m_szThreadName[clientTrd,]m_iDayLeftSecond=23431
2025-06-27 17:29:28 [ERROR] [MsgQueue]	EnQueue constructor queue_size[5000]
2025-06-27 17:29:28 [ERROR] [AssignTableHandler]	ReadConf:m_iForbidSameTableNum[0],m_iRecordLogCDTm[30],maxMark9[1]
2025-06-27 17:29:28 [ERROR] [AssignTableHandler]	ReadConf:Rate[45]--[55],method[0],sit[1],forbid[8&5[1],8&6[0],7&5[0]],sameTm[-1]
2025-06-27 17:29:28 [ERROR] [AssignTableHandler]	ReadConf:m_iWaitAIOnline[-1,-1],waitSec[-1,-1,-1],putAiRate[0,0,0]
2025-06-27 17:29:28 [ERROR] [AssignTableHandler]	ReadConf:RoomSec[3,5]m_iForbidMacthRoom[0],m_iIfForbidPreMixRoom[1]
2025-06-27 17:29:28 [ERROR] [ATH]	m_vcFreeVirtulAI size[1000]
2025-06-27 17:29:28 [ERROR] [DB]	CommonThread:m_szThreadName[assignTrd,]m_iDayLeftSecond=23431
2025-06-27 17:29:28 [ERROR] [MsgQueue]	EnQueue constructor queue_size[5000]
2025-06-27 17:29:28 [ERROR] [MsgQueue]	EnQueue constructor queue_size[1000]
2025-06-27 17:29:28 [DEBUG] [SEST]	CallbackAddSocketNode[0]
2025-06-27 17:29:28 [ERROR] [SEST]	room.conf --Server[127.0.0.1:58001] connect ok
2025-06-27 17:29:28 [ERROR] [BK_NEW_CENTER_SERVER]	v1.01 server run ok---serverport[18001]
2025-06-27 17:29:28 [DEBUG] [RAS]	[ClientHandler]:HandleGameRoomInfoReqMsg room[4],m_iCenterServerState[1]
2025-06-27 17:29:28 [ERROR] [RAS]	[ClientHandler]:HandleGameRoomInfoReqMsg room[4],stateChanged[-1-->1]
2025-06-27 17:29:28 [DEBUG] [RAS]	[ClientHandler]:HandleGameRoomInfoReqMsg i[0],room[4],state[1],iIPLimit[0]
2025-06-27 17:29:28 [DEBUG] [RAS]	[ClientHandler]:HandleGameRoomInfoReqMsg i[1],room[5],state[1],iIPLimit[0]
2025-06-27 17:29:28 [DEBUG] [RAS]	[ClientHandler]:HandleGameRoomInfoReqMsg i[2],room[6],state[1],iIPLimit[0]
2025-06-27 17:29:28 [DEBUG] [RAS]	[ClientHandler]:HandleGameRoomInfoReqMsg i[3],room[7],state[1],iIPLimit[0]
2025-06-27 17:29:28 [DEBUG] [RAS]	[AssignHandler]:HandleGameRoomInfoReqMsg room[4],m_iCenterServerState[1]
2025-06-27 17:29:28 [ERROR] [RAS]	[AssignHandler]:HandleGameRoomInfoReqMsg room[4],stateChanged[-1-->1]
2025-06-27 17:29:28 [DEBUG] [RAS]	[AssignHandler]:HandleGameRoomInfoReqMsg i[0],room[4],state[1],iIPLimit[0]
2025-06-27 17:29:28 [DEBUG] [RAS]	[AssignHandler]:HandleGameRoomInfoReqMsg i[1],room[5],state[1],iIPLimit[0]
2025-06-27 17:29:28 [DEBUG] [RAS]	[AssignHandler]:HandleGameRoomInfoReqMsg i[2],room[6],state[1],iIPLimit[0]
2025-06-27 17:29:28 [DEBUG] [RAS]	[AssignHandler]:HandleGameRoomInfoReqMsg i[3],room[7],state[1],iIPLimit[0]
2025-06-27 17:29:28 [ERROR] [SLT]	HandleGameRoomInfoReqMsg Game[11][红中血流中心混服],baseServerNum[2],roomNum[4],innerIp[0:0]
2025-06-27 17:29:32 [ERROR] [SLT]	HandleGameRoomInfoReqMsg[0],iServerType[3],ip[192.168.1.90],port[38001]
2025-06-27 17:29:32 [ERROR] [MsgQueue]	EnQueue constructor queue_size[5000]
2025-06-27 17:29:32 [DEBUG] [SEST]	CallbackAddSocketNode[0]
2025-06-27 17:29:32 [ERROR] [SEST]	--Server[192.168.1.90:38001] connect ok
2025-06-27 17:29:53 [DEBUG] [center version]	v2.02-----20220609
2025-06-27 17:29:53 [ERROR] [MsgQueue]	EnQueue constructor queue_size[6000]
2025-06-27 17:29:53 [ERROR] [MsgQueue]	EnQueue constructor queue_size[5000]
2025-06-27 17:29:53 [ERROR] [DB]	CommonThread:m_szThreadName[clientTrd,]m_iDayLeftSecond=23406
2025-06-27 17:29:53 [ERROR] [MsgQueue]	EnQueue constructor queue_size[5000]
2025-06-27 17:29:53 [ERROR] [AssignTableHandler]	ReadConf:m_iForbidSameTableNum[0],m_iRecordLogCDTm[30],maxMark9[1]
2025-06-27 17:29:53 [ERROR] [AssignTableHandler]	ReadConf:Rate[45]--[55],method[0],sit[1],forbid[8&5[1],8&6[0],7&5[0]],sameTm[-1]
2025-06-27 17:29:53 [ERROR] [AssignTableHandler]	ReadConf:m_iWaitAIOnline[-1,-1],waitSec[-1,-1,-1],putAiRate[0,0,0]
2025-06-27 17:29:53 [ERROR] [AssignTableHandler]	ReadConf:RoomSec[3,5]m_iForbidMacthRoom[0],m_iIfForbidPreMixRoom[1]
2025-06-27 17:29:53 [ERROR] [ATH]	m_vcFreeVirtulAI size[1000]
2025-06-27 17:29:53 [ERROR] [DB]	CommonThread:m_szThreadName[assignTrd,]m_iDayLeftSecond=23406
2025-06-27 17:29:53 [ERROR] [MsgQueue]	EnQueue constructor queue_size[5000]
2025-06-27 17:29:53 [ERROR] [MsgQueue]	EnQueue constructor queue_size[1000]
2025-06-27 17:29:53 [DEBUG] [SEST]	CallbackAddSocketNode[0]
2025-06-27 17:29:53 [ERROR] [SEST]	room.conf --Server[127.0.0.1:58001] connect ok
2025-06-27 17:29:53 [ERROR] [BK_NEW_CENTER_SERVER]	v1.01 server run ok---serverport[18001]
2025-06-27 17:29:53 [DEBUG] [RAS]	[AssignHandler]:HandleGameRoomInfoReqMsg room[4],m_iCenterServerState[1]
2025-06-27 17:29:53 [ERROR] [SLT]	HandleGameRoomInfoReqMsg Game[11][红中血流中心混服],baseServerNum[2],roomNum[4],innerIp[0:0]
2025-06-27 17:29:53 [ERROR] [RAS]	[AssignHandler]:HandleGameRoomInfoReqMsg room[4],stateChanged[-1-->1]
2025-06-27 17:29:53 [DEBUG] [RAS]	[AssignHandler]:HandleGameRoomInfoReqMsg i[0],room[4],state[1],iIPLimit[0]
2025-06-27 17:29:53 [DEBUG] [RAS]	[ClientHandler]:HandleGameRoomInfoReqMsg room[4],m_iCenterServerState[1]
2025-06-27 17:29:53 [ERROR] [RAS]	[ClientHandler]:HandleGameRoomInfoReqMsg room[4],stateChanged[-1-->1]
2025-06-27 17:29:53 [DEBUG] [RAS]	[ClientHandler]:HandleGameRoomInfoReqMsg i[0],room[4],state[1],iIPLimit[0]
2025-06-27 17:29:53 [DEBUG] [RAS]	[ClientHandler]:HandleGameRoomInfoReqMsg i[1],room[5],state[1],iIPLimit[0]
2025-06-27 17:29:53 [DEBUG] [RAS]	[ClientHandler]:HandleGameRoomInfoReqMsg i[2],room[6],state[1],iIPLimit[0]
2025-06-27 17:29:53 [DEBUG] [RAS]	[ClientHandler]:HandleGameRoomInfoReqMsg i[3],room[7],state[1],iIPLimit[0]
2025-06-27 17:29:53 [DEBUG] [RAS]	[AssignHandler]:HandleGameRoomInfoReqMsg i[1],room[5],state[1],iIPLimit[0]
2025-06-27 17:29:53 [DEBUG] [RAS]	[AssignHandler]:HandleGameRoomInfoReqMsg i[2],room[6],state[1],iIPLimit[0]
2025-06-27 17:29:53 [DEBUG] [RAS]	[AssignHandler]:HandleGameRoomInfoReqMsg i[3],room[7],state[1],iIPLimit[0]
2025-06-27 17:30:27 [ERROR] [SLT]	HandleGameRoomInfoReqMsg[0],iServerType[3],ip[192.168.1.90],port[38001]
2025-06-27 17:30:27 [ERROR] [MsgQueue]	EnQueue constructor queue_size[5000]
2025-06-27 17:30:27 [DEBUG] [SEST]	CallbackAddSocketNode[0]
2025-06-27 17:30:27 [ERROR] [SEST]	--Server[192.168.1.90:38001] connect ok
2025-06-27 17:31:47 [DEBUG] [center version]	v2.02-----20220609
2025-06-27 17:31:47 [ERROR] [MsgQueue]	EnQueue constructor queue_size[6000]
2025-06-27 17:31:47 [ERROR] [MsgQueue]	EnQueue constructor queue_size[5000]
2025-06-27 17:31:47 [ERROR] [DB]	CommonThread:m_szThreadName[clientTrd,]m_iDayLeftSecond=23292
2025-06-27 17:31:47 [ERROR] [MsgQueue]	EnQueue constructor queue_size[5000]
2025-06-27 17:31:47 [ERROR] [AssignTableHandler]	ReadConf:m_iForbidSameTableNum[0],m_iRecordLogCDTm[30],maxMark9[1]
2025-06-27 17:31:47 [ERROR] [AssignTableHandler]	ReadConf:Rate[45]--[55],method[0],sit[1],forbid[8&5[1],8&6[0],7&5[0]],sameTm[-1]
2025-06-27 17:31:47 [ERROR] [AssignTableHandler]	ReadConf:m_iWaitAIOnline[-1,-1],waitSec[-1,-1,-1],putAiRate[0,0,0]
2025-06-27 17:31:47 [ERROR] [AssignTableHandler]	ReadConf:RoomSec[3,5]m_iForbidMacthRoom[0],m_iIfForbidPreMixRoom[1]
2025-06-27 17:31:47 [ERROR] [ATH]	m_vcFreeVirtulAI size[1000]
2025-06-27 17:31:47 [ERROR] [DB]	CommonThread:m_szThreadName[assignTrd,]m_iDayLeftSecond=23292
2025-06-27 17:31:47 [ERROR] [MsgQueue]	EnQueue constructor queue_size[5000]
2025-06-27 17:31:47 [ERROR] [MsgQueue]	EnQueue constructor queue_size[1000]
2025-06-27 17:31:47 [DEBUG] [SEST]	CallbackAddSocketNode[0]
2025-06-27 17:31:47 [ERROR] [SEST]	room.conf --Server[127.0.0.1:58001] connect ok
2025-06-27 17:31:47 [ERROR] [BK_NEW_CENTER_SERVER]	v1.01 server run ok---serverport[18001]
2025-06-27 17:31:47 [DEBUG] [RAS]	[AssignHandler]:HandleGameRoomInfoReqMsg room[4],m_iCenterServerState[1]
2025-06-27 17:31:47 [ERROR] [SLT]	HandleGameRoomInfoReqMsg Game[11][红中血流中心混服],baseServerNum[2],roomNum[4],innerIp[0:0]
2025-06-27 17:31:47 [ERROR] [RAS]	[AssignHandler]:HandleGameRoomInfoReqMsg room[4],stateChanged[-1-->1]
2025-06-27 17:31:47 [DEBUG] [RAS]	[AssignHandler]:HandleGameRoomInfoReqMsg i[0],room[4],state[1],iIPLimit[0]
2025-06-27 17:31:47 [DEBUG] [RAS]	[AssignHandler]:HandleGameRoomInfoReqMsg i[1],room[5],state[1],iIPLimit[0]
2025-06-27 17:31:47 [DEBUG] [RAS]	[AssignHandler]:HandleGameRoomInfoReqMsg i[2],room[6],state[1],iIPLimit[0]
2025-06-27 17:31:47 [DEBUG] [RAS]	[AssignHandler]:HandleGameRoomInfoReqMsg i[3],room[7],state[1],iIPLimit[0]
2025-06-27 17:31:54 [DEBUG] [RAS]	[ClientHandler]:HandleGameRoomInfoReqMsg room[4],m_iCenterServerState[1]
2025-06-27 17:31:54 [ERROR] [RAS]	[ClientHandler]:HandleGameRoomInfoReqMsg room[4],stateChanged[-1-->1]
2025-06-27 17:31:54 [DEBUG] [RAS]	[ClientHandler]:HandleGameRoomInfoReqMsg i[0],room[4],state[1],iIPLimit[0]
2025-06-27 17:31:54 [DEBUG] [RAS]	[ClientHandler]:HandleGameRoomInfoReqMsg i[1],room[5],state[1],iIPLimit[0]
2025-06-27 17:31:54 [DEBUG] [RAS]	[ClientHandler]:HandleGameRoomInfoReqMsg i[2],room[6],state[1],iIPLimit[0]
2025-06-27 17:31:54 [DEBUG] [RAS]	[ClientHandler]:HandleGameRoomInfoReqMsg i[3],room[7],state[1],iIPLimit[0]
2025-06-27 17:31:54 [ERROR] [SLT]	HandleGameRoomInfoReqMsg[0],iServerType[3],ip[192.168.1.90],port[38001]
2025-06-27 17:31:54 [ERROR] [MsgQueue]	EnQueue constructor queue_size[5000]
2025-06-27 17:31:54 [DEBUG] [SEST]	CallbackAddSocketNode[0]
2025-06-27 17:31:54 [ERROR] [SEST]	--Server[192.168.1.90:38001] connect ok
2025-06-27 17:35:20 [DEBUG] [center version]	v2.02-----20220609
2025-06-27 17:35:20 [ERROR] [MsgQueue]	EnQueue constructor queue_size[6000]
2025-06-27 17:35:20 [ERROR] [MsgQueue]	EnQueue constructor queue_size[5000]
2025-06-27 17:35:20 [ERROR] [DB]	CommonThread:m_szThreadName[clientTrd,]m_iDayLeftSecond=23079
2025-06-27 17:35:20 [ERROR] [MsgQueue]	EnQueue constructor queue_size[5000]
2025-06-27 17:35:20 [ERROR] [AssignTableHandler]	ReadConf:m_iForbidSameTableNum[0],m_iRecordLogCDTm[30],maxMark9[1]
2025-06-27 17:35:20 [ERROR] [AssignTableHandler]	ReadConf:Rate[45]--[55],method[0],sit[1],forbid[8&5[1],8&6[0],7&5[0]],sameTm[-1]
2025-06-27 17:35:20 [ERROR] [AssignTableHandler]	ReadConf:m_iWaitAIOnline[-1,-1],waitSec[-1,-1,-1],putAiRate[0,0,0]
2025-06-27 17:35:20 [ERROR] [AssignTableHandler]	ReadConf:RoomSec[3,5]m_iForbidMacthRoom[0],m_iIfForbidPreMixRoom[1]
2025-06-27 17:35:20 [ERROR] [ATH]	m_vcFreeVirtulAI size[1000]
2025-06-27 17:35:20 [ERROR] [DB]	CommonThread:m_szThreadName[assignTrd,]m_iDayLeftSecond=23079
2025-06-27 17:35:20 [ERROR] [MsgQueue]	EnQueue constructor queue_size[5000]
2025-06-27 17:35:20 [ERROR] [MsgQueue]	EnQueue constructor queue_size[1000]
2025-06-27 17:35:20 [DEBUG] [SEST]	CallbackAddSocketNode[0]
2025-06-27 17:35:20 [ERROR] [SEST]	room.conf --Server[127.0.0.1:58001] connect ok
2025-06-27 17:35:20 [ERROR] [BK_NEW_CENTER_SERVER]	v1.01 server run ok---serverport[18001]
2025-06-27 17:35:30 [DEBUG] [RAS]	[AssignHandler]:HandleGameRoomInfoReqMsg room[4],m_iCenterServerState[1]
2025-06-27 17:35:30 [ERROR] [RAS]	[AssignHandler]:HandleGameRoomInfoReqMsg room[4],stateChanged[-1-->1]
2025-06-27 17:35:30 [DEBUG] [RAS]	[AssignHandler]:HandleGameRoomInfoReqMsg i[0],room[4],state[1],iIPLimit[0]
2025-06-27 17:35:30 [DEBUG] [RAS]	[ClientHandler]:HandleGameRoomInfoReqMsg room[4],m_iCenterServerState[1]
2025-06-27 17:35:30 [ERROR] [RAS]	[ClientHandler]:HandleGameRoomInfoReqMsg room[4],stateChanged[-1-->1]
2025-06-27 17:35:30 [DEBUG] [RAS]	[ClientHandler]:HandleGameRoomInfoReqMsg i[0],room[4],state[1],iIPLimit[0]
2025-06-27 17:35:30 [DEBUG] [RAS]	[AssignHandler]:HandleGameRoomInfoReqMsg i[1],room[5],state[1],iIPLimit[0]
2025-06-27 17:35:30 [DEBUG] [RAS]	[ClientHandler]:HandleGameRoomInfoReqMsg i[1],room[5],state[1],iIPLimit[0]
2025-06-27 17:35:30 [DEBUG] [RAS]	[AssignHandler]:HandleGameRoomInfoReqMsg i[2],room[6],state[1],iIPLimit[0]
2025-06-27 17:35:30 [DEBUG] [RAS]	[ClientHandler]:HandleGameRoomInfoReqMsg i[2],room[6],state[1],iIPLimit[0]
2025-06-27 17:35:30 [DEBUG] [RAS]	[AssignHandler]:HandleGameRoomInfoReqMsg i[3],room[7],state[1],iIPLimit[0]
2025-06-27 17:35:30 [DEBUG] [RAS]	[ClientHandler]:HandleGameRoomInfoReqMsg i[3],room[7],state[1],iIPLimit[0]
2025-06-27 17:35:30 [ERROR] [SLT]	HandleGameRoomInfoReqMsg Game[11][红中血流中心混服],baseServerNum[2],roomNum[4],innerIp[0:0]
2025-06-27 17:35:48 [ERROR] [SLT]	HandleGameRoomInfoReqMsg[0],iServerType[3],ip[192.168.1.90],port[38001]
2025-06-27 17:35:48 [ERROR] [MsgQueue]	EnQueue constructor queue_size[5000]
2025-06-27 17:35:48 [DEBUG] [SEST]	CallbackAddSocketNode[0]
2025-06-27 17:35:48 [ERROR] [SEST]	--Server[192.168.1.90:38001] connect ok
2025-06-27 17:36:45 [DEBUG] [center version]	v2.02-----20220609
2025-06-27 17:36:45 [ERROR] [MsgQueue]	EnQueue constructor queue_size[6000]
2025-06-27 17:36:45 [ERROR] [MsgQueue]	EnQueue constructor queue_size[5000]
2025-06-27 17:36:45 [ERROR] [DB]	CommonThread:m_szThreadName[clientTrd,]m_iDayLeftSecond=22994
2025-06-27 17:36:45 [ERROR] [MsgQueue]	EnQueue constructor queue_size[5000]
2025-06-27 17:36:45 [ERROR] [AssignTableHandler]	ReadConf:m_iForbidSameTableNum[0],m_iRecordLogCDTm[30],maxMark9[1]
2025-06-27 17:36:45 [ERROR] [AssignTableHandler]	ReadConf:Rate[45]--[55],method[0],sit[1],forbid[8&5[1],8&6[0],7&5[0]],sameTm[-1]
2025-06-27 17:36:45 [ERROR] [AssignTableHandler]	ReadConf:m_iWaitAIOnline[-1,-1],waitSec[-1,-1,-1],putAiRate[0,0,0]
2025-06-27 17:36:45 [ERROR] [AssignTableHandler]	ReadConf:RoomSec[3,5]m_iForbidMacthRoom[0],m_iIfForbidPreMixRoom[1]
2025-06-27 17:36:45 [ERROR] [ATH]	m_vcFreeVirtulAI size[1000]
2025-06-27 17:36:45 [ERROR] [DB]	CommonThread:m_szThreadName[assignTrd,]m_iDayLeftSecond=22994
2025-06-27 17:36:45 [ERROR] [MsgQueue]	EnQueue constructor queue_size[5000]
2025-06-27 17:36:45 [ERROR] [MsgQueue]	EnQueue constructor queue_size[1000]
2025-06-27 17:36:45 [DEBUG] [SEST]	CallbackAddSocketNode[0]
2025-06-27 17:36:45 [ERROR] [SEST]	room.conf --Server[127.0.0.1:58001] connect ok
2025-06-27 17:36:45 [ERROR] [BK_NEW_CENTER_SERVER]	v1.01 server run ok---serverport[18001]
2025-06-27 17:36:47 [DEBUG] [RAS]	[ClientHandler]:HandleGameRoomInfoReqMsg room[4],m_iCenterServerState[1]
2025-06-27 17:36:47 [ERROR] [RAS]	[ClientHandler]:HandleGameRoomInfoReqMsg room[4],stateChanged[-1-->1]
2025-06-27 17:36:47 [DEBUG] [RAS]	[ClientHandler]:HandleGameRoomInfoReqMsg i[0],room[4],state[1],iIPLimit[0]
2025-06-27 17:36:47 [DEBUG] [RAS]	[ClientHandler]:HandleGameRoomInfoReqMsg i[1],room[5],state[1],iIPLimit[0]
2025-06-27 17:36:47 [DEBUG] [RAS]	[ClientHandler]:HandleGameRoomInfoReqMsg i[2],room[6],state[1],iIPLimit[0]
2025-06-27 17:36:47 [DEBUG] [RAS]	[ClientHandler]:HandleGameRoomInfoReqMsg i[3],room[7],state[1],iIPLimit[0]
2025-06-27 17:36:47 [DEBUG] [RAS]	[AssignHandler]:HandleGameRoomInfoReqMsg room[4],m_iCenterServerState[1]
2025-06-27 17:36:47 [ERROR] [RAS]	[AssignHandler]:HandleGameRoomInfoReqMsg room[4],stateChanged[-1-->1]
2025-06-27 17:36:47 [DEBUG] [RAS]	[AssignHandler]:HandleGameRoomInfoReqMsg i[0],room[4],state[1],iIPLimit[0]
2025-06-27 17:36:47 [DEBUG] [RAS]	[AssignHandler]:HandleGameRoomInfoReqMsg i[1],room[5],state[1],iIPLimit[0]
2025-06-27 17:36:47 [DEBUG] [RAS]	[AssignHandler]:HandleGameRoomInfoReqMsg i[2],room[6],state[1],iIPLimit[0]
2025-06-27 17:36:47 [DEBUG] [RAS]	[AssignHandler]:HandleGameRoomInfoReqMsg i[3],room[7],state[1],iIPLimit[0]
2025-06-27 17:36:47 [ERROR] [SLT]	HandleGameRoomInfoReqMsg Game[11][红中血流中心混服],baseServerNum[2],roomNum[4],innerIp[0:0]
2025-06-27 17:36:54 [ERROR] [SLT]	HandleGameRoomInfoReqMsg[0],iServerType[3],ip[192.168.1.90],port[38001]
2025-06-27 17:36:54 [ERROR] [MsgQueue]	EnQueue constructor queue_size[5000]
2025-06-27 17:36:54 [DEBUG] [SEST]	CallbackAddSocketNode[0]
2025-06-27 17:36:54 [ERROR] [SEST]	--Server[192.168.1.90:38001] connect ok
2025-06-27 17:37:00 [ERROR] [SLT]	HandleGameRoomInfoReqMsg[1],iServerType[5],ip[192.168.1.90],port[58001]
2025-06-27 17:37:00 [ERROR] [SLT]	HandleLogLevelSyncMsg iLogLevel[1],msg[1],local[-1]
2025-06-27 17:37:00 [ERROR] [SEST]	room.conf --Server[192.168.1.90:58001] SetNewIPAndPort
2025-06-27 17:37:00 [ERROR] [SEST]	room.conf --Server2[192.168.1.90:58001] SetNewIPAndPort
2025-06-27 17:37:00 [DEBUG] [SEST]	CallbackAddSocketNode[1]
2025-06-27 17:37:00 [ERROR] [SEST]	room.conf thread[1],convert conncet OK--Server[192.168.1.90:58001]
2025-06-27 17:37:00 [ERROR] [SEST]	[room.conf],threadType[1],disconnet----Server[192.168.1.90:58001] iSocketIndex[0][1]
2025-06-27 17:37:00 [DEBUG] [RAS]	[AssignHandler]:HandleGameRoomInfoReqMsg room[4],m_iCenterServerState[1]
2025-06-27 17:37:00 [DEBUG] [RAS]	[ClientHandler]:HandleGameRoomInfoReqMsg room[4],m_iCenterServerState[1]
2025-06-27 17:37:00 [DEBUG] [RAS]	[AssignHandler]:HandleGameRoomInfoReqMsg i[0],room[4],state[1],iIPLimit[0]
2025-06-27 17:37:00 [DEBUG] [RAS]	[ClientHandler]:HandleGameRoomInfoReqMsg i[0],room[4],state[1],iIPLimit[0]
2025-06-27 17:37:00 [DEBUG] [RAS]	[AssignHandler]:HandleGameRoomInfoReqMsg i[1],room[5],state[1],iIPLimit[0]
2025-06-27 17:37:00 [DEBUG] [RAS]	[ClientHandler]:HandleGameRoomInfoReqMsg i[1],room[5],state[1],iIPLimit[0]
2025-06-27 17:37:00 [DEBUG] [RAS]	[AssignHandler]:HandleGameRoomInfoReqMsg i[2],room[6],state[1],iIPLimit[0]
2025-06-27 17:37:00 [DEBUG] [RAS]	[ClientHandler]:HandleGameRoomInfoReqMsg i[2],room[6],state[1],iIPLimit[0]
2025-06-27 17:37:00 [DEBUG] [RAS]	[AssignHandler]:HandleGameRoomInfoReqMsg i[3],room[7],state[1],iIPLimit[0]
2025-06-27 17:37:00 [DEBUG] [RAS]	[ClientHandler]:HandleGameRoomInfoReqMsg i[3],room[7],state[1],iIPLimit[0]
2025-06-27 17:37:00 [ERROR] [SLT]	HandleGameRoomInfoReqMsg Game[11][红中血流中心混服],baseServerNum[2],roomNum[4],innerIp[0:0]
2025-06-27 17:37:10 [ERROR] [SLT]	HandleGameRoomInfoReqMsg[0],iServerType[3],ip[192.168.1.90],port[38001]
2025-06-27 17:39:37 [DEBUG] [center version]	v2.02-----20220609
2025-06-27 17:39:37 [ERROR] [MsgQueue]	EnQueue constructor queue_size[6000]
2025-06-27 17:39:37 [ERROR] [MsgQueue]	EnQueue constructor queue_size[5000]
2025-06-27 17:39:37 [ERROR] [DB]	CommonThread:m_szThreadName[clientTrd,]m_iDayLeftSecond=22822
2025-06-27 17:39:37 [ERROR] [MsgQueue]	EnQueue constructor queue_size[5000]
2025-06-27 17:39:37 [ERROR] [AssignTableHandler]	ReadConf:m_iForbidSameTableNum[0],m_iRecordLogCDTm[30],maxMark9[1]
2025-06-27 17:39:37 [ERROR] [AssignTableHandler]	ReadConf:Rate[45]--[55],method[0],sit[1],forbid[8&5[1],8&6[0],7&5[0]],sameTm[-1]
2025-06-27 17:39:37 [ERROR] [AssignTableHandler]	ReadConf:m_iWaitAIOnline[-1,-1],waitSec[-1,-1,-1],putAiRate[0,0,0]
2025-06-27 17:39:37 [ERROR] [AssignTableHandler]	ReadConf:RoomSec[3,5]m_iForbidMacthRoom[0],m_iIfForbidPreMixRoom[1]
2025-06-27 17:39:37 [ERROR] [ATH]	m_vcFreeVirtulAI size[1000]
2025-06-27 17:39:37 [ERROR] [DB]	CommonThread:m_szThreadName[assignTrd,]m_iDayLeftSecond=22822
2025-06-27 17:39:37 [ERROR] [MsgQueue]	EnQueue constructor queue_size[5000]
2025-06-27 17:39:37 [ERROR] [MsgQueue]	EnQueue constructor queue_size[1000]
2025-06-27 17:39:37 [DEBUG] [SEST]	CallbackAddSocketNode[0]
2025-06-27 17:39:37 [ERROR] [SEST]	room.conf --Server[127.0.0.1:58001] connect ok
2025-06-27 17:39:37 [ERROR] [BK_NEW_CENTER_SERVER]	v1.01 server run ok---serverport[18001]
2025-06-27 17:39:40 [ERROR] [SLT]	HandleGameRoomInfoReqMsg Game[11][红中血流中心混服],baseServerNum[2],roomNum[4],innerIp[0:0]
2025-06-27 17:39:40 [DEBUG] [RAS]	[AssignHandler]:HandleGameRoomInfoReqMsg room[4],m_iCenterServerState[1]
2025-06-27 17:39:40 [ERROR] [RAS]	[AssignHandler]:HandleGameRoomInfoReqMsg room[4],stateChanged[-1-->1]
2025-06-27 17:39:40 [DEBUG] [RAS]	[AssignHandler]:HandleGameRoomInfoReqMsg i[0],room[4],state[1],iIPLimit[0]
2025-06-27 17:39:40 [DEBUG] [RAS]	[AssignHandler]:HandleGameRoomInfoReqMsg i[1],room[5],state[1],iIPLimit[0]
2025-06-27 17:39:40 [DEBUG] [RAS]	[AssignHandler]:HandleGameRoomInfoReqMsg i[2],room[6],state[1],iIPLimit[0]
2025-06-27 17:39:40 [DEBUG] [RAS]	[AssignHandler]:HandleGameRoomInfoReqMsg i[3],room[7],state[1],iIPLimit[0]
2025-06-27 17:39:40 [DEBUG] [RAS]	[ClientHandler]:HandleGameRoomInfoReqMsg room[4],m_iCenterServerState[1]
2025-06-27 17:39:40 [ERROR] [RAS]	[ClientHandler]:HandleGameRoomInfoReqMsg room[4],stateChanged[-1-->1]
2025-06-27 17:39:40 [DEBUG] [RAS]	[ClientHandler]:HandleGameRoomInfoReqMsg i[0],room[4],state[1],iIPLimit[0]
2025-06-27 17:39:40 [DEBUG] [RAS]	[ClientHandler]:HandleGameRoomInfoReqMsg i[1],room[5],state[1],iIPLimit[0]
2025-06-27 17:39:40 [DEBUG] [RAS]	[ClientHandler]:HandleGameRoomInfoReqMsg i[2],room[6],state[1],iIPLimit[0]
2025-06-27 17:39:40 [DEBUG] [RAS]	[ClientHandler]:HandleGameRoomInfoReqMsg i[3],room[7],state[1],iIPLimit[0]
2025-06-27 17:39:45 [ERROR] [SLT]	HandleGameRoomInfoReqMsg[0],iServerType[3],ip[192.168.1.90],port[38001]
2025-06-27 17:39:45 [ERROR] [MsgQueue]	EnQueue constructor queue_size[5000]
2025-06-27 17:39:46 [DEBUG] [SEST]	CallbackAddSocketNode[0]
2025-06-27 17:39:46 [ERROR] [SEST]	--Server[192.168.1.90:38001] connect ok
2025-06-27 17:45:20 [DEBUG] [center version]	v2.02-----20220609
2025-06-27 17:45:20 [ERROR] [MsgQueue]	EnQueue constructor queue_size[6000]
2025-06-27 17:45:20 [ERROR] [MsgQueue]	EnQueue constructor queue_size[5000]
2025-06-27 17:45:20 [ERROR] [DB]	CommonThread:m_szThreadName[clientTrd,]m_iDayLeftSecond=22479
2025-06-27 17:45:20 [ERROR] [MsgQueue]	EnQueue constructor queue_size[5000]
2025-06-27 17:45:20 [ERROR] [AssignTableHandler]	ReadConf:m_iForbidSameTableNum[0],m_iRecordLogCDTm[30],maxMark9[1]
2025-06-27 17:45:20 [ERROR] [AssignTableHandler]	ReadConf:Rate[45]--[55],method[0],sit[1],forbid[8&5[1],8&6[0],7&5[0]],sameTm[-1]
2025-06-27 17:45:20 [ERROR] [AssignTableHandler]	ReadConf:m_iWaitAIOnline[-1,-1],waitSec[-1,-1,-1],putAiRate[0,0,0]
2025-06-27 17:45:20 [ERROR] [AssignTableHandler]	ReadConf:RoomSec[3,5]m_iForbidMacthRoom[0],m_iIfForbidPreMixRoom[1]
2025-06-27 17:45:20 [ERROR] [ATH]	m_vcFreeVirtulAI size[1000]
2025-06-27 17:45:20 [ERROR] [DB]	CommonThread:m_szThreadName[assignTrd,]m_iDayLeftSecond=22479
2025-06-27 17:45:20 [ERROR] [MsgQueue]	EnQueue constructor queue_size[5000]
2025-06-27 17:45:20 [ERROR] [MsgQueue]	EnQueue constructor queue_size[1000]
2025-06-27 17:45:20 [ERROR] [SEST]	room.conf --Server[127.0.0.1:58001] connect error
2025-06-27 17:45:20 [ERROR] [SEST]	room.conf --Server[127.0.0.1:58001] connect error
2025-06-27 17:45:49 [DEBUG] [center version]	v2.02-----20220609
2025-06-27 17:45:49 [ERROR] [MsgQueue]	EnQueue constructor queue_size[6000]
2025-06-27 17:45:49 [ERROR] [MsgQueue]	EnQueue constructor queue_size[5000]
2025-06-27 17:45:49 [ERROR] [DB]	CommonThread:m_szThreadName[clientTrd,]m_iDayLeftSecond=22450
2025-06-27 17:45:49 [ERROR] [MsgQueue]	EnQueue constructor queue_size[5000]
2025-06-27 17:45:49 [ERROR] [AssignTableHandler]	ReadConf:m_iForbidSameTableNum[0],m_iRecordLogCDTm[30],maxMark9[1]
2025-06-27 17:45:49 [ERROR] [AssignTableHandler]	ReadConf:Rate[45]--[55],method[0],sit[1],forbid[8&5[1],8&6[0],7&5[0]],sameTm[-1]
2025-06-27 17:45:49 [ERROR] [AssignTableHandler]	ReadConf:m_iWaitAIOnline[-1,-1],waitSec[-1,-1,-1],putAiRate[0,0,0]
2025-06-27 17:45:49 [ERROR] [AssignTableHandler]	ReadConf:RoomSec[3,5]m_iForbidMacthRoom[0],m_iIfForbidPreMixRoom[1]
2025-06-27 17:45:49 [ERROR] [ATH]	m_vcFreeVirtulAI size[1000]
2025-06-27 17:45:49 [ERROR] [DB]	CommonThread:m_szThreadName[assignTrd,]m_iDayLeftSecond=22450
2025-06-27 17:45:49 [ERROR] [MsgQueue]	EnQueue constructor queue_size[5000]
2025-06-27 17:45:49 [ERROR] [MsgQueue]	EnQueue constructor queue_size[1000]
2025-06-27 17:45:49 [DEBUG] [SEST]	CallbackAddSocketNode[0]
2025-06-27 17:45:49 [ERROR] [SEST]	room.conf --Server[127.0.0.1:58001] connect ok
2025-06-27 17:45:49 [ERROR] [BK_NEW_CENTER_SERVER]	v1.01 server run ok---serverport[18001]
2025-06-27 17:45:52 [DEBUG] [RAS]	[ClientHandler]:HandleGameRoomInfoReqMsg room[4],m_iCenterServerState[1]
2025-06-27 17:45:52 [DEBUG] [RAS]	[AssignHandler]:HandleGameRoomInfoReqMsg room[4],m_iCenterServerState[1]
2025-06-27 17:45:52 [ERROR] [RAS]	[ClientHandler]:HandleGameRoomInfoReqMsg room[4],stateChanged[-1-->1]
2025-06-27 17:45:52 [ERROR] [RAS]	[AssignHandler]:HandleGameRoomInfoReqMsg room[4],stateChanged[-1-->1]
2025-06-27 17:45:52 [DEBUG] [RAS]	[ClientHandler]:HandleGameRoomInfoReqMsg i[0],room[4],state[1],iIPLimit[0]
2025-06-27 17:45:52 [DEBUG] [RAS]	[AssignHandler]:HandleGameRoomInfoReqMsg i[0],room[4],state[1],iIPLimit[0]
2025-06-27 17:45:52 [DEBUG] [RAS]	[ClientHandler]:HandleGameRoomInfoReqMsg i[1],room[5],state[1],iIPLimit[0]
2025-06-27 17:45:52 [DEBUG] [RAS]	[ClientHandler]:HandleGameRoomInfoReqMsg i[2],room[6],state[1],iIPLimit[0]
2025-06-27 17:45:52 [DEBUG] [RAS]	[AssignHandler]:HandleGameRoomInfoReqMsg i[1],room[5],state[1],iIPLimit[0]
2025-06-27 17:45:52 [DEBUG] [RAS]	[ClientHandler]:HandleGameRoomInfoReqMsg i[3],room[7],state[1],iIPLimit[0]
2025-06-27 17:45:52 [DEBUG] [RAS]	[AssignHandler]:HandleGameRoomInfoReqMsg i[2],room[6],state[1],iIPLimit[0]
2025-06-27 17:45:52 [DEBUG] [RAS]	[AssignHandler]:HandleGameRoomInfoReqMsg i[3],room[7],state[1],iIPLimit[0]
2025-06-27 17:45:52 [ERROR] [SLT]	HandleGameRoomInfoReqMsg Game[11][红中血流中心混服],baseServerNum[2],roomNum[4],innerIp[0:0]
2025-06-27 17:46:03 [ERROR] [SLT]	HandleGameRoomInfoReqMsg[0],iServerType[3],ip[192.168.1.90],port[38001]
2025-06-27 17:46:03 [ERROR] [MsgQueue]	EnQueue constructor queue_size[5000]
2025-06-27 17:46:03 [DEBUG] [SEST]	CallbackAddSocketNode[0]
2025-06-27 17:46:03 [ERROR] [SEST]	--Server[192.168.1.90:38001] connect ok
2025-06-27 17:50:08 [DEBUG] [center version]	v2.02-----20220609
2025-06-27 17:50:08 [ERROR] [MsgQueue]	EnQueue constructor queue_size[6000]
2025-06-27 17:50:08 [ERROR] [MsgQueue]	EnQueue constructor queue_size[5000]
2025-06-27 17:50:08 [ERROR] [DB]	CommonThread:m_szThreadName[clientTrd,]m_iDayLeftSecond=22191
2025-06-27 17:50:08 [ERROR] [MsgQueue]	EnQueue constructor queue_size[5000]
2025-06-27 17:50:08 [ERROR] [AssignTableHandler]	ReadConf:m_iForbidSameTableNum[0],m_iRecordLogCDTm[30],maxMark9[1]
2025-06-27 17:50:08 [ERROR] [AssignTableHandler]	ReadConf:Rate[45]--[55],method[0],sit[1],forbid[8&5[1],8&6[0],7&5[0]],sameTm[-1]
2025-06-27 17:50:08 [ERROR] [AssignTableHandler]	ReadConf:m_iWaitAIOnline[-1,-1],waitSec[-1,-1,-1],putAiRate[0,0,0]
2025-06-27 17:50:08 [ERROR] [AssignTableHandler]	ReadConf:RoomSec[3,5]m_iForbidMacthRoom[0],m_iIfForbidPreMixRoom[1]
2025-06-27 17:50:08 [ERROR] [ATH]	m_vcFreeVirtulAI size[1000]
2025-06-27 17:50:08 [ERROR] [DB]	CommonThread:m_szThreadName[assignTrd,]m_iDayLeftSecond=22191
2025-06-27 17:50:08 [ERROR] [MsgQueue]	EnQueue constructor queue_size[5000]
2025-06-27 17:50:08 [ERROR] [MsgQueue]	EnQueue constructor queue_size[1000]
2025-06-27 17:50:08 [ERROR] [SEST]	room.conf --Server[127.0.0.1:58001] connect error
2025-06-27 17:50:08 [ERROR] [SEST]	room.conf --Server[127.0.0.1:58001] connect error
2025-06-27 17:50:46 [DEBUG] [center version]	v2.02-----20220609
2025-06-27 17:50:46 [ERROR] [MsgQueue]	EnQueue constructor queue_size[6000]
2025-06-27 17:50:46 [ERROR] [MsgQueue]	EnQueue constructor queue_size[5000]
2025-06-27 17:50:46 [ERROR] [DB]	CommonThread:m_szThreadName[clientTrd,]m_iDayLeftSecond=22153
2025-06-27 17:50:46 [ERROR] [MsgQueue]	EnQueue constructor queue_size[5000]
2025-06-27 17:50:46 [ERROR] [AssignTableHandler]	ReadConf:m_iForbidSameTableNum[0],m_iRecordLogCDTm[30],maxMark9[1]
2025-06-27 17:50:46 [ERROR] [AssignTableHandler]	ReadConf:Rate[45]--[55],method[0],sit[1],forbid[8&5[1],8&6[0],7&5[0]],sameTm[-1]
2025-06-27 17:50:46 [ERROR] [AssignTableHandler]	ReadConf:m_iWaitAIOnline[-1,-1],waitSec[-1,-1,-1],putAiRate[0,0,0]
2025-06-27 17:50:46 [ERROR] [AssignTableHandler]	ReadConf:RoomSec[3,5]m_iForbidMacthRoom[0],m_iIfForbidPreMixRoom[1]
2025-06-27 17:50:46 [ERROR] [ATH]	m_vcFreeVirtulAI size[1000]
2025-06-27 17:50:46 [ERROR] [DB]	CommonThread:m_szThreadName[assignTrd,]m_iDayLeftSecond=22153
2025-06-27 17:50:46 [ERROR] [MsgQueue]	EnQueue constructor queue_size[5000]
2025-06-27 17:50:46 [ERROR] [MsgQueue]	EnQueue constructor queue_size[1000]
2025-06-27 17:50:46 [DEBUG] [SEST]	CallbackAddSocketNode[0]
2025-06-27 17:50:46 [ERROR] [SEST]	room.conf --Server[127.0.0.1:58001] connect ok
2025-06-27 17:50:46 [ERROR] [BK_NEW_CENTER_SERVER]	v1.01 server run ok---serverport[18001]
2025-06-27 17:50:49 [ERROR] [SLT]	HandleGameRoomInfoReqMsg Game[11][红中血流中心混服],baseServerNum[2],roomNum[4],innerIp[0:0]
2025-06-27 17:50:49 [DEBUG] [RAS]	[AssignHandler]:HandleGameRoomInfoReqMsg room[4],m_iCenterServerState[1]
2025-06-27 17:50:49 [ERROR] [RAS]	[AssignHandler]:HandleGameRoomInfoReqMsg room[4],stateChanged[-1-->1]
2025-06-27 17:50:49 [DEBUG] [RAS]	[AssignHandler]:HandleGameRoomInfoReqMsg i[0],room[4],state[1],iIPLimit[0]
2025-06-27 17:50:49 [DEBUG] [RAS]	[ClientHandler]:HandleGameRoomInfoReqMsg room[4],m_iCenterServerState[1]
2025-06-27 17:50:49 [ERROR] [RAS]	[ClientHandler]:HandleGameRoomInfoReqMsg room[4],stateChanged[-1-->1]
2025-06-27 17:50:49 [DEBUG] [RAS]	[AssignHandler]:HandleGameRoomInfoReqMsg i[1],room[5],state[1],iIPLimit[0]
2025-06-27 17:50:49 [DEBUG] [RAS]	[ClientHandler]:HandleGameRoomInfoReqMsg i[0],room[4],state[1],iIPLimit[0]
2025-06-27 17:50:49 [DEBUG] [RAS]	[AssignHandler]:HandleGameRoomInfoReqMsg i[2],room[6],state[1],iIPLimit[0]
2025-06-27 17:50:49 [DEBUG] [RAS]	[ClientHandler]:HandleGameRoomInfoReqMsg i[1],room[5],state[1],iIPLimit[0]
2025-06-27 17:50:49 [DEBUG] [RAS]	[AssignHandler]:HandleGameRoomInfoReqMsg i[3],room[7],state[1],iIPLimit[0]
2025-06-27 17:50:49 [DEBUG] [RAS]	[ClientHandler]:HandleGameRoomInfoReqMsg i[2],room[6],state[1],iIPLimit[0]
2025-06-27 17:50:49 [DEBUG] [RAS]	[ClientHandler]:HandleGameRoomInfoReqMsg i[3],room[7],state[1],iIPLimit[0]
2025-06-27 17:51:02 [ERROR] [SLT]	HandleGameRoomInfoReqMsg[0],iServerType[3],ip[192.168.1.90],port[38001]
2025-06-27 17:51:02 [ERROR] [MsgQueue]	EnQueue constructor queue_size[5000]
2025-06-27 17:51:02 [DEBUG] [SEST]	CallbackAddSocketNode[0]
2025-06-27 17:51:02 [ERROR] [SEST]	--Server[192.168.1.90:38001] connect ok
2025-06-27 17:51:53 [DEBUG] [center version]	v2.02-----20220609
2025-06-27 17:51:53 [ERROR] [MsgQueue]	EnQueue constructor queue_size[6000]
2025-06-27 17:51:53 [ERROR] [MsgQueue]	EnQueue constructor queue_size[5000]
2025-06-27 17:51:53 [ERROR] [DB]	CommonThread:m_szThreadName[clientTrd,]m_iDayLeftSecond=22086
2025-06-27 17:51:53 [ERROR] [MsgQueue]	EnQueue constructor queue_size[5000]
2025-06-27 17:51:53 [ERROR] [AssignTableHandler]	ReadConf:m_iForbidSameTableNum[0],m_iRecordLogCDTm[30],maxMark9[1]
2025-06-27 17:51:53 [ERROR] [AssignTableHandler]	ReadConf:Rate[45]--[55],method[0],sit[1],forbid[8&5[1],8&6[0],7&5[0]],sameTm[-1]
2025-06-27 17:51:53 [ERROR] [AssignTableHandler]	ReadConf:m_iWaitAIOnline[-1,-1],waitSec[-1,-1,-1],putAiRate[0,0,0]
2025-06-27 17:51:53 [ERROR] [AssignTableHandler]	ReadConf:RoomSec[3,5]m_iForbidMacthRoom[0],m_iIfForbidPreMixRoom[1]
2025-06-27 17:51:53 [ERROR] [ATH]	m_vcFreeVirtulAI size[1000]
2025-06-27 17:51:53 [ERROR] [DB]	CommonThread:m_szThreadName[assignTrd,]m_iDayLeftSecond=22086
2025-06-27 17:51:53 [ERROR] [MsgQueue]	EnQueue constructor queue_size[5000]
2025-06-27 17:51:53 [ERROR] [MsgQueue]	EnQueue constructor queue_size[1000]
2025-06-27 17:51:53 [DEBUG] [SEST]	CallbackAddSocketNode[0]
2025-06-27 17:51:53 [ERROR] [SEST]	room.conf --Server[127.0.0.1:58001] connect ok
2025-06-27 17:51:53 [ERROR] [BK_NEW_CENTER_SERVER]	v1.01 server run ok---serverport[18001]
2025-06-27 17:51:56 [DEBUG] [RAS]	[ClientHandler]:HandleGameRoomInfoReqMsg room[4],m_iCenterServerState[1]
2025-06-27 17:51:56 [DEBUG] [RAS]	[AssignHandler]:HandleGameRoomInfoReqMsg room[4],m_iCenterServerState[1]
2025-06-27 17:51:56 [ERROR] [RAS]	[ClientHandler]:HandleGameRoomInfoReqMsg room[4],stateChanged[-1-->1]
2025-06-27 17:51:56 [ERROR] [RAS]	[AssignHandler]:HandleGameRoomInfoReqMsg room[4],stateChanged[-1-->1]
2025-06-27 17:51:56 [DEBUG] [RAS]	[ClientHandler]:HandleGameRoomInfoReqMsg i[0],room[4],state[1],iIPLimit[0]
2025-06-27 17:51:56 [DEBUG] [RAS]	[AssignHandler]:HandleGameRoomInfoReqMsg i[0],room[4],state[1],iIPLimit[0]
2025-06-27 17:51:56 [DEBUG] [RAS]	[ClientHandler]:HandleGameRoomInfoReqMsg i[1],room[5],state[1],iIPLimit[0]
2025-06-27 17:51:56 [DEBUG] [RAS]	[AssignHandler]:HandleGameRoomInfoReqMsg i[1],room[5],state[1],iIPLimit[0]
2025-06-27 17:51:56 [DEBUG] [RAS]	[ClientHandler]:HandleGameRoomInfoReqMsg i[2],room[6],state[1],iIPLimit[0]
2025-06-27 17:51:56 [DEBUG] [RAS]	[AssignHandler]:HandleGameRoomInfoReqMsg i[2],room[6],state[1],iIPLimit[0]
2025-06-27 17:51:56 [DEBUG] [RAS]	[AssignHandler]:HandleGameRoomInfoReqMsg i[3],room[7],state[1],iIPLimit[0]
2025-06-27 17:51:56 [DEBUG] [RAS]	[ClientHandler]:HandleGameRoomInfoReqMsg i[3],room[7],state[1],iIPLimit[0]
2025-06-27 17:51:56 [ERROR] [SLT]	HandleGameRoomInfoReqMsg Game[11][红中血流中心混服],baseServerNum[2],roomNum[4],innerIp[0:0]
2025-06-27 17:52:04 [ERROR] [SLT]	HandleGameRoomInfoReqMsg[0],iServerType[3],ip[192.168.1.90],port[38001]
2025-06-27 17:52:04 [ERROR] [MsgQueue]	EnQueue constructor queue_size[5000]
2025-06-27 17:52:04 [DEBUG] [SEST]	CallbackAddSocketNode[0]
2025-06-27 17:52:04 [ERROR] [SEST]	--Server[192.168.1.90:38001] connect ok
2025-06-27 17:53:46 [DEBUG] [center version]	v2.02-----20220609
2025-06-27 17:53:46 [ERROR] [MsgQueue]	EnQueue constructor queue_size[6000]
2025-06-27 17:53:46 [ERROR] [MsgQueue]	EnQueue constructor queue_size[5000]
2025-06-27 17:53:46 [ERROR] [DB]	CommonThread:m_szThreadName[clientTrd,]m_iDayLeftSecond=21973
2025-06-27 17:53:46 [ERROR] [MsgQueue]	EnQueue constructor queue_size[5000]
2025-06-27 17:53:46 [ERROR] [AssignTableHandler]	ReadConf:m_iForbidSameTableNum[0],m_iRecordLogCDTm[30],maxMark9[1]
2025-06-27 17:53:46 [ERROR] [AssignTableHandler]	ReadConf:Rate[45]--[55],method[0],sit[1],forbid[8&5[1],8&6[0],7&5[0]],sameTm[-1]
2025-06-27 17:53:46 [ERROR] [AssignTableHandler]	ReadConf:m_iWaitAIOnline[-1,-1],waitSec[-1,-1,-1],putAiRate[0,0,0]
2025-06-27 17:53:46 [ERROR] [AssignTableHandler]	ReadConf:RoomSec[3,5]m_iForbidMacthRoom[0],m_iIfForbidPreMixRoom[1]
2025-06-27 17:53:46 [ERROR] [ATH]	m_vcFreeVirtulAI size[1000]
2025-06-27 17:53:46 [ERROR] [DB]	CommonThread:m_szThreadName[assignTrd,]m_iDayLeftSecond=21973
2025-06-27 17:53:46 [ERROR] [MsgQueue]	EnQueue constructor queue_size[5000]
2025-06-27 17:53:46 [ERROR] [MsgQueue]	EnQueue constructor queue_size[1000]
2025-06-27 17:53:46 [DEBUG] [SEST]	CallbackAddSocketNode[0]
2025-06-27 17:53:46 [ERROR] [SEST]	room.conf --Server[127.0.0.1:58001] connect ok
2025-06-27 17:53:46 [ERROR] [BK_NEW_CENTER_SERVER]	v1.01 server run ok---serverport[18001]
2025-06-27 17:53:50 [DEBUG] [RAS]	[ClientHandler]:HandleGameRoomInfoReqMsg room[4],m_iCenterServerState[1]
2025-06-27 17:53:50 [ERROR] [RAS]	[ClientHandler]:HandleGameRoomInfoReqMsg room[4],stateChanged[-1-->1]
2025-06-27 17:53:50 [DEBUG] [RAS]	[ClientHandler]:HandleGameRoomInfoReqMsg i[0],room[4],state[1],iIPLimit[0]
2025-06-27 17:53:50 [DEBUG] [RAS]	[ClientHandler]:HandleGameRoomInfoReqMsg i[1],room[5],state[1],iIPLimit[0]
2025-06-27 17:53:50 [DEBUG] [RAS]	[ClientHandler]:HandleGameRoomInfoReqMsg i[2],room[6],state[1],iIPLimit[0]
2025-06-27 17:53:50 [DEBUG] [RAS]	[ClientHandler]:HandleGameRoomInfoReqMsg i[3],room[7],state[1],iIPLimit[0]
2025-06-27 17:53:50 [DEBUG] [RAS]	[AssignHandler]:HandleGameRoomInfoReqMsg room[4],m_iCenterServerState[1]
2025-06-27 17:53:50 [ERROR] [RAS]	[AssignHandler]:HandleGameRoomInfoReqMsg room[4],stateChanged[-1-->1]
2025-06-27 17:53:50 [DEBUG] [RAS]	[AssignHandler]:HandleGameRoomInfoReqMsg i[0],room[4],state[1],iIPLimit[0]
2025-06-27 17:53:50 [DEBUG] [RAS]	[AssignHandler]:HandleGameRoomInfoReqMsg i[1],room[5],state[1],iIPLimit[0]
2025-06-27 17:53:50 [DEBUG] [RAS]	[AssignHandler]:HandleGameRoomInfoReqMsg i[2],room[6],state[1],iIPLimit[0]
2025-06-27 17:53:50 [DEBUG] [RAS]	[AssignHandler]:HandleGameRoomInfoReqMsg i[3],room[7],state[1],iIPLimit[0]
2025-06-27 17:53:50 [ERROR] [SLT]	HandleGameRoomInfoReqMsg Game[11][红中血流中心混服],baseServerNum[2],roomNum[4],innerIp[0:0]
2025-06-27 17:53:57 [ERROR] [SLT]	HandleGameRoomInfoReqMsg[0],iServerType[3],ip[192.168.1.90],port[38001]
2025-06-27 17:53:57 [ERROR] [MsgQueue]	EnQueue constructor queue_size[5000]
2025-06-27 17:53:57 [DEBUG] [SEST]	CallbackAddSocketNode[0]
2025-06-27 17:53:57 [ERROR] [SEST]	--Server[192.168.1.90:38001] connect ok
2025-06-27 17:53:59 [ERROR] [SLT]	HandleGameRoomInfoReqMsg[1],iServerType[5],ip[192.168.1.90],port[58001]
2025-06-27 17:53:59 [ERROR] [SLT]	HandleLogLevelSyncMsg iLogLevel[1],msg[1],local[-1]
2025-06-27 17:53:59 [ERROR] [SEST]	room.conf --Server[192.168.1.90:58001] SetNewIPAndPort
2025-06-27 17:53:59 [ERROR] [SEST]	room.conf --Server2[192.168.1.90:58001] SetNewIPAndPort
2025-06-27 17:53:59 [DEBUG] [SEST]	CallbackAddSocketNode[1]
2025-06-27 17:53:59 [ERROR] [SEST]	room.conf thread[1],convert conncet OK--Server[192.168.1.90:58001]
2025-06-27 17:53:59 [ERROR] [SEST]	[room.conf],threadType[1],disconnet----Server[192.168.1.90:58001] iSocketIndex[0][1]
2025-06-27 17:53:59 [DEBUG] [RAS]	[AssignHandler]:HandleGameRoomInfoReqMsg room[4],m_iCenterServerState[1]
2025-06-27 17:53:59 [DEBUG] [RAS]	[AssignHandler]:HandleGameRoomInfoReqMsg i[0],room[4],state[1],iIPLimit[0]
2025-06-27 17:53:59 [DEBUG] [RAS]	[AssignHandler]:HandleGameRoomInfoReqMsg i[1],room[5],state[1],iIPLimit[0]
2025-06-27 17:53:59 [DEBUG] [RAS]	[AssignHandler]:HandleGameRoomInfoReqMsg i[2],room[6],state[1],iIPLimit[0]
2025-06-27 17:53:59 [DEBUG] [RAS]	[AssignHandler]:HandleGameRoomInfoReqMsg i[3],room[7],state[1],iIPLimit[0]
2025-06-27 17:53:59 [ERROR] [SLT]	HandleGameRoomInfoReqMsg Game[11][红中血流中心混服],baseServerNum[2],roomNum[4],innerIp[0:0]
2025-06-27 17:53:59 [DEBUG] [RAS]	[ClientHandler]:HandleGameRoomInfoReqMsg room[4],m_iCenterServerState[1]
2025-06-27 17:53:59 [DEBUG] [RAS]	[ClientHandler]:HandleGameRoomInfoReqMsg i[0],room[4],state[1],iIPLimit[0]
2025-06-27 17:53:59 [DEBUG] [RAS]	[ClientHandler]:HandleGameRoomInfoReqMsg i[1],room[5],state[1],iIPLimit[0]
2025-06-27 17:53:59 [DEBUG] [RAS]	[ClientHandler]:HandleGameRoomInfoReqMsg i[2],room[6],state[1],iIPLimit[0]
2025-06-27 17:53:59 [DEBUG] [RAS]	[ClientHandler]:HandleGameRoomInfoReqMsg i[3],room[7],state[1],iIPLimit[0]
2025-06-27 17:54:05 [ERROR] [SLT]	HandleGameRoomInfoReqMsg[0],iServerType[3],ip[192.168.1.90],port[38001]
2025-06-27 17:54:06 [ERROR] [SLT]	HandleGameRoomInfoReqMsg[1],iServerType[5],ip[192.168.1.90],port[58001]
2025-06-27 17:54:20 [DEBUG] [center version]	v2.02-----20220609
2025-06-27 17:54:20 [ERROR] [MsgQueue]	EnQueue constructor queue_size[6000]
2025-06-27 17:54:35 [DEBUG] [center version]	v2.02-----20220609
2025-06-27 17:54:35 [ERROR] [MsgQueue]	EnQueue constructor queue_size[6000]
2025-06-27 17:54:35 [ERROR] [MsgQueue]	EnQueue constructor queue_size[5000]
2025-06-27 17:54:35 [ERROR] [DB]	CommonThread:m_szThreadName[clientTrd,]m_iDayLeftSecond=21924
2025-06-27 17:54:35 [ERROR] [MsgQueue]	EnQueue constructor queue_size[5000]
2025-06-27 17:54:35 [ERROR] [AssignTableHandler]	ReadConf:m_iForbidSameTableNum[0],m_iRecordLogCDTm[30],maxMark9[1]
2025-06-27 17:54:35 [ERROR] [AssignTableHandler]	ReadConf:Rate[45]--[55],method[0],sit[1],forbid[8&5[1],8&6[0],7&5[0]],sameTm[-1]
2025-06-27 17:54:35 [ERROR] [AssignTableHandler]	ReadConf:m_iWaitAIOnline[-1,-1],waitSec[-1,-1,-1],putAiRate[0,0,0]
2025-06-27 17:54:35 [ERROR] [AssignTableHandler]	ReadConf:RoomSec[3,5]m_iForbidMacthRoom[0],m_iIfForbidPreMixRoom[1]
2025-06-27 17:54:35 [ERROR] [ATH]	m_vcFreeVirtulAI size[1000]
2025-06-27 17:54:35 [ERROR] [DB]	CommonThread:m_szThreadName[assignTrd,]m_iDayLeftSecond=21924
2025-06-27 17:54:35 [ERROR] [MsgQueue]	EnQueue constructor queue_size[5000]
2025-06-27 17:54:35 [ERROR] [MsgQueue]	EnQueue constructor queue_size[1000]
2025-06-27 17:54:35 [DEBUG] [SEST]	CallbackAddSocketNode[0]
2025-06-27 17:54:35 [ERROR] [SEST]	room.conf --Server[127.0.0.1:58001] connect ok
2025-06-27 17:54:35 [ERROR] [BK_NEW_CENTER_SERVER]	v1.01 server run ok---serverport[18001]
2025-06-27 17:54:39 [DEBUG] [RAS]	[ClientHandler]:HandleGameRoomInfoReqMsg room[4],m_iCenterServerState[1]
2025-06-27 17:54:39 [ERROR] [RAS]	[ClientHandler]:HandleGameRoomInfoReqMsg room[4],stateChanged[-1-->1]
2025-06-27 17:54:39 [DEBUG] [RAS]	[ClientHandler]:HandleGameRoomInfoReqMsg i[0],room[4],state[1],iIPLimit[0]
2025-06-27 17:54:39 [DEBUG] [RAS]	[ClientHandler]:HandleGameRoomInfoReqMsg i[1],room[5],state[1],iIPLimit[0]
2025-06-27 17:54:39 [DEBUG] [RAS]	[ClientHandler]:HandleGameRoomInfoReqMsg i[2],room[6],state[1],iIPLimit[0]
2025-06-27 17:54:39 [DEBUG] [RAS]	[ClientHandler]:HandleGameRoomInfoReqMsg i[3],room[7],state[1],iIPLimit[0]
2025-06-27 17:54:39 [DEBUG] [RAS]	[AssignHandler]:HandleGameRoomInfoReqMsg room[4],m_iCenterServerState[1]
2025-06-27 17:54:39 [ERROR] [RAS]	[AssignHandler]:HandleGameRoomInfoReqMsg room[4],stateChanged[-1-->1]
2025-06-27 17:54:39 [DEBUG] [RAS]	[AssignHandler]:HandleGameRoomInfoReqMsg i[0],room[4],state[1],iIPLimit[0]
2025-06-27 17:54:39 [DEBUG] [RAS]	[AssignHandler]:HandleGameRoomInfoReqMsg i[1],room[5],state[1],iIPLimit[0]
2025-06-27 17:54:39 [DEBUG] [RAS]	[AssignHandler]:HandleGameRoomInfoReqMsg i[2],room[6],state[1],iIPLimit[0]
2025-06-27 17:54:39 [DEBUG] [RAS]	[AssignHandler]:HandleGameRoomInfoReqMsg i[3],room[7],state[1],iIPLimit[0]
2025-06-27 17:54:39 [ERROR] [SLT]	HandleGameRoomInfoReqMsg Game[11][红中血流中心混服],baseServerNum[2],roomNum[4],innerIp[0:0]
2025-06-27 17:55:01 [ERROR] [SLT]	HandleGameRoomInfoReqMsg[0],iServerType[3],ip[192.168.1.90],port[38001]
2025-06-27 17:55:01 [ERROR] [MsgQueue]	EnQueue constructor queue_size[5000]
2025-06-27 17:55:01 [DEBUG] [SEST]	CallbackAddSocketNode[0]
2025-06-27 17:55:01 [ERROR] [SEST]	--Server[192.168.1.90:38001] connect ok
2025-06-27 17:55:05 [ERROR] [SLT]	HandleGameRoomInfoReqMsg[1],iServerType[5],ip[192.168.1.90],port[58001]
2025-06-27 17:55:05 [ERROR] [SLT]	HandleLogLevelSyncMsg iLogLevel[1],msg[1],local[-1]
2025-06-27 17:55:05 [ERROR] [SEST]	room.conf --Server[192.168.1.90:58001] SetNewIPAndPort
2025-06-27 17:55:05 [ERROR] [SEST]	room.conf --Server2[192.168.1.90:58001] SetNewIPAndPort
2025-06-27 17:55:05 [DEBUG] [SEST]	CallbackAddSocketNode[1]
2025-06-27 17:55:05 [ERROR] [SEST]	room.conf thread[1],convert conncet OK--Server[192.168.1.90:58001]
2025-06-27 17:55:05 [ERROR] [SEST]	[room.conf],threadType[1],disconnet----Server[192.168.1.90:58001] iSocketIndex[0][1]
2025-06-27 17:55:05 [DEBUG] [RAS]	[ClientHandler]:HandleGameRoomInfoReqMsg room[4],m_iCenterServerState[1]
2025-06-27 17:55:05 [DEBUG] [RAS]	[AssignHandler]:HandleGameRoomInfoReqMsg room[4],m_iCenterServerState[1]
2025-06-27 17:55:05 [DEBUG] [RAS]	[ClientHandler]:HandleGameRoomInfoReqMsg i[0],room[4],state[1],iIPLimit[0]
2025-06-27 17:55:05 [DEBUG] [RAS]	[ClientHandler]:HandleGameRoomInfoReqMsg i[1],room[5],state[1],iIPLimit[0]
2025-06-27 17:55:05 [DEBUG] [RAS]	[ClientHandler]:HandleGameRoomInfoReqMsg i[2],room[6],state[1],iIPLimit[0]
2025-06-27 17:55:05 [DEBUG] [RAS]	[ClientHandler]:HandleGameRoomInfoReqMsg i[3],room[7],state[1],iIPLimit[0]
2025-06-27 17:55:05 [DEBUG] [RAS]	[AssignHandler]:HandleGameRoomInfoReqMsg i[0],room[4],state[1],iIPLimit[0]
2025-06-27 17:55:05 [DEBUG] [RAS]	[AssignHandler]:HandleGameRoomInfoReqMsg i[1],room[5],state[1],iIPLimit[0]
2025-06-27 17:55:05 [DEBUG] [RAS]	[AssignHandler]:HandleGameRoomInfoReqMsg i[2],room[6],state[1],iIPLimit[0]
2025-06-27 17:55:05 [DEBUG] [RAS]	[AssignHandler]:HandleGameRoomInfoReqMsg i[3],room[7],state[1],iIPLimit[0]
2025-06-27 17:55:05 [ERROR] [SLT]	HandleGameRoomInfoReqMsg Game[11][红中血流中心混服],baseServerNum[2],roomNum[4],innerIp[0:0]
2025-06-27 17:55:27 [DEBUG] [center version]	v2.02-----20220609
2025-06-27 17:55:27 [ERROR] [MsgQueue]	EnQueue constructor queue_size[6000]
2025-06-27 17:55:27 [ERROR] [MsgQueue]	EnQueue constructor queue_size[5000]
2025-06-27 17:55:27 [ERROR] [DB]	CommonThread:m_szThreadName[clientTrd,]m_iDayLeftSecond=21872
2025-06-27 17:55:27 [ERROR] [MsgQueue]	EnQueue constructor queue_size[5000]
2025-06-27 17:55:27 [ERROR] [AssignTableHandler]	ReadConf:m_iForbidSameTableNum[0],m_iRecordLogCDTm[30],maxMark9[1]
2025-06-27 17:55:27 [ERROR] [AssignTableHandler]	ReadConf:Rate[45]--[55],method[0],sit[1],forbid[8&5[1],8&6[0],7&5[0]],sameTm[-1]
2025-06-27 17:55:27 [ERROR] [AssignTableHandler]	ReadConf:m_iWaitAIOnline[-1,-1],waitSec[-1,-1,-1],putAiRate[0,0,0]
2025-06-27 17:55:27 [ERROR] [AssignTableHandler]	ReadConf:RoomSec[3,5]m_iForbidMacthRoom[0],m_iIfForbidPreMixRoom[1]
2025-06-27 17:55:27 [ERROR] [ATH]	m_vcFreeVirtulAI size[1000]
2025-06-27 17:55:27 [ERROR] [DB]	CommonThread:m_szThreadName[assignTrd,]m_iDayLeftSecond=21872
2025-06-27 17:55:27 [ERROR] [MsgQueue]	EnQueue constructor queue_size[5000]
2025-06-27 17:55:27 [ERROR] [MsgQueue]	EnQueue constructor queue_size[1000]
2025-06-27 17:55:27 [DEBUG] [SEST]	CallbackAddSocketNode[0]
2025-06-27 17:55:27 [ERROR] [SEST]	room.conf --Server[127.0.0.1:58001] connect ok
2025-06-27 17:55:27 [ERROR] [BK_NEW_CENTER_SERVER]	v1.01 server run ok---serverport[18001]
2025-06-27 17:55:40 [DEBUG] [RAS]	[AssignHandler]:HandleGameRoomInfoReqMsg room[4],m_iCenterServerState[1]
2025-06-27 17:55:40 [DEBUG] [RAS]	[ClientHandler]:HandleGameRoomInfoReqMsg room[4],m_iCenterServerState[1]
2025-06-27 17:55:40 [ERROR] [RAS]	[ClientHandler]:HandleGameRoomInfoReqMsg room[4],stateChanged[-1-->1]
2025-06-27 17:55:40 [ERROR] [RAS]	[AssignHandler]:HandleGameRoomInfoReqMsg room[4],stateChanged[-1-->1]
2025-06-27 17:55:40 [ERROR] [SLT]	HandleGameRoomInfoReqMsg Game[11][红中血流中心混服],baseServerNum[2],roomNum[4],innerIp[0:0]
2025-06-27 17:55:40 [DEBUG] [RAS]	[ClientHandler]:HandleGameRoomInfoReqMsg i[0],room[4],state[1],iIPLimit[0]
2025-06-27 17:55:40 [DEBUG] [RAS]	[AssignHandler]:HandleGameRoomInfoReqMsg i[0],room[4],state[1],iIPLimit[0]
2025-06-27 17:55:40 [DEBUG] [RAS]	[AssignHandler]:HandleGameRoomInfoReqMsg i[1],room[5],state[1],iIPLimit[0]
2025-06-27 17:55:40 [DEBUG] [RAS]	[AssignHandler]:HandleGameRoomInfoReqMsg i[2],room[6],state[1],iIPLimit[0]
2025-06-27 17:55:40 [DEBUG] [RAS]	[AssignHandler]:HandleGameRoomInfoReqMsg i[3],room[7],state[1],iIPLimit[0]
2025-06-27 17:55:40 [DEBUG] [RAS]	[ClientHandler]:HandleGameRoomInfoReqMsg i[1],room[5],state[1],iIPLimit[0]
2025-06-27 17:55:40 [DEBUG] [RAS]	[ClientHandler]:HandleGameRoomInfoReqMsg i[2],room[6],state[1],iIPLimit[0]
2025-06-27 17:55:40 [DEBUG] [RAS]	[ClientHandler]:HandleGameRoomInfoReqMsg i[3],room[7],state[1],iIPLimit[0]
2025-06-27 17:55:46 [ERROR] [SLT]	HandleGameRoomInfoReqMsg[0],iServerType[3],ip[192.168.1.90],port[38001]
2025-06-27 17:55:46 [ERROR] [MsgQueue]	EnQueue constructor queue_size[5000]
2025-06-27 17:55:46 [DEBUG] [SEST]	CallbackAddSocketNode[0]
2025-06-27 17:55:46 [ERROR] [SEST]	--Server[192.168.1.90:38001] connect ok
2025-06-27 18:03:48 [DEBUG] [center version]	v2.02-----20220609
2025-06-27 18:03:48 [ERROR] [MsgQueue]	EnQueue constructor queue_size[6000]
2025-06-27 18:03:48 [ERROR] [MsgQueue]	EnQueue constructor queue_size[5000]
2025-06-27 18:03:48 [ERROR] [DB]	CommonThread:m_szThreadName[clientTrd,]m_iDayLeftSecond=21371
2025-06-27 18:03:48 [ERROR] [MsgQueue]	EnQueue constructor queue_size[5000]
2025-06-27 18:03:48 [ERROR] [AssignTableHandler]	ReadConf:m_iForbidSameTableNum[0],m_iRecordLogCDTm[30],maxMark9[1]
2025-06-27 18:03:48 [ERROR] [AssignTableHandler]	ReadConf:Rate[45]--[55],method[0],sit[1],forbid[8&5[1],8&6[0],7&5[0]],sameTm[-1]
2025-06-27 18:03:48 [ERROR] [AssignTableHandler]	ReadConf:m_iWaitAIOnline[-1,-1],waitSec[-1,-1,-1],putAiRate[0,0,0]
2025-06-27 18:03:48 [ERROR] [AssignTableHandler]	ReadConf:RoomSec[3,5]m_iForbidMacthRoom[0],m_iIfForbidPreMixRoom[1]
2025-06-27 18:03:48 [ERROR] [ATH]	m_vcFreeVirtulAI size[1000]
2025-06-27 18:03:48 [ERROR] [DB]	CommonThread:m_szThreadName[assignTrd,]m_iDayLeftSecond=21371
2025-06-27 18:03:48 [ERROR] [MsgQueue]	EnQueue constructor queue_size[5000]
2025-06-27 18:03:48 [ERROR] [MsgQueue]	EnQueue constructor queue_size[1000]
2025-06-27 18:03:48 [DEBUG] [SEST]	CallbackAddSocketNode[0]
2025-06-27 18:03:48 [ERROR] [SEST]	room.conf --Server[127.0.0.1:58001] connect ok
2025-06-27 18:03:48 [ERROR] [BK_NEW_CENTER_SERVER]	v1.01 server run ok---serverport[18001]
2025-06-27 18:03:51 [DEBUG] [RAS]	[ClientHandler]:HandleGameRoomInfoReqMsg room[4],m_iCenterServerState[1]
2025-06-27 18:03:51 [ERROR] [RAS]	[ClientHandler]:HandleGameRoomInfoReqMsg room[4],stateChanged[-1-->1]
2025-06-27 18:03:51 [DEBUG] [RAS]	[ClientHandler]:HandleGameRoomInfoReqMsg i[0],room[4],state[1],iIPLimit[0]
2025-06-27 18:03:51 [DEBUG] [RAS]	[ClientHandler]:HandleGameRoomInfoReqMsg i[1],room[5],state[1],iIPLimit[0]
2025-06-27 18:03:51 [DEBUG] [RAS]	[ClientHandler]:HandleGameRoomInfoReqMsg i[2],room[6],state[1],iIPLimit[0]
2025-06-27 18:03:51 [DEBUG] [RAS]	[ClientHandler]:HandleGameRoomInfoReqMsg i[3],room[7],state[1],iIPLimit[0]
2025-06-27 18:03:51 [DEBUG] [RAS]	[AssignHandler]:HandleGameRoomInfoReqMsg room[4],m_iCenterServerState[1]
2025-06-27 18:03:51 [ERROR] [RAS]	[AssignHandler]:HandleGameRoomInfoReqMsg room[4],stateChanged[-1-->1]
2025-06-27 18:03:51 [DEBUG] [RAS]	[AssignHandler]:HandleGameRoomInfoReqMsg i[0],room[4],state[1],iIPLimit[0]
2025-06-27 18:03:51 [DEBUG] [RAS]	[AssignHandler]:HandleGameRoomInfoReqMsg i[1],room[5],state[1],iIPLimit[0]
2025-06-27 18:03:51 [DEBUG] [RAS]	[AssignHandler]:HandleGameRoomInfoReqMsg i[2],room[6],state[1],iIPLimit[0]
2025-06-27 18:03:51 [DEBUG] [RAS]	[AssignHandler]:HandleGameRoomInfoReqMsg i[3],room[7],state[1],iIPLimit[0]
2025-06-27 18:03:51 [ERROR] [SLT]	HandleGameRoomInfoReqMsg Game[11][红中血流中心混服],baseServerNum[2],roomNum[4],innerIp[0:0]
2025-06-27 18:03:57 [ERROR] [SLT]	HandleGameRoomInfoReqMsg[0],iServerType[3],ip[192.168.1.90],port[38001]
2025-06-27 18:03:57 [ERROR] [MsgQueue]	EnQueue constructor queue_size[5000]
2025-06-27 18:03:57 [DEBUG] [SEST]	CallbackAddSocketNode[0]
2025-06-27 18:03:57 [ERROR] [SEST]	--Server[192.168.1.90:38001] connect ok
2025-06-27 18:04:01 [ERROR] [SLT]	HandleGameRoomInfoReqMsg[1],iServerType[5],ip[192.168.1.90],port[58001]
2025-06-27 18:04:02 [ERROR] [SLT]	HandleLogLevelSyncMsg iLogLevel[1],msg[1],local[-1]
2025-06-27 18:04:02 [ERROR] [SEST]	room.conf --Server[192.168.1.90:58001] SetNewIPAndPort
2025-06-27 18:04:02 [ERROR] [SEST]	room.conf --Server2[192.168.1.90:58001] SetNewIPAndPort
2025-06-27 18:04:02 [DEBUG] [SEST]	CallbackAddSocketNode[1]
2025-06-27 18:04:02 [ERROR] [SEST]	room.conf thread[1],convert conncet OK--Server[192.168.1.90:58001]
2025-06-27 18:04:02 [ERROR] [SEST]	[room.conf],threadType[1],disconnet----Server[192.168.1.90:58001] iSocketIndex[0][1]
2025-06-27 18:04:02 [DEBUG] [RAS]	[AssignHandler]:HandleGameRoomInfoReqMsg room[4],m_iCenterServerState[1]
2025-06-27 18:04:02 [DEBUG] [RAS]	[ClientHandler]:HandleGameRoomInfoReqMsg room[4],m_iCenterServerState[1]
2025-06-27 18:04:02 [DEBUG] [RAS]	[AssignHandler]:HandleGameRoomInfoReqMsg i[0],room[4],state[1],iIPLimit[0]
2025-06-27 18:04:02 [DEBUG] [RAS]	[ClientHandler]:HandleGameRoomInfoReqMsg i[0],room[4],state[1],iIPLimit[0]
2025-06-27 18:04:02 [DEBUG] [RAS]	[AssignHandler]:HandleGameRoomInfoReqMsg i[1],room[5],state[1],iIPLimit[0]
2025-06-27 18:04:02 [DEBUG] [RAS]	[ClientHandler]:HandleGameRoomInfoReqMsg i[1],room[5],state[1],iIPLimit[0]
2025-06-27 18:04:02 [DEBUG] [RAS]	[AssignHandler]:HandleGameRoomInfoReqMsg i[2],room[6],state[1],iIPLimit[0]
2025-06-27 18:04:02 [DEBUG] [RAS]	[ClientHandler]:HandleGameRoomInfoReqMsg i[2],room[6],state[1],iIPLimit[0]
2025-06-27 18:04:02 [DEBUG] [RAS]	[AssignHandler]:HandleGameRoomInfoReqMsg i[3],room[7],state[1],iIPLimit[0]
2025-06-27 18:04:02 [DEBUG] [RAS]	[ClientHandler]:HandleGameRoomInfoReqMsg i[3],room[7],state[1],iIPLimit[0]
2025-06-27 18:04:02 [ERROR] [SLT]	HandleGameRoomInfoReqMsg Game[11][红中血流中心混服],baseServerNum[2],roomNum[4],innerIp[0:0]
2025-06-27 18:04:09 [ERROR] [SLT]	HandleGameRoomInfoReqMsg[0],iServerType[3],ip[192.168.1.90],port[38001]
2025-06-27 18:04:24 [DEBUG] [center version]	v2.02-----20220609
2025-06-27 18:04:24 [ERROR] [MsgQueue]	EnQueue constructor queue_size[6000]
2025-06-27 18:04:24 [ERROR] [MsgQueue]	EnQueue constructor queue_size[5000]
2025-06-27 18:04:24 [ERROR] [DB]	CommonThread:m_szThreadName[clientTrd,]m_iDayLeftSecond=21335
2025-06-27 18:04:24 [ERROR] [MsgQueue]	EnQueue constructor queue_size[5000]
2025-06-27 18:04:24 [ERROR] [AssignTableHandler]	ReadConf:m_iForbidSameTableNum[0],m_iRecordLogCDTm[30],maxMark9[1]
2025-06-27 18:04:24 [ERROR] [AssignTableHandler]	ReadConf:Rate[45]--[55],method[0],sit[1],forbid[8&5[1],8&6[0],7&5[0]],sameTm[-1]
2025-06-27 18:04:24 [ERROR] [AssignTableHandler]	ReadConf:m_iWaitAIOnline[-1,-1],waitSec[-1,-1,-1],putAiRate[0,0,0]
2025-06-27 18:04:24 [ERROR] [AssignTableHandler]	ReadConf:RoomSec[3,5]m_iForbidMacthRoom[0],m_iIfForbidPreMixRoom[1]
2025-06-27 18:04:24 [ERROR] [ATH]	m_vcFreeVirtulAI size[1000]
2025-06-27 18:04:24 [ERROR] [DB]	CommonThread:m_szThreadName[assignTrd,]m_iDayLeftSecond=21335
2025-06-27 18:04:24 [ERROR] [MsgQueue]	EnQueue constructor queue_size[5000]
2025-06-27 18:04:24 [ERROR] [MsgQueue]	EnQueue constructor queue_size[1000]
2025-06-27 18:04:24 [DEBUG] [SEST]	CallbackAddSocketNode[0]
2025-06-27 18:04:24 [ERROR] [SEST]	room.conf --Server[127.0.0.1:58001] connect ok
2025-06-27 18:04:24 [ERROR] [BK_NEW_CENTER_SERVER]	v1.01 server run ok---serverport[18001]
2025-06-27 18:04:27 [ERROR] [SLT]	HandleGameRoomInfoReqMsg Game[11][红中血流中心混服],baseServerNum[2],roomNum[4],innerIp[0:0]
2025-06-27 18:04:27 [DEBUG] [RAS]	[AssignHandler]:HandleGameRoomInfoReqMsg room[4],m_iCenterServerState[1]
2025-06-27 18:04:27 [ERROR] [RAS]	[AssignHandler]:HandleGameRoomInfoReqMsg room[4],stateChanged[-1-->1]
2025-06-27 18:04:27 [DEBUG] [RAS]	[AssignHandler]:HandleGameRoomInfoReqMsg i[0],room[4],state[1],iIPLimit[0]
2025-06-27 18:04:27 [DEBUG] [RAS]	[AssignHandler]:HandleGameRoomInfoReqMsg i[1],room[5],state[1],iIPLimit[0]
2025-06-27 18:04:27 [DEBUG] [RAS]	[AssignHandler]:HandleGameRoomInfoReqMsg i[2],room[6],state[1],iIPLimit[0]
2025-06-27 18:04:27 [DEBUG] [RAS]	[AssignHandler]:HandleGameRoomInfoReqMsg i[3],room[7],state[1],iIPLimit[0]
2025-06-27 18:04:27 [DEBUG] [RAS]	[ClientHandler]:HandleGameRoomInfoReqMsg room[4],m_iCenterServerState[1]
2025-06-27 18:04:27 [ERROR] [RAS]	[ClientHandler]:HandleGameRoomInfoReqMsg room[4],stateChanged[-1-->1]
2025-06-27 18:04:27 [DEBUG] [RAS]	[ClientHandler]:HandleGameRoomInfoReqMsg i[0],room[4],state[1],iIPLimit[0]
2025-06-27 18:04:27 [DEBUG] [RAS]	[ClientHandler]:HandleGameRoomInfoReqMsg i[1],room[5],state[1],iIPLimit[0]
2025-06-27 18:04:27 [DEBUG] [RAS]	[ClientHandler]:HandleGameRoomInfoReqMsg i[2],room[6],state[1],iIPLimit[0]
2025-06-27 18:04:27 [DEBUG] [RAS]	[ClientHandler]:HandleGameRoomInfoReqMsg i[3],room[7],state[1],iIPLimit[0]
2025-06-27 18:04:32 [ERROR] [SLT]	HandleGameRoomInfoReqMsg[0],iServerType[3],ip[192.168.1.90],port[38001]
2025-06-27 18:04:32 [ERROR] [MsgQueue]	EnQueue constructor queue_size[5000]
2025-06-27 18:04:32 [DEBUG] [SEST]	CallbackAddSocketNode[0]
2025-06-27 18:04:32 [ERROR] [SEST]	--Server[192.168.1.90:38001] connect ok
2025-06-27 18:04:34 [ERROR] [SLT]	HandleGameRoomInfoReqMsg[1],iServerType[5],ip[192.168.1.90],port[58001]
2025-06-27 18:04:34 [ERROR] [SLT]	HandleLogLevelSyncMsg iLogLevel[1],msg[1],local[-1]
2025-06-27 18:04:34 [ERROR] [SEST]	room.conf --Server[192.168.1.90:58001] SetNewIPAndPort
2025-06-27 18:04:34 [ERROR] [SEST]	room.conf --Server2[192.168.1.90:58001] SetNewIPAndPort
2025-06-27 18:04:34 [DEBUG] [SEST]	CallbackAddSocketNode[1]
2025-06-27 18:04:34 [ERROR] [SEST]	room.conf thread[1],convert conncet OK--Server[192.168.1.90:58001]
2025-06-27 18:04:34 [ERROR] [SEST]	[room.conf],threadType[1],disconnet----Server[192.168.1.90:58001] iSocketIndex[0][1]
2025-06-27 18:04:34 [ERROR] [SLT]	HandleGameRoomInfoReqMsg Game[11][红中血流中心混服],baseServerNum[2],roomNum[4],innerIp[0:0]
2025-06-27 18:04:34 [DEBUG] [RAS]	[AssignHandler]:HandleGameRoomInfoReqMsg room[4],m_iCenterServerState[1]
2025-06-27 18:04:34 [DEBUG] [RAS]	[AssignHandler]:HandleGameRoomInfoReqMsg i[0],room[4],state[1],iIPLimit[0]
2025-06-27 18:04:34 [DEBUG] [RAS]	[AssignHandler]:HandleGameRoomInfoReqMsg i[1],room[5],state[1],iIPLimit[0]
2025-06-27 18:04:34 [DEBUG] [RAS]	[AssignHandler]:HandleGameRoomInfoReqMsg i[2],room[6],state[1],iIPLimit[0]
2025-06-27 18:04:34 [DEBUG] [RAS]	[AssignHandler]:HandleGameRoomInfoReqMsg i[3],room[7],state[1],iIPLimit[0]
2025-06-27 18:04:34 [DEBUG] [RAS]	[ClientHandler]:HandleGameRoomInfoReqMsg room[4],m_iCenterServerState[1]
2025-06-27 18:04:34 [DEBUG] [RAS]	[ClientHandler]:HandleGameRoomInfoReqMsg i[0],room[4],state[1],iIPLimit[0]
2025-06-27 18:04:34 [DEBUG] [RAS]	[ClientHandler]:HandleGameRoomInfoReqMsg i[1],room[5],state[1],iIPLimit[0]
2025-06-27 18:04:34 [DEBUG] [RAS]	[ClientHandler]:HandleGameRoomInfoReqMsg i[2],room[6],state[1],iIPLimit[0]
2025-06-27 18:04:34 [DEBUG] [RAS]	[ClientHandler]:HandleGameRoomInfoReqMsg i[3],room[7],state[1],iIPLimit[0]
2025-06-27 18:04:45 [ERROR] [SLT]	HandleGameRoomInfoReqMsg[0],iServerType[3],ip[192.168.1.90],port[38001]
2025-06-27 18:05:24 [DEBUG] [center version]	v2.02-----20220609
2025-06-27 18:05:24 [ERROR] [MsgQueue]	EnQueue constructor queue_size[6000]
2025-06-27 18:05:24 [ERROR] [MsgQueue]	EnQueue constructor queue_size[5000]
2025-06-27 18:05:24 [ERROR] [DB]	CommonThread:m_szThreadName[clientTrd,]m_iDayLeftSecond=21275
2025-06-27 18:05:24 [ERROR] [MsgQueue]	EnQueue constructor queue_size[5000]
2025-06-27 18:05:24 [ERROR] [AssignTableHandler]	ReadConf:m_iForbidSameTableNum[0],m_iRecordLogCDTm[30],maxMark9[1]
2025-06-27 18:05:24 [ERROR] [AssignTableHandler]	ReadConf:Rate[45]--[55],method[0],sit[1],forbid[8&5[1],8&6[0],7&5[0]],sameTm[-1]
2025-06-27 18:05:24 [ERROR] [AssignTableHandler]	ReadConf:m_iWaitAIOnline[-1,-1],waitSec[-1,-1,-1],putAiRate[0,0,0]
2025-06-27 18:05:24 [ERROR] [AssignTableHandler]	ReadConf:RoomSec[3,5]m_iForbidMacthRoom[0],m_iIfForbidPreMixRoom[1]
2025-06-27 18:05:24 [ERROR] [ATH]	m_vcFreeVirtulAI size[1000]
2025-06-27 18:05:24 [ERROR] [DB]	CommonThread:m_szThreadName[assignTrd,]m_iDayLeftSecond=21275
2025-06-27 18:05:24 [ERROR] [MsgQueue]	EnQueue constructor queue_size[5000]
2025-06-27 18:05:24 [ERROR] [MsgQueue]	EnQueue constructor queue_size[1000]
2025-06-27 18:05:24 [DEBUG] [SEST]	CallbackAddSocketNode[0]
2025-06-27 18:05:24 [ERROR] [SEST]	room.conf --Server[127.0.0.1:58001] connect ok
2025-06-27 18:05:24 [ERROR] [BK_NEW_CENTER_SERVER]	v1.01 server run ok---serverport[18001]
2025-06-27 18:05:27 [DEBUG] [RAS]	[AssignHandler]:HandleGameRoomInfoReqMsg room[4],m_iCenterServerState[1]
2025-06-27 18:05:27 [DEBUG] [RAS]	[ClientHandler]:HandleGameRoomInfoReqMsg room[4],m_iCenterServerState[1]
2025-06-27 18:05:27 [ERROR] [RAS]	[AssignHandler]:HandleGameRoomInfoReqMsg room[4],stateChanged[-1-->1]
2025-06-27 18:05:27 [DEBUG] [RAS]	[AssignHandler]:HandleGameRoomInfoReqMsg i[0],room[4],state[1],iIPLimit[0]
2025-06-27 18:05:27 [DEBUG] [RAS]	[AssignHandler]:HandleGameRoomInfoReqMsg i[1],room[5],state[1],iIPLimit[0]
2025-06-27 18:05:27 [DEBUG] [RAS]	[AssignHandler]:HandleGameRoomInfoReqMsg i[2],room[6],state[1],iIPLimit[0]
2025-06-27 18:05:27 [DEBUG] [RAS]	[AssignHandler]:HandleGameRoomInfoReqMsg i[3],room[7],state[1],iIPLimit[0]
2025-06-27 18:05:27 [ERROR] [RAS]	[ClientHandler]:HandleGameRoomInfoReqMsg room[4],stateChanged[-1-->1]
2025-06-27 18:05:27 [ERROR] [SLT]	HandleGameRoomInfoReqMsg Game[11][红中血流中心混服],baseServerNum[2],roomNum[4],innerIp[0:0]
2025-06-27 18:05:27 [DEBUG] [RAS]	[ClientHandler]:HandleGameRoomInfoReqMsg i[0],room[4],state[1],iIPLimit[0]
2025-06-27 18:05:27 [DEBUG] [RAS]	[ClientHandler]:HandleGameRoomInfoReqMsg i[1],room[5],state[1],iIPLimit[0]
2025-06-27 18:05:27 [DEBUG] [RAS]	[ClientHandler]:HandleGameRoomInfoReqMsg i[2],room[6],state[1],iIPLimit[0]
2025-06-27 18:05:27 [DEBUG] [RAS]	[ClientHandler]:HandleGameRoomInfoReqMsg i[3],room[7],state[1],iIPLimit[0]
2025-06-27 18:05:32 [ERROR] [SLT]	HandleGameRoomInfoReqMsg[0],iServerType[3],ip[192.168.1.90],port[38001]
2025-06-27 18:05:32 [ERROR] [MsgQueue]	EnQueue constructor queue_size[5000]
2025-06-27 18:05:33 [DEBUG] [SEST]	CallbackAddSocketNode[0]
2025-06-27 18:05:33 [ERROR] [SEST]	--Server[192.168.1.90:38001] connect ok
2025-06-27 18:06:51 [ERROR] [SLT]	HandleGameRoomInfoReqMsg[1],iServerType[5],ip[192.168.1.90],port[58001]
2025-06-27 18:06:51 [ERROR] [SLT]	HandleLogLevelSyncMsg iLogLevel[1],msg[1],local[-1]
2025-06-27 18:06:51 [ERROR] [SEST]	room.conf --Server[192.168.1.90:58001] SetNewIPAndPort
2025-06-27 18:06:51 [ERROR] [SEST]	room.conf --Server2[192.168.1.90:58001] SetNewIPAndPort
2025-06-27 18:06:51 [DEBUG] [SEST]	CallbackAddSocketNode[1]
2025-06-27 18:06:51 [ERROR] [SEST]	room.conf thread[1],convert conncet OK--Server[192.168.1.90:58001]
2025-06-27 18:06:51 [ERROR] [SEST]	[room.conf],threadType[1],disconnet----Server[192.168.1.90:58001] iSocketIndex[0][1]
2025-06-27 18:06:51 [DEBUG] [RAS]	[AssignHandler]:HandleGameRoomInfoReqMsg room[4],m_iCenterServerState[1]
2025-06-27 18:06:51 [DEBUG] [RAS]	[ClientHandler]:HandleGameRoomInfoReqMsg room[4],m_iCenterServerState[1]
2025-06-27 18:06:51 [DEBUG] [RAS]	[ClientHandler]:HandleGameRoomInfoReqMsg i[0],room[4],state[1],iIPLimit[0]
2025-06-27 18:06:51 [DEBUG] [RAS]	[ClientHandler]:HandleGameRoomInfoReqMsg i[1],room[5],state[1],iIPLimit[0]
2025-06-27 18:06:51 [DEBUG] [RAS]	[ClientHandler]:HandleGameRoomInfoReqMsg i[2],room[6],state[1],iIPLimit[0]
2025-06-27 18:06:51 [DEBUG] [RAS]	[AssignHandler]:HandleGameRoomInfoReqMsg i[0],room[4],state[1],iIPLimit[0]
2025-06-27 18:06:51 [DEBUG] [RAS]	[ClientHandler]:HandleGameRoomInfoReqMsg i[3],room[7],state[1],iIPLimit[0]
2025-06-27 18:06:51 [DEBUG] [RAS]	[AssignHandler]:HandleGameRoomInfoReqMsg i[1],room[5],state[1],iIPLimit[0]
2025-06-27 18:06:51 [DEBUG] [RAS]	[AssignHandler]:HandleGameRoomInfoReqMsg i[2],room[6],state[1],iIPLimit[0]
2025-06-27 18:06:51 [DEBUG] [RAS]	[AssignHandler]:HandleGameRoomInfoReqMsg i[3],room[7],state[1],iIPLimit[0]
2025-06-27 18:06:51 [ERROR] [SLT]	HandleGameRoomInfoReqMsg Game[11][红中血流中心混服],baseServerNum[2],roomNum[4],innerIp[0:0]
