2025-06-27 15:59:56 [ERROR] [MsgQueue]	EnQueue constructor queue_size[6000]
2025-06-27 15:59:56 [ERROR] [MsgQueue]	EnQueue constructor queue_size[5000]
2025-06-27 15:59:56 [ERROR] [SLT]	RefreshLogLevelConf iServerId[3001] iLogLevel[20],ifMain[0]
2025-06-27 15:59:56 [ERROR] [MsgQueue]	EnQueue constructor queue_size[5000]
2025-06-27 15:59:56 [ERROR] [DB]	NewRedisThread:m_szThreadName[eventLogTrd,]m_iDayLeftSecond=28803,m_index=2
2025-06-27 15:59:56 [ERROR] [EventLogHandler]	EventLogHandler GetDBEventConf iIfMainRedis[0]
2025-06-27 15:59:56 [ERROR] [DB]	NewRedisThread redisEnableKeepAlive alive thread[eventLogTrd]
2025-06-27 15:59:56 [ERROR] [MsgQueue]	EnQueue constructor queue_size[5000]
2025-06-27 15:59:56 [ERROR] [DB]	NewRedisThread:m_szThreadName[taskTrd,]m_iDayLeftSecond=28803,m_index=1
2025-06-27 15:59:56 [ERROR] [TH]	vecRecordList =[0]
2025-06-27 15:59:56 [ERROR] [TH]	GetActInviteConf params no find
2025-06-27 15:59:56 [ERROR] [DB]	NewRedisThread redisEnableKeepAlive alive thread[taskTrd]
2025-06-27 15:59:56 [ERROR] [MsgQueue]	EnQueue constructor queue_size[5000]
2025-06-27 15:59:56 [ERROR] [DB]	NewRedisThread:m_szThreadName[commonTrd,]m_iDayLeftSecond=28803,m_index=1
2025-06-27 15:59:56 [ERROR] [DB]	NewRedisThread redisEnableKeepAlive alive thread[commonTrd]
2025-06-27 15:59:56 [ERROR] [MsgQueue]	EnQueue constructor queue_size[5000]
2025-06-27 15:59:56 [ERROR] [DB]	NewRedisThread:m_szThreadName[NCenterTrd,]m_iDayLeftSecond=28803,m_index=1
2025-06-27 15:59:56 [ERROR] [DB]	NewRedisThread redisEnableKeepAlive alive thread[NCenterTrd]
2025-06-27 15:59:56 [ERROR] [MsgQueue]	EnQueue constructor queue_size[5000]
2025-06-27 15:59:56 [ERROR] [DB]	NewRedisThread:m_szThreadName[mailTrd,]m_iDayLeftSecond=28803,m_index=1
2025-06-27 15:59:56 [ERROR] [DB]	NewRedisThread redisEnableKeepAlive alive thread[mailTrd]
2025-06-27 15:59:56 [ERROR] [MsgQueue]	EnQueue constructor queue_size[5000]
2025-06-27 15:59:56 [ERROR] [DB]	NewRedisThread:m_szThreadName[rankTrd,]m_iDayLeftSecond=28803,m_index=1
2025-06-27 15:59:56 [ERROR] [BK_REDIS_SERVER]	v1.01 server run ok---serverport[38001]
2025-06-27 15:59:56 [ERROR] [RH]	OnTimerGetRankConfInfo error
2025-06-27 15:59:56 [ERROR] [DB]	NewRedisThread redisEnableKeepAlive alive thread[rankTrd]
2025-06-27 16:00:57 [ERROR] [DB]	NewRedisThread redisEnableKeepAlive alive thread[eventLogTrd]
2025-06-27 16:00:57 [ERROR] [DB]	NewRedisThread redisEnableKeepAlive alive thread[taskTrd]
2025-06-27 16:00:57 [ERROR] [DB]	NewRedisThread redisEnableKeepAlive alive thread[commonTrd]
2025-06-27 16:00:57 [ERROR] [DB]	NewRedisThread redisEnableKeepAlive alive thread[NCenterTrd]
2025-06-27 16:00:57 [ERROR] [DB]	NewRedisThread redisEnableKeepAlive alive thread[mailTrd]
2025-06-27 16:00:57 [ERROR] [DB]	NewRedisThread redisEnableKeepAlive alive thread[rankTrd]
2025-06-27 16:01:58 [ERROR] [DB]	NewRedisThread redisEnableKeepAlive alive thread[eventLogTrd]
2025-06-27 16:01:58 [ERROR] [DB]	NewRedisThread redisEnableKeepAlive alive thread[taskTrd]
2025-06-27 16:01:58 [ERROR] [DB]	NewRedisThread redisEnableKeepAlive alive thread[commonTrd]
2025-06-27 16:01:58 [ERROR] [DB]	NewRedisThread redisEnableKeepAlive alive thread[NCenterTrd]
2025-06-27 16:01:58 [ERROR] [DB]	NewRedisThread redisEnableKeepAlive alive thread[mailTrd]
2025-06-27 16:01:58 [ERROR] [DB]	NewRedisThread redisEnableKeepAlive alive thread[rankTrd]
2025-06-27 16:02:59 [ERROR] [DB]	NewRedisThread redisEnableKeepAlive alive thread[eventLogTrd]
2025-06-27 16:02:59 [ERROR] [DB]	NewRedisThread redisEnableKeepAlive alive thread[taskTrd]
2025-06-27 16:02:59 [ERROR] [DB]	NewRedisThread redisEnableKeepAlive alive thread[commonTrd]
2025-06-27 16:02:59 [ERROR] [DB]	NewRedisThread redisEnableKeepAlive alive thread[NCenterTrd]
2025-06-27 16:02:59 [ERROR] [DB]	NewRedisThread redisEnableKeepAlive alive thread[mailTrd]
2025-06-27 16:02:59 [ERROR] [DB]	NewRedisThread redisEnableKeepAlive alive thread[rankTrd]
2025-06-27 16:04:00 [ERROR] [DB]	NewRedisThread redisEnableKeepAlive alive thread[eventLogTrd]
2025-06-27 16:04:00 [ERROR] [DB]	NewRedisThread redisEnableKeepAlive alive thread[taskTrd]
2025-06-27 16:04:00 [ERROR] [DB]	NewRedisThread redisEnableKeepAlive alive thread[commonTrd]
2025-06-27 16:04:00 [ERROR] [DB]	NewRedisThread redisEnableKeepAlive alive thread[mailTrd]
2025-06-27 16:04:00 [ERROR] [DB]	NewRedisThread redisEnableKeepAlive alive thread[NCenterTrd]
2025-06-27 16:04:00 [ERROR] [DB]	NewRedisThread redisEnableKeepAlive alive thread[rankTrd]
2025-06-27 16:05:01 [ERROR] [DB]	NewRedisThread redisEnableKeepAlive alive thread[eventLogTrd]
2025-06-27 16:05:01 [ERROR] [DB]	NewRedisThread redisEnableKeepAlive alive thread[taskTrd]
2025-06-27 16:05:01 [ERROR] [DB]	NewRedisThread redisEnableKeepAlive alive thread[commonTrd]
2025-06-27 16:05:01 [ERROR] [DB]	NewRedisThread redisEnableKeepAlive alive thread[NCenterTrd]
2025-06-27 16:05:01 [ERROR] [DB]	NewRedisThread redisEnableKeepAlive alive thread[rankTrd]
2025-06-27 16:05:01 [ERROR] [DB]	NewRedisThread redisEnableKeepAlive alive thread[mailTrd]
2025-06-27 16:06:02 [ERROR] [DB]	NewRedisThread redisEnableKeepAlive alive thread[eventLogTrd]
2025-06-27 16:06:02 [ERROR] [DB]	NewRedisThread redisEnableKeepAlive alive thread[taskTrd]
2025-06-27 16:06:02 [ERROR] [DB]	NewRedisThread redisEnableKeepAlive alive thread[commonTrd]
2025-06-27 16:06:02 [ERROR] [DB]	NewRedisThread redisEnableKeepAlive alive thread[NCenterTrd]
2025-06-27 16:06:02 [ERROR] [DB]	NewRedisThread redisEnableKeepAlive alive thread[rankTrd]
2025-06-27 16:06:02 [ERROR] [DB]	NewRedisThread redisEnableKeepAlive alive thread[mailTrd]
2025-06-27 16:07:03 [ERROR] [DB]	NewRedisThread redisEnableKeepAlive alive thread[eventLogTrd]
2025-06-27 16:07:03 [ERROR] [DB]	NewRedisThread redisEnableKeepAlive alive thread[taskTrd]
2025-06-27 16:07:03 [ERROR] [DB]	NewRedisThread redisEnableKeepAlive alive thread[commonTrd]
2025-06-27 16:07:03 [ERROR] [DB]	NewRedisThread redisEnableKeepAlive alive thread[NCenterTrd]
2025-06-27 16:07:03 [ERROR] [DB]	NewRedisThread redisEnableKeepAlive alive thread[rankTrd]
2025-06-27 16:07:03 [ERROR] [DB]	NewRedisThread redisEnableKeepAlive alive thread[mailTrd]
2025-06-27 16:08:04 [ERROR] [DB]	NewRedisThread redisEnableKeepAlive alive thread[eventLogTrd]
2025-06-27 16:08:04 [ERROR] [DB]	NewRedisThread redisEnableKeepAlive alive thread[taskTrd]
2025-06-27 16:08:04 [ERROR] [DB]	NewRedisThread redisEnableKeepAlive alive thread[NCenterTrd]
2025-06-27 16:08:04 [ERROR] [DB]	NewRedisThread redisEnableKeepAlive alive thread[commonTrd]
2025-06-27 16:08:04 [ERROR] [DB]	NewRedisThread redisEnableKeepAlive alive thread[mailTrd]
2025-06-27 16:08:04 [ERROR] [DB]	NewRedisThread redisEnableKeepAlive alive thread[rankTrd]
2025-06-27 16:09:05 [ERROR] [DB]	NewRedisThread redisEnableKeepAlive alive thread[eventLogTrd]
2025-06-27 16:09:05 [ERROR] [DB]	NewRedisThread redisEnableKeepAlive alive thread[taskTrd]
2025-06-27 16:09:05 [ERROR] [DB]	NewRedisThread redisEnableKeepAlive alive thread[NCenterTrd]
2025-06-27 16:09:05 [ERROR] [DB]	NewRedisThread redisEnableKeepAlive alive thread[mailTrd]
2025-06-27 16:09:05 [ERROR] [DB]	NewRedisThread redisEnableKeepAlive alive thread[rankTrd]
2025-06-27 16:09:05 [ERROR] [DB]	NewRedisThread redisEnableKeepAlive alive thread[commonTrd]
2025-06-27 16:09:56 [ERROR] [TH]	GetActInviteConf params no find
2025-06-27 16:09:57 [ERROR] [SLT]	RefreshLogLevelConf iServerId[3001] iLogLevel[20],ifMain[0]
2025-06-27 16:09:57 [ERROR] [RH]	OnTimerGetRankConfInfo error
2025-06-27 16:10:06 [ERROR] [DB]	NewRedisThread redisEnableKeepAlive alive thread[eventLogTrd]
2025-06-27 16:10:06 [ERROR] [DB]	NewRedisThread redisEnableKeepAlive alive thread[taskTrd]
2025-06-27 16:10:06 [ERROR] [DB]	NewRedisThread redisEnableKeepAlive alive thread[mailTrd]
2025-06-27 16:10:06 [ERROR] [DB]	NewRedisThread redisEnableKeepAlive alive thread[NCenterTrd]
2025-06-27 16:10:06 [ERROR] [DB]	NewRedisThread redisEnableKeepAlive alive thread[commonTrd]
2025-06-27 16:10:06 [ERROR] [DB]	NewRedisThread redisEnableKeepAlive alive thread[rankTrd]
2025-06-27 16:11:07 [ERROR] [DB]	NewRedisThread redisEnableKeepAlive alive thread[eventLogTrd]
2025-06-27 16:11:07 [ERROR] [DB]	NewRedisThread redisEnableKeepAlive alive thread[taskTrd]
2025-06-27 16:11:07 [ERROR] [DB]	NewRedisThread redisEnableKeepAlive alive thread[rankTrd]
2025-06-27 16:11:07 [ERROR] [DB]	NewRedisThread redisEnableKeepAlive alive thread[NCenterTrd]
2025-06-27 16:11:07 [ERROR] [DB]	NewRedisThread redisEnableKeepAlive alive thread[mailTrd]
2025-06-27 16:11:07 [ERROR] [DB]	NewRedisThread redisEnableKeepAlive alive thread[commonTrd]
2025-06-27 16:12:08 [ERROR] [DB]	NewRedisThread redisEnableKeepAlive alive thread[eventLogTrd]
2025-06-27 16:12:08 [ERROR] [DB]	NewRedisThread redisEnableKeepAlive alive thread[taskTrd]
2025-06-27 16:12:08 [ERROR] [DB]	NewRedisThread redisEnableKeepAlive alive thread[rankTrd]
2025-06-27 16:12:08 [ERROR] [DB]	NewRedisThread redisEnableKeepAlive alive thread[NCenterTrd]
2025-06-27 16:12:08 [ERROR] [DB]	NewRedisThread redisEnableKeepAlive alive thread[commonTrd]
2025-06-27 16:12:08 [ERROR] [DB]	NewRedisThread redisEnableKeepAlive alive thread[mailTrd]
2025-06-27 16:13:09 [ERROR] [DB]	NewRedisThread redisEnableKeepAlive alive thread[eventLogTrd]
2025-06-27 16:13:09 [ERROR] [DB]	NewRedisThread redisEnableKeepAlive alive thread[taskTrd]
2025-06-27 16:13:09 [ERROR] [DB]	NewRedisThread redisEnableKeepAlive alive thread[rankTrd]
2025-06-27 16:13:09 [ERROR] [DB]	NewRedisThread redisEnableKeepAlive alive thread[NCenterTrd]
2025-06-27 16:13:09 [ERROR] [DB]	NewRedisThread redisEnableKeepAlive alive thread[mailTrd]
2025-06-27 16:13:09 [ERROR] [DB]	NewRedisThread redisEnableKeepAlive alive thread[commonTrd]
2025-06-27 16:14:10 [ERROR] [DB]	NewRedisThread redisEnableKeepAlive alive thread[eventLogTrd]
2025-06-27 16:14:10 [ERROR] [DB]	NewRedisThread redisEnableKeepAlive alive thread[taskTrd]
2025-06-27 16:14:10 [ERROR] [DB]	NewRedisThread redisEnableKeepAlive alive thread[rankTrd]
2025-06-27 16:14:10 [ERROR] [DB]	NewRedisThread redisEnableKeepAlive alive thread[NCenterTrd]
2025-06-27 16:14:10 [ERROR] [DB]	NewRedisThread redisEnableKeepAlive alive thread[commonTrd]
2025-06-27 16:14:10 [ERROR] [DB]	NewRedisThread redisEnableKeepAlive alive thread[mailTrd]
2025-06-27 16:14:55 [ERROR] [TH]	vecRecordList =[0]
2025-06-27 16:15:11 [ERROR] [DB]	NewRedisThread redisEnableKeepAlive alive thread[eventLogTrd]
2025-06-27 16:15:11 [ERROR] [DB]	NewRedisThread redisEnableKeepAlive alive thread[taskTrd]
2025-06-27 16:15:11 [ERROR] [DB]	NewRedisThread redisEnableKeepAlive alive thread[rankTrd]
2025-06-27 16:15:11 [ERROR] [DB]	NewRedisThread redisEnableKeepAlive alive thread[commonTrd]
2025-06-27 16:15:11 [ERROR] [DB]	NewRedisThread redisEnableKeepAlive alive thread[NCenterTrd]
2025-06-27 16:15:11 [ERROR] [DB]	NewRedisThread redisEnableKeepAlive alive thread[mailTrd]
2025-06-27 16:16:12 [ERROR] [DB]	NewRedisThread redisEnableKeepAlive alive thread[eventLogTrd]
2025-06-27 16:16:12 [ERROR] [DB]	NewRedisThread redisEnableKeepAlive alive thread[rankTrd]
2025-06-27 16:16:12 [ERROR] [DB]	NewRedisThread redisEnableKeepAlive alive thread[taskTrd]
2025-06-27 16:16:12 [ERROR] [DB]	NewRedisThread redisEnableKeepAlive alive thread[mailTrd]
2025-06-27 16:16:12 [ERROR] [DB]	NewRedisThread redisEnableKeepAlive alive thread[NCenterTrd]
2025-06-27 16:16:12 [ERROR] [DB]	NewRedisThread redisEnableKeepAlive alive thread[commonTrd]
2025-06-27 16:17:13 [ERROR] [DB]	NewRedisThread redisEnableKeepAlive alive thread[eventLogTrd]
2025-06-27 16:17:13 [ERROR] [DB]	NewRedisThread redisEnableKeepAlive alive thread[rankTrd]
2025-06-27 16:17:13 [ERROR] [DB]	NewRedisThread redisEnableKeepAlive alive thread[taskTrd]
2025-06-27 16:17:13 [ERROR] [DB]	NewRedisThread redisEnableKeepAlive alive thread[NCenterTrd]
2025-06-27 16:17:13 [ERROR] [DB]	NewRedisThread redisEnableKeepAlive alive thread[mailTrd]
2025-06-27 16:17:13 [ERROR] [DB]	NewRedisThread redisEnableKeepAlive alive thread[commonTrd]
2025-06-27 16:18:14 [ERROR] [DB]	NewRedisThread redisEnableKeepAlive alive thread[eventLogTrd]
2025-06-27 16:18:14 [ERROR] [DB]	NewRedisThread redisEnableKeepAlive alive thread[taskTrd]
2025-06-27 16:18:14 [ERROR] [DB]	NewRedisThread redisEnableKeepAlive alive thread[rankTrd]
2025-06-27 16:18:14 [ERROR] [DB]	NewRedisThread redisEnableKeepAlive alive thread[NCenterTrd]
2025-06-27 16:18:14 [ERROR] [DB]	NewRedisThread redisEnableKeepAlive alive thread[mailTrd]
2025-06-27 16:18:14 [ERROR] [DB]	NewRedisThread redisEnableKeepAlive alive thread[commonTrd]
2025-06-27 16:19:15 [ERROR] [DB]	NewRedisThread redisEnableKeepAlive alive thread[eventLogTrd]
2025-06-27 16:19:15 [ERROR] [DB]	NewRedisThread redisEnableKeepAlive alive thread[rankTrd]
2025-06-27 16:19:15 [ERROR] [DB]	NewRedisThread redisEnableKeepAlive alive thread[taskTrd]
2025-06-27 16:19:15 [ERROR] [DB]	NewRedisThread redisEnableKeepAlive alive thread[NCenterTrd]
2025-06-27 16:19:15 [ERROR] [DB]	NewRedisThread redisEnableKeepAlive alive thread[mailTrd]
2025-06-27 16:19:15 [ERROR] [DB]	NewRedisThread redisEnableKeepAlive alive thread[commonTrd]
2025-06-27 16:19:57 [ERROR] [TH]	GetActInviteConf params no find
2025-06-27 16:19:58 [ERROR] [SLT]	RefreshLogLevelConf iServerId[3001] iLogLevel[20],ifMain[0]
2025-06-27 16:19:58 [ERROR] [RH]	OnTimerGetRankConfInfo error
2025-06-27 16:20:16 [ERROR] [DB]	NewRedisThread redisEnableKeepAlive alive thread[eventLogTrd]
2025-06-27 16:20:16 [ERROR] [DB]	NewRedisThread redisEnableKeepAlive alive thread[rankTrd]
2025-06-27 16:20:16 [ERROR] [DB]	NewRedisThread redisEnableKeepAlive alive thread[taskTrd]
2025-06-27 16:20:16 [ERROR] [DB]	NewRedisThread redisEnableKeepAlive alive thread[mailTrd]
2025-06-27 16:20:16 [ERROR] [DB]	NewRedisThread redisEnableKeepAlive alive thread[commonTrd]
2025-06-27 16:20:16 [ERROR] [DB]	NewRedisThread redisEnableKeepAlive alive thread[NCenterTrd]
2025-06-27 16:21:17 [ERROR] [DB]	NewRedisThread redisEnableKeepAlive alive thread[eventLogTrd]
2025-06-27 16:21:17 [ERROR] [DB]	NewRedisThread redisEnableKeepAlive alive thread[rankTrd]
2025-06-27 16:21:17 [ERROR] [DB]	NewRedisThread redisEnableKeepAlive alive thread[taskTrd]
2025-06-27 16:21:17 [ERROR] [DB]	NewRedisThread redisEnableKeepAlive alive thread[mailTrd]
2025-06-27 16:21:17 [ERROR] [DB]	NewRedisThread redisEnableKeepAlive alive thread[commonTrd]
2025-06-27 16:21:17 [ERROR] [DB]	NewRedisThread redisEnableKeepAlive alive thread[NCenterTrd]
2025-06-27 16:22:18 [ERROR] [DB]	NewRedisThread redisEnableKeepAlive alive thread[eventLogTrd]
2025-06-27 16:22:18 [ERROR] [DB]	NewRedisThread redisEnableKeepAlive alive thread[rankTrd]
2025-06-27 16:22:18 [ERROR] [DB]	NewRedisThread redisEnableKeepAlive alive thread[taskTrd]
2025-06-27 16:22:18 [ERROR] [DB]	NewRedisThread redisEnableKeepAlive alive thread[NCenterTrd]
2025-06-27 16:22:18 [ERROR] [DB]	NewRedisThread redisEnableKeepAlive alive thread[mailTrd]
2025-06-27 16:22:18 [ERROR] [DB]	NewRedisThread redisEnableKeepAlive alive thread[commonTrd]
2025-06-27 16:23:19 [ERROR] [DB]	NewRedisThread redisEnableKeepAlive alive thread[rankTrd]
2025-06-27 16:23:19 [ERROR] [DB]	NewRedisThread redisEnableKeepAlive alive thread[eventLogTrd]
2025-06-27 16:23:19 [ERROR] [DB]	NewRedisThread redisEnableKeepAlive alive thread[taskTrd]
2025-06-27 16:23:19 [ERROR] [DB]	NewRedisThread redisEnableKeepAlive alive thread[NCenterTrd]
2025-06-27 16:23:19 [ERROR] [DB]	NewRedisThread redisEnableKeepAlive alive thread[commonTrd]
2025-06-27 16:23:19 [ERROR] [DB]	NewRedisThread redisEnableKeepAlive alive thread[mailTrd]
2025-06-27 16:24:20 [ERROR] [DB]	NewRedisThread redisEnableKeepAlive alive thread[eventLogTrd]
2025-06-27 16:24:20 [ERROR] [DB]	NewRedisThread redisEnableKeepAlive alive thread[commonTrd]
2025-06-27 16:24:20 [ERROR] [DB]	NewRedisThread redisEnableKeepAlive alive thread[NCenterTrd]
2025-06-27 16:24:20 [ERROR] [DB]	NewRedisThread redisEnableKeepAlive alive thread[mailTrd]
2025-06-27 16:24:20 [ERROR] [DB]	NewRedisThread redisEnableKeepAlive alive thread[taskTrd]
2025-06-27 16:24:20 [ERROR] [DB]	NewRedisThread redisEnableKeepAlive alive thread[rankTrd]
2025-06-27 16:25:21 [ERROR] [DB]	NewRedisThread redisEnableKeepAlive alive thread[eventLogTrd]
2025-06-27 16:25:21 [ERROR] [DB]	NewRedisThread redisEnableKeepAlive alive thread[taskTrd]
2025-06-27 16:25:21 [ERROR] [DB]	NewRedisThread redisEnableKeepAlive alive thread[rankTrd]
2025-06-27 16:25:21 [ERROR] [DB]	NewRedisThread redisEnableKeepAlive alive thread[mailTrd]
2025-06-27 16:25:21 [ERROR] [DB]	NewRedisThread redisEnableKeepAlive alive thread[NCenterTrd]
2025-06-27 16:25:21 [ERROR] [DB]	NewRedisThread redisEnableKeepAlive alive thread[commonTrd]
2025-06-27 16:26:22 [ERROR] [DB]	NewRedisThread redisEnableKeepAlive alive thread[mailTrd]
2025-06-27 16:26:22 [ERROR] [DB]	NewRedisThread redisEnableKeepAlive alive thread[taskTrd]
2025-06-27 16:26:22 [ERROR] [DB]	NewRedisThread redisEnableKeepAlive alive thread[commonTrd]
2025-06-27 16:26:22 [ERROR] [DB]	NewRedisThread redisEnableKeepAlive alive thread[NCenterTrd]
2025-06-27 16:26:22 [ERROR] [DB]	NewRedisThread redisEnableKeepAlive alive thread[rankTrd]
2025-06-27 16:26:22 [ERROR] [DB]	NewRedisThread redisEnableKeepAlive alive thread[eventLogTrd]
2025-06-27 16:27:23 [ERROR] [DB]	NewRedisThread redisEnableKeepAlive alive thread[taskTrd]
2025-06-27 16:27:23 [ERROR] [DB]	NewRedisThread redisEnableKeepAlive alive thread[commonTrd]
2025-06-27 16:27:23 [ERROR] [DB]	NewRedisThread redisEnableKeepAlive alive thread[mailTrd]
2025-06-27 16:27:23 [ERROR] [DB]	NewRedisThread redisEnableKeepAlive alive thread[rankTrd]
2025-06-27 16:27:23 [ERROR] [DB]	NewRedisThread redisEnableKeepAlive alive thread[NCenterTrd]
2025-06-27 16:27:23 [ERROR] [DB]	NewRedisThread redisEnableKeepAlive alive thread[eventLogTrd]
2025-06-27 16:28:24 [ERROR] [DB]	NewRedisThread redisEnableKeepAlive alive thread[rankTrd]
2025-06-27 16:28:24 [ERROR] [DB]	NewRedisThread redisEnableKeepAlive alive thread[mailTrd]
2025-06-27 16:28:24 [ERROR] [DB]	NewRedisThread redisEnableKeepAlive alive thread[eventLogTrd]
2025-06-27 16:28:24 [ERROR] [DB]	NewRedisThread redisEnableKeepAlive alive thread[taskTrd]
2025-06-27 16:28:24 [ERROR] [DB]	NewRedisThread redisEnableKeepAlive alive thread[NCenterTrd]
2025-06-27 16:28:24 [ERROR] [DB]	NewRedisThread redisEnableKeepAlive alive thread[commonTrd]
2025-06-27 16:29:25 [ERROR] [DB]	NewRedisThread redisEnableKeepAlive alive thread[NCenterTrd]
2025-06-27 16:29:25 [ERROR] [DB]	NewRedisThread redisEnableKeepAlive alive thread[rankTrd]
2025-06-27 16:29:25 [ERROR] [DB]	NewRedisThread redisEnableKeepAlive alive thread[mailTrd]
2025-06-27 16:29:25 [ERROR] [DB]	NewRedisThread redisEnableKeepAlive alive thread[commonTrd]
2025-06-27 16:29:25 [ERROR] [DB]	NewRedisThread redisEnableKeepAlive alive thread[taskTrd]
2025-06-27 16:29:25 [ERROR] [DB]	NewRedisThread redisEnableKeepAlive alive thread[eventLogTrd]
2025-06-27 16:29:55 [ERROR] [TH]	vecRecordList =[0]
2025-06-27 16:29:58 [ERROR] [TH]	GetActInviteConf params no find
2025-06-27 16:29:59 [ERROR] [SLT]	RefreshLogLevelConf iServerId[3001] iLogLevel[20],ifMain[0]
2025-06-27 16:29:59 [ERROR] [RH]	OnTimerGetRankConfInfo error
2025-06-27 16:30:26 [ERROR] [DB]	NewRedisThread redisEnableKeepAlive alive thread[mailTrd]
2025-06-27 16:30:26 [ERROR] [DB]	NewRedisThread redisEnableKeepAlive alive thread[commonTrd]
2025-06-27 16:30:26 [ERROR] [DB]	NewRedisThread redisEnableKeepAlive alive thread[rankTrd]
2025-06-27 16:30:26 [ERROR] [DB]	NewRedisThread redisEnableKeepAlive alive thread[NCenterTrd]
2025-06-27 16:30:26 [ERROR] [DB]	NewRedisThread redisEnableKeepAlive alive thread[eventLogTrd]
2025-06-27 16:30:26 [ERROR] [DB]	NewRedisThread redisEnableKeepAlive alive thread[taskTrd]
2025-06-27 16:31:27 [ERROR] [DB]	NewRedisThread redisEnableKeepAlive alive thread[mailTrd]
2025-06-27 16:31:27 [ERROR] [DB]	NewRedisThread redisEnableKeepAlive alive thread[NCenterTrd]
2025-06-27 16:31:27 [ERROR] [DB]	NewRedisThread redisEnableKeepAlive alive thread[commonTrd]
2025-06-27 16:31:27 [ERROR] [DB]	NewRedisThread redisEnableKeepAlive alive thread[rankTrd]
2025-06-27 16:31:27 [ERROR] [DB]	NewRedisThread redisEnableKeepAlive alive thread[eventLogTrd]
2025-06-27 16:31:27 [ERROR] [DB]	NewRedisThread redisEnableKeepAlive alive thread[taskTrd]
2025-06-27 16:32:28 [ERROR] [DB]	NewRedisThread redisEnableKeepAlive alive thread[mailTrd]
2025-06-27 16:32:28 [ERROR] [DB]	NewRedisThread redisEnableKeepAlive alive thread[rankTrd]
2025-06-27 16:32:28 [ERROR] [DB]	NewRedisThread redisEnableKeepAlive alive thread[NCenterTrd]
2025-06-27 16:32:28 [ERROR] [DB]	NewRedisThread redisEnableKeepAlive alive thread[commonTrd]
2025-06-27 16:32:28 [ERROR] [DB]	NewRedisThread redisEnableKeepAlive alive thread[eventLogTrd]
2025-06-27 16:32:28 [ERROR] [DB]	NewRedisThread redisEnableKeepAlive alive thread[taskTrd]
2025-06-27 16:33:29 [ERROR] [DB]	NewRedisThread redisEnableKeepAlive alive thread[mailTrd]
2025-06-27 16:33:29 [ERROR] [DB]	NewRedisThread redisEnableKeepAlive alive thread[rankTrd]
2025-06-27 16:33:29 [ERROR] [DB]	NewRedisThread redisEnableKeepAlive alive thread[commonTrd]
2025-06-27 16:33:29 [ERROR] [DB]	NewRedisThread redisEnableKeepAlive alive thread[NCenterTrd]
2025-06-27 16:33:29 [ERROR] [DB]	NewRedisThread redisEnableKeepAlive alive thread[eventLogTrd]
2025-06-27 16:33:29 [ERROR] [DB]	NewRedisThread redisEnableKeepAlive alive thread[taskTrd]
2025-06-27 16:34:30 [ERROR] [DB]	NewRedisThread redisEnableKeepAlive alive thread[mailTrd]
2025-06-27 16:34:30 [ERROR] [DB]	NewRedisThread redisEnableKeepAlive alive thread[rankTrd]
2025-06-27 16:34:30 [ERROR] [DB]	NewRedisThread redisEnableKeepAlive alive thread[eventLogTrd]
2025-06-27 16:34:30 [ERROR] [DB]	NewRedisThread redisEnableKeepAlive alive thread[NCenterTrd]
2025-06-27 16:34:30 [ERROR] [DB]	NewRedisThread redisEnableKeepAlive alive thread[commonTrd]
2025-06-27 16:34:30 [ERROR] [DB]	NewRedisThread redisEnableKeepAlive alive thread[taskTrd]
2025-06-27 16:35:31 [ERROR] [DB]	NewRedisThread redisEnableKeepAlive alive thread[mailTrd]
2025-06-27 16:35:31 [ERROR] [DB]	NewRedisThread redisEnableKeepAlive alive thread[eventLogTrd]
2025-06-27 16:35:31 [ERROR] [DB]	NewRedisThread redisEnableKeepAlive alive thread[rankTrd]
2025-06-27 16:35:31 [ERROR] [DB]	NewRedisThread redisEnableKeepAlive alive thread[NCenterTrd]
2025-06-27 16:35:31 [ERROR] [DB]	NewRedisThread redisEnableKeepAlive alive thread[commonTrd]
2025-06-27 16:35:31 [ERROR] [DB]	NewRedisThread redisEnableKeepAlive alive thread[taskTrd]
2025-06-27 16:36:32 [ERROR] [DB]	NewRedisThread redisEnableKeepAlive alive thread[mailTrd]
2025-06-27 16:36:32 [ERROR] [DB]	NewRedisThread redisEnableKeepAlive alive thread[NCenterTrd]
2025-06-27 16:36:32 [ERROR] [DB]	NewRedisThread redisEnableKeepAlive alive thread[rankTrd]
2025-06-27 16:36:32 [ERROR] [DB]	NewRedisThread redisEnableKeepAlive alive thread[eventLogTrd]
2025-06-27 16:36:32 [ERROR] [DB]	NewRedisThread redisEnableKeepAlive alive thread[taskTrd]
2025-06-27 16:36:32 [ERROR] [DB]	NewRedisThread redisEnableKeepAlive alive thread[commonTrd]
2025-06-27 16:37:33 [ERROR] [DB]	NewRedisThread redisEnableKeepAlive alive thread[mailTrd]
2025-06-27 16:37:33 [ERROR] [DB]	NewRedisThread redisEnableKeepAlive alive thread[rankTrd]
2025-06-27 16:37:33 [ERROR] [DB]	NewRedisThread redisEnableKeepAlive alive thread[NCenterTrd]
2025-06-27 16:37:33 [ERROR] [DB]	NewRedisThread redisEnableKeepAlive alive thread[commonTrd]
2025-06-27 16:37:33 [ERROR] [DB]	NewRedisThread redisEnableKeepAlive alive thread[eventLogTrd]
2025-06-27 16:37:33 [ERROR] [DB]	NewRedisThread redisEnableKeepAlive alive thread[taskTrd]
2025-06-27 16:38:34 [ERROR] [DB]	NewRedisThread redisEnableKeepAlive alive thread[taskTrd]
2025-06-27 16:38:34 [ERROR] [DB]	NewRedisThread redisEnableKeepAlive alive thread[rankTrd]
2025-06-27 16:38:34 [ERROR] [DB]	NewRedisThread redisEnableKeepAlive alive thread[mailTrd]
2025-06-27 16:38:34 [ERROR] [DB]	NewRedisThread redisEnableKeepAlive alive thread[eventLogTrd]
2025-06-27 16:38:34 [ERROR] [DB]	NewRedisThread redisEnableKeepAlive alive thread[NCenterTrd]
2025-06-27 16:38:34 [ERROR] [DB]	NewRedisThread redisEnableKeepAlive alive thread[commonTrd]
2025-06-27 16:39:35 [ERROR] [DB]	NewRedisThread redisEnableKeepAlive alive thread[NCenterTrd]
2025-06-27 16:39:35 [ERROR] [DB]	NewRedisThread redisEnableKeepAlive alive thread[taskTrd]
2025-06-27 16:39:35 [ERROR] [DB]	NewRedisThread redisEnableKeepAlive alive thread[commonTrd]
2025-06-27 16:39:35 [ERROR] [DB]	NewRedisThread redisEnableKeepAlive alive thread[rankTrd]
2025-06-27 16:39:35 [ERROR] [DB]	NewRedisThread redisEnableKeepAlive alive thread[mailTrd]
2025-06-27 16:39:35 [ERROR] [DB]	NewRedisThread redisEnableKeepAlive alive thread[eventLogTrd]
2025-06-27 16:39:59 [ERROR] [TH]	GetActInviteConf params no find
2025-06-27 16:40:00 [ERROR] [SLT]	RefreshLogLevelConf iServerId[3001] iLogLevel[20],ifMain[0]
2025-06-27 16:40:00 [ERROR] [RH]	OnTimerGetRankConfInfo error
2025-06-27 16:40:36 [ERROR] [DB]	NewRedisThread redisEnableKeepAlive alive thread[eventLogTrd]
2025-06-27 16:40:36 [ERROR] [DB]	NewRedisThread redisEnableKeepAlive alive thread[mailTrd]
2025-06-27 16:40:36 [ERROR] [DB]	NewRedisThread redisEnableKeepAlive alive thread[commonTrd]
2025-06-27 16:40:36 [ERROR] [DB]	NewRedisThread redisEnableKeepAlive alive thread[NCenterTrd]
2025-06-27 16:40:36 [ERROR] [DB]	NewRedisThread redisEnableKeepAlive alive thread[rankTrd]
2025-06-27 16:40:36 [ERROR] [DB]	NewRedisThread redisEnableKeepAlive alive thread[taskTrd]
2025-06-27 16:41:37 [ERROR] [DB]	NewRedisThread redisEnableKeepAlive alive thread[commonTrd]
2025-06-27 16:41:37 [ERROR] [DB]	NewRedisThread redisEnableKeepAlive alive thread[mailTrd]
2025-06-27 16:41:37 [ERROR] [DB]	NewRedisThread redisEnableKeepAlive alive thread[eventLogTrd]
2025-06-27 16:41:37 [ERROR] [DB]	NewRedisThread redisEnableKeepAlive alive thread[NCenterTrd]
2025-06-27 16:41:37 [ERROR] [DB]	NewRedisThread redisEnableKeepAlive alive thread[rankTrd]
2025-06-27 16:41:37 [ERROR] [DB]	NewRedisThread redisEnableKeepAlive alive thread[taskTrd]
2025-06-27 16:42:38 [ERROR] [DB]	NewRedisThread redisEnableKeepAlive alive thread[rankTrd]
2025-06-27 16:42:38 [ERROR] [DB]	NewRedisThread redisEnableKeepAlive alive thread[eventLogTrd]
2025-06-27 16:42:38 [ERROR] [DB]	NewRedisThread redisEnableKeepAlive alive thread[mailTrd]
2025-06-27 16:42:38 [ERROR] [DB]	NewRedisThread redisEnableKeepAlive alive thread[commonTrd]
2025-06-27 16:42:38 [ERROR] [DB]	NewRedisThread redisEnableKeepAlive alive thread[NCenterTrd]
2025-06-27 16:42:38 [ERROR] [DB]	NewRedisThread redisEnableKeepAlive alive thread[taskTrd]
2025-06-27 16:43:39 [ERROR] [DB]	NewRedisThread redisEnableKeepAlive alive thread[rankTrd]
2025-06-27 16:43:39 [ERROR] [DB]	NewRedisThread redisEnableKeepAlive alive thread[commonTrd]
2025-06-27 16:43:39 [ERROR] [DB]	NewRedisThread redisEnableKeepAlive alive thread[NCenterTrd]
2025-06-27 16:43:39 [ERROR] [DB]	NewRedisThread redisEnableKeepAlive alive thread[taskTrd]
2025-06-27 16:43:39 [ERROR] [DB]	NewRedisThread redisEnableKeepAlive alive thread[mailTrd]
2025-06-27 16:43:39 [ERROR] [DB]	NewRedisThread redisEnableKeepAlive alive thread[eventLogTrd]
2025-06-27 16:44:40 [ERROR] [DB]	NewRedisThread redisEnableKeepAlive alive thread[commonTrd]
2025-06-27 16:44:40 [ERROR] [DB]	NewRedisThread redisEnableKeepAlive alive thread[rankTrd]
2025-06-27 16:44:40 [ERROR] [DB]	NewRedisThread redisEnableKeepAlive alive thread[NCenterTrd]
2025-06-27 16:44:40 [ERROR] [DB]	NewRedisThread redisEnableKeepAlive alive thread[eventLogTrd]
2025-06-27 16:44:40 [ERROR] [DB]	NewRedisThread redisEnableKeepAlive alive thread[mailTrd]
2025-06-27 16:44:40 [ERROR] [DB]	NewRedisThread redisEnableKeepAlive alive thread[taskTrd]
2025-06-27 16:44:55 [ERROR] [TH]	vecRecordList =[0]
2025-06-27 16:45:41 [ERROR] [DB]	NewRedisThread redisEnableKeepAlive alive thread[rankTrd]
2025-06-27 16:45:41 [ERROR] [DB]	NewRedisThread redisEnableKeepAlive alive thread[eventLogTrd]
2025-06-27 16:45:41 [ERROR] [DB]	NewRedisThread redisEnableKeepAlive alive thread[commonTrd]
2025-06-27 16:45:41 [ERROR] [DB]	NewRedisThread redisEnableKeepAlive alive thread[taskTrd]
2025-06-27 16:45:41 [ERROR] [DB]	NewRedisThread redisEnableKeepAlive alive thread[NCenterTrd]
2025-06-27 16:45:41 [ERROR] [DB]	NewRedisThread redisEnableKeepAlive alive thread[mailTrd]
2025-06-27 16:46:42 [ERROR] [DB]	NewRedisThread redisEnableKeepAlive alive thread[taskTrd]
2025-06-27 16:46:42 [ERROR] [DB]	NewRedisThread redisEnableKeepAlive alive thread[NCenterTrd]
2025-06-27 16:46:42 [ERROR] [DB]	NewRedisThread redisEnableKeepAlive alive thread[eventLogTrd]
2025-06-27 16:46:42 [ERROR] [DB]	NewRedisThread redisEnableKeepAlive alive thread[rankTrd]
2025-06-27 16:46:42 [ERROR] [DB]	NewRedisThread redisEnableKeepAlive alive thread[commonTrd]
2025-06-27 16:46:42 [ERROR] [DB]	NewRedisThread redisEnableKeepAlive alive thread[mailTrd]
2025-06-27 16:47:43 [ERROR] [DB]	NewRedisThread redisEnableKeepAlive alive thread[taskTrd]
2025-06-27 16:47:43 [ERROR] [DB]	NewRedisThread redisEnableKeepAlive alive thread[NCenterTrd]
2025-06-27 16:47:43 [ERROR] [DB]	NewRedisThread redisEnableKeepAlive alive thread[commonTrd]
2025-06-27 16:47:43 [ERROR] [DB]	NewRedisThread redisEnableKeepAlive alive thread[mailTrd]
2025-06-27 16:47:43 [ERROR] [DB]	NewRedisThread redisEnableKeepAlive alive thread[rankTrd]
2025-06-27 16:47:43 [ERROR] [DB]	NewRedisThread redisEnableKeepAlive alive thread[eventLogTrd]
2025-06-27 16:48:44 [ERROR] [DB]	NewRedisThread redisEnableKeepAlive alive thread[taskTrd]
2025-06-27 16:48:44 [ERROR] [DB]	NewRedisThread redisEnableKeepAlive alive thread[NCenterTrd]
2025-06-27 16:48:44 [ERROR] [DB]	NewRedisThread redisEnableKeepAlive alive thread[commonTrd]
2025-06-27 16:48:44 [ERROR] [DB]	NewRedisThread redisEnableKeepAlive alive thread[mailTrd]
2025-06-27 16:48:44 [ERROR] [DB]	NewRedisThread redisEnableKeepAlive alive thread[eventLogTrd]
2025-06-27 16:48:44 [ERROR] [DB]	NewRedisThread redisEnableKeepAlive alive thread[rankTrd]
2025-06-27 16:49:45 [ERROR] [DB]	NewRedisThread redisEnableKeepAlive alive thread[commonTrd]
2025-06-27 16:49:45 [ERROR] [DB]	NewRedisThread redisEnableKeepAlive alive thread[taskTrd]
2025-06-27 16:49:45 [ERROR] [DB]	NewRedisThread redisEnableKeepAlive alive thread[NCenterTrd]
2025-06-27 16:49:45 [ERROR] [DB]	NewRedisThread redisEnableKeepAlive alive thread[mailTrd]
2025-06-27 16:49:45 [ERROR] [DB]	NewRedisThread redisEnableKeepAlive alive thread[eventLogTrd]
2025-06-27 16:49:45 [ERROR] [DB]	NewRedisThread redisEnableKeepAlive alive thread[rankTrd]
2025-06-27 16:50:00 [ERROR] [TH]	GetActInviteConf params no find
2025-06-27 16:50:01 [ERROR] [SLT]	RefreshLogLevelConf iServerId[3001] iLogLevel[20],ifMain[0]
2025-06-27 16:50:01 [ERROR] [RH]	OnTimerGetRankConfInfo error
2025-06-27 16:50:46 [ERROR] [DB]	NewRedisThread redisEnableKeepAlive alive thread[commonTrd]
2025-06-27 16:50:46 [ERROR] [DB]	NewRedisThread redisEnableKeepAlive alive thread[mailTrd]
2025-06-27 16:50:46 [ERROR] [DB]	NewRedisThread redisEnableKeepAlive alive thread[NCenterTrd]
2025-06-27 16:50:46 [ERROR] [DB]	NewRedisThread redisEnableKeepAlive alive thread[taskTrd]
2025-06-27 16:50:46 [ERROR] [DB]	NewRedisThread redisEnableKeepAlive alive thread[eventLogTrd]
2025-06-27 16:50:46 [ERROR] [DB]	NewRedisThread redisEnableKeepAlive alive thread[rankTrd]
2025-06-27 16:51:47 [ERROR] [DB]	NewRedisThread redisEnableKeepAlive alive thread[commonTrd]
2025-06-27 16:51:47 [ERROR] [DB]	NewRedisThread redisEnableKeepAlive alive thread[NCenterTrd]
2025-06-27 16:51:47 [ERROR] [DB]	NewRedisThread redisEnableKeepAlive alive thread[taskTrd]
2025-06-27 16:51:47 [ERROR] [DB]	NewRedisThread redisEnableKeepAlive alive thread[mailTrd]
2025-06-27 16:51:47 [ERROR] [DB]	NewRedisThread redisEnableKeepAlive alive thread[rankTrd]
2025-06-27 16:51:47 [ERROR] [DB]	NewRedisThread redisEnableKeepAlive alive thread[eventLogTrd]
2025-06-27 16:52:48 [ERROR] [DB]	NewRedisThread redisEnableKeepAlive alive thread[commonTrd]
2025-06-27 16:52:48 [ERROR] [DB]	NewRedisThread redisEnableKeepAlive alive thread[taskTrd]
2025-06-27 16:52:48 [ERROR] [DB]	NewRedisThread redisEnableKeepAlive alive thread[NCenterTrd]
2025-06-27 16:52:48 [ERROR] [DB]	NewRedisThread redisEnableKeepAlive alive thread[mailTrd]
2025-06-27 16:52:48 [ERROR] [DB]	NewRedisThread redisEnableKeepAlive alive thread[rankTrd]
2025-06-27 16:52:48 [ERROR] [DB]	NewRedisThread redisEnableKeepAlive alive thread[eventLogTrd]
2025-06-27 16:53:49 [ERROR] [DB]	NewRedisThread redisEnableKeepAlive alive thread[NCenterTrd]
2025-06-27 16:53:49 [ERROR] [DB]	NewRedisThread redisEnableKeepAlive alive thread[taskTrd]
2025-06-27 16:53:49 [ERROR] [DB]	NewRedisThread redisEnableKeepAlive alive thread[commonTrd]
2025-06-27 16:53:49 [ERROR] [DB]	NewRedisThread redisEnableKeepAlive alive thread[mailTrd]
2025-06-27 16:53:49 [ERROR] [DB]	NewRedisThread redisEnableKeepAlive alive thread[rankTrd]
2025-06-27 16:53:49 [ERROR] [DB]	NewRedisThread redisEnableKeepAlive alive thread[eventLogTrd]
2025-06-27 16:54:50 [ERROR] [DB]	NewRedisThread redisEnableKeepAlive alive thread[mailTrd]
2025-06-27 16:54:50 [ERROR] [DB]	NewRedisThread redisEnableKeepAlive alive thread[taskTrd]
2025-06-27 16:54:50 [ERROR] [DB]	NewRedisThread redisEnableKeepAlive alive thread[commonTrd]
2025-06-27 16:54:50 [ERROR] [DB]	NewRedisThread redisEnableKeepAlive alive thread[NCenterTrd]
2025-06-27 16:54:50 [ERROR] [DB]	NewRedisThread redisEnableKeepAlive alive thread[eventLogTrd]
2025-06-27 16:54:50 [ERROR] [DB]	NewRedisThread redisEnableKeepAlive alive thread[rankTrd]
2025-06-27 16:55:51 [ERROR] [DB]	NewRedisThread redisEnableKeepAlive alive thread[taskTrd]
2025-06-27 16:55:51 [ERROR] [DB]	NewRedisThread redisEnableKeepAlive alive thread[commonTrd]
2025-06-27 16:55:51 [ERROR] [DB]	NewRedisThread redisEnableKeepAlive alive thread[NCenterTrd]
2025-06-27 16:55:51 [ERROR] [DB]	NewRedisThread redisEnableKeepAlive alive thread[mailTrd]
2025-06-27 16:55:51 [ERROR] [DB]	NewRedisThread redisEnableKeepAlive alive thread[eventLogTrd]
2025-06-27 16:55:51 [ERROR] [DB]	NewRedisThread redisEnableKeepAlive alive thread[rankTrd]
2025-06-27 16:56:52 [ERROR] [DB]	NewRedisThread redisEnableKeepAlive alive thread[taskTrd]
2025-06-27 16:56:52 [ERROR] [DB]	NewRedisThread redisEnableKeepAlive alive thread[commonTrd]
2025-06-27 16:56:52 [ERROR] [DB]	NewRedisThread redisEnableKeepAlive alive thread[NCenterTrd]
2025-06-27 16:56:52 [ERROR] [DB]	NewRedisThread redisEnableKeepAlive alive thread[mailTrd]
2025-06-27 16:56:52 [ERROR] [DB]	NewRedisThread redisEnableKeepAlive alive thread[rankTrd]
2025-06-27 16:56:52 [ERROR] [DB]	NewRedisThread redisEnableKeepAlive alive thread[eventLogTrd]
2025-06-27 16:57:53 [ERROR] [DB]	NewRedisThread redisEnableKeepAlive alive thread[taskTrd]
2025-06-27 16:57:53 [ERROR] [DB]	NewRedisThread redisEnableKeepAlive alive thread[NCenterTrd]
2025-06-27 16:57:53 [ERROR] [DB]	NewRedisThread redisEnableKeepAlive alive thread[commonTrd]
2025-06-27 16:57:53 [ERROR] [DB]	NewRedisThread redisEnableKeepAlive alive thread[mailTrd]
2025-06-27 16:57:53 [ERROR] [DB]	NewRedisThread redisEnableKeepAlive alive thread[eventLogTrd]
2025-06-27 16:57:53 [ERROR] [DB]	NewRedisThread redisEnableKeepAlive alive thread[rankTrd]
2025-06-27 16:58:54 [ERROR] [DB]	NewRedisThread redisEnableKeepAlive alive thread[NCenterTrd]
2025-06-27 16:58:54 [ERROR] [DB]	NewRedisThread redisEnableKeepAlive alive thread[mailTrd]
2025-06-27 16:58:54 [ERROR] [DB]	NewRedisThread redisEnableKeepAlive alive thread[taskTrd]
2025-06-27 16:58:54 [ERROR] [DB]	NewRedisThread redisEnableKeepAlive alive thread[commonTrd]
2025-06-27 16:58:54 [ERROR] [DB]	NewRedisThread redisEnableKeepAlive alive thread[eventLogTrd]
2025-06-27 16:58:54 [ERROR] [DB]	NewRedisThread redisEnableKeepAlive alive thread[rankTrd]
2025-06-27 16:59:55 [ERROR] [DB]	NewRedisThread redisEnableKeepAlive alive thread[NCenterTrd]
2025-06-27 16:59:55 [ERROR] [DB]	NewRedisThread redisEnableKeepAlive alive thread[mailTrd]
2025-06-27 16:59:55 [ERROR] [DB]	NewRedisThread redisEnableKeepAlive alive thread[commonTrd]
2025-06-27 16:59:55 [ERROR] [TH]	vecRecordList =[0]
2025-06-27 16:59:55 [ERROR] [DB]	NewRedisThread redisEnableKeepAlive alive thread[taskTrd]
2025-06-27 16:59:55 [ERROR] [DB]	NewRedisThread redisEnableKeepAlive alive thread[eventLogTrd]
2025-06-27 16:59:55 [ERROR] [DB]	NewRedisThread redisEnableKeepAlive alive thread[rankTrd]
2025-06-27 17:00:01 [ERROR] [TH]	GetActInviteConf params no find
2025-06-27 17:00:02 [ERROR] [SLT]	RefreshLogLevelConf iServerId[3001] iLogLevel[20],ifMain[0]
2025-06-27 17:00:02 [ERROR] [RH]	OnTimerGetRankConfInfo error
2025-06-27 17:00:56 [ERROR] [DB]	NewRedisThread redisEnableKeepAlive alive thread[NCenterTrd]
2025-06-27 17:00:56 [ERROR] [DB]	NewRedisThread redisEnableKeepAlive alive thread[mailTrd]
2025-06-27 17:00:56 [ERROR] [DB]	NewRedisThread redisEnableKeepAlive alive thread[commonTrd]
2025-06-27 17:00:56 [ERROR] [DB]	NewRedisThread redisEnableKeepAlive alive thread[taskTrd]
2025-06-27 17:00:56 [ERROR] [DB]	NewRedisThread redisEnableKeepAlive alive thread[eventLogTrd]
2025-06-27 17:00:56 [ERROR] [DB]	NewRedisThread redisEnableKeepAlive alive thread[rankTrd]
2025-06-27 17:01:57 [ERROR] [DB]	NewRedisThread redisEnableKeepAlive alive thread[NCenterTrd]
2025-06-27 17:01:57 [ERROR] [DB]	NewRedisThread redisEnableKeepAlive alive thread[commonTrd]
2025-06-27 17:01:57 [ERROR] [DB]	NewRedisThread redisEnableKeepAlive alive thread[mailTrd]
2025-06-27 17:01:57 [ERROR] [DB]	NewRedisThread redisEnableKeepAlive alive thread[taskTrd]
2025-06-27 17:01:57 [ERROR] [DB]	NewRedisThread redisEnableKeepAlive alive thread[eventLogTrd]
2025-06-27 17:01:57 [ERROR] [DB]	NewRedisThread redisEnableKeepAlive alive thread[rankTrd]
2025-06-27 17:02:58 [ERROR] [DB]	NewRedisThread redisEnableKeepAlive alive thread[NCenterTrd]
2025-06-27 17:02:58 [ERROR] [DB]	NewRedisThread redisEnableKeepAlive alive thread[mailTrd]
2025-06-27 17:02:58 [ERROR] [DB]	NewRedisThread redisEnableKeepAlive alive thread[commonTrd]
2025-06-27 17:02:58 [ERROR] [DB]	NewRedisThread redisEnableKeepAlive alive thread[taskTrd]
2025-06-27 17:02:58 [ERROR] [DB]	NewRedisThread redisEnableKeepAlive alive thread[eventLogTrd]
2025-06-27 17:02:58 [ERROR] [DB]	NewRedisThread redisEnableKeepAlive alive thread[rankTrd]
2025-06-27 17:03:59 [ERROR] [DB]	NewRedisThread redisEnableKeepAlive alive thread[mailTrd]
2025-06-27 17:03:59 [ERROR] [DB]	NewRedisThread redisEnableKeepAlive alive thread[NCenterTrd]
2025-06-27 17:03:59 [ERROR] [DB]	NewRedisThread redisEnableKeepAlive alive thread[taskTrd]
2025-06-27 17:03:59 [ERROR] [DB]	NewRedisThread redisEnableKeepAlive alive thread[commonTrd]
2025-06-27 17:03:59 [ERROR] [DB]	NewRedisThread redisEnableKeepAlive alive thread[eventLogTrd]
2025-06-27 17:03:59 [ERROR] [DB]	NewRedisThread redisEnableKeepAlive alive thread[rankTrd]
2025-06-27 17:05:00 [ERROR] [DB]	NewRedisThread redisEnableKeepAlive alive thread[mailTrd]
2025-06-27 17:05:00 [ERROR] [DB]	NewRedisThread redisEnableKeepAlive alive thread[NCenterTrd]
2025-06-27 17:05:00 [ERROR] [DB]	NewRedisThread redisEnableKeepAlive alive thread[commonTrd]
2025-06-27 17:05:00 [ERROR] [DB]	NewRedisThread redisEnableKeepAlive alive thread[taskTrd]
2025-06-27 17:05:00 [ERROR] [DB]	NewRedisThread redisEnableKeepAlive alive thread[rankTrd]
2025-06-27 17:05:00 [ERROR] [DB]	NewRedisThread redisEnableKeepAlive alive thread[eventLogTrd]
2025-06-27 17:06:01 [ERROR] [DB]	NewRedisThread redisEnableKeepAlive alive thread[commonTrd]
2025-06-27 17:06:01 [ERROR] [DB]	NewRedisThread redisEnableKeepAlive alive thread[taskTrd]
2025-06-27 17:06:01 [ERROR] [DB]	NewRedisThread redisEnableKeepAlive alive thread[rankTrd]
2025-06-27 17:06:01 [ERROR] [DB]	NewRedisThread redisEnableKeepAlive alive thread[NCenterTrd]
2025-06-27 17:06:01 [ERROR] [DB]	NewRedisThread redisEnableKeepAlive alive thread[mailTrd]
2025-06-27 17:06:01 [ERROR] [DB]	NewRedisThread redisEnableKeepAlive alive thread[eventLogTrd]
2025-06-27 17:07:02 [ERROR] [DB]	NewRedisThread redisEnableKeepAlive alive thread[rankTrd]
2025-06-27 17:07:02 [ERROR] [DB]	NewRedisThread redisEnableKeepAlive alive thread[mailTrd]
2025-06-27 17:07:02 [ERROR] [DB]	NewRedisThread redisEnableKeepAlive alive thread[NCenterTrd]
2025-06-27 17:07:02 [ERROR] [DB]	NewRedisThread redisEnableKeepAlive alive thread[commonTrd]
2025-06-27 17:07:02 [ERROR] [DB]	NewRedisThread redisEnableKeepAlive alive thread[taskTrd]
2025-06-27 17:07:02 [ERROR] [DB]	NewRedisThread redisEnableKeepAlive alive thread[eventLogTrd]
2025-06-27 17:08:03 [ERROR] [DB]	NewRedisThread redisEnableKeepAlive alive thread[commonTrd]
2025-06-27 17:08:03 [ERROR] [DB]	NewRedisThread redisEnableKeepAlive alive thread[mailTrd]
2025-06-27 17:08:03 [ERROR] [DB]	NewRedisThread redisEnableKeepAlive alive thread[NCenterTrd]
2025-06-27 17:08:03 [ERROR] [DB]	NewRedisThread redisEnableKeepAlive alive thread[eventLogTrd]
2025-06-27 17:08:03 [ERROR] [DB]	NewRedisThread redisEnableKeepAlive alive thread[taskTrd]
2025-06-27 17:08:03 [ERROR] [DB]	NewRedisThread redisEnableKeepAlive alive thread[rankTrd]
2025-06-27 17:09:04 [ERROR] [DB]	NewRedisThread redisEnableKeepAlive alive thread[commonTrd]
2025-06-27 17:09:04 [ERROR] [DB]	NewRedisThread redisEnableKeepAlive alive thread[NCenterTrd]
2025-06-27 17:09:04 [ERROR] [DB]	NewRedisThread redisEnableKeepAlive alive thread[eventLogTrd]
2025-06-27 17:09:04 [ERROR] [DB]	NewRedisThread redisEnableKeepAlive alive thread[mailTrd]
2025-06-27 17:09:04 [ERROR] [DB]	NewRedisThread redisEnableKeepAlive alive thread[taskTrd]
2025-06-27 17:09:04 [ERROR] [DB]	NewRedisThread redisEnableKeepAlive alive thread[rankTrd]
2025-06-27 17:10:02 [ERROR] [TH]	GetActInviteConf params no find
2025-06-27 17:10:03 [ERROR] [SLT]	RefreshLogLevelConf iServerId[3001] iLogLevel[20],ifMain[0]
2025-06-27 17:10:03 [ERROR] [RH]	OnTimerGetRankConfInfo error
2025-06-27 17:10:05 [ERROR] [DB]	NewRedisThread redisEnableKeepAlive alive thread[mailTrd]
2025-06-27 17:10:05 [ERROR] [DB]	NewRedisThread redisEnableKeepAlive alive thread[NCenterTrd]
2025-06-27 17:10:05 [ERROR] [DB]	NewRedisThread redisEnableKeepAlive alive thread[eventLogTrd]
2025-06-27 17:10:05 [ERROR] [DB]	NewRedisThread redisEnableKeepAlive alive thread[commonTrd]
2025-06-27 17:10:05 [ERROR] [DB]	NewRedisThread redisEnableKeepAlive alive thread[rankTrd]
2025-06-27 17:10:05 [ERROR] [DB]	NewRedisThread redisEnableKeepAlive alive thread[taskTrd]
2025-06-27 17:11:06 [ERROR] [DB]	NewRedisThread redisEnableKeepAlive alive thread[eventLogTrd]
2025-06-27 17:11:06 [ERROR] [DB]	NewRedisThread redisEnableKeepAlive alive thread[NCenterTrd]
2025-06-27 17:11:06 [ERROR] [DB]	NewRedisThread redisEnableKeepAlive alive thread[mailTrd]
2025-06-27 17:11:06 [ERROR] [DB]	NewRedisThread redisEnableKeepAlive alive thread[rankTrd]
2025-06-27 17:11:06 [ERROR] [DB]	NewRedisThread redisEnableKeepAlive alive thread[commonTrd]
2025-06-27 17:11:06 [ERROR] [DB]	NewRedisThread redisEnableKeepAlive alive thread[taskTrd]
2025-06-27 17:12:07 [ERROR] [DB]	NewRedisThread redisEnableKeepAlive alive thread[mailTrd]
2025-06-27 17:12:07 [ERROR] [DB]	NewRedisThread redisEnableKeepAlive alive thread[commonTrd]
2025-06-27 17:12:07 [ERROR] [DB]	NewRedisThread redisEnableKeepAlive alive thread[eventLogTrd]
2025-06-27 17:12:07 [ERROR] [DB]	NewRedisThread redisEnableKeepAlive alive thread[NCenterTrd]
2025-06-27 17:12:07 [ERROR] [DB]	NewRedisThread redisEnableKeepAlive alive thread[rankTrd]
2025-06-27 17:12:07 [ERROR] [DB]	NewRedisThread redisEnableKeepAlive alive thread[taskTrd]
2025-06-27 17:13:08 [ERROR] [DB]	NewRedisThread redisEnableKeepAlive alive thread[NCenterTrd]
2025-06-27 17:13:08 [ERROR] [DB]	NewRedisThread redisEnableKeepAlive alive thread[mailTrd]
2025-06-27 17:13:08 [ERROR] [DB]	NewRedisThread redisEnableKeepAlive alive thread[rankTrd]
2025-06-27 17:13:08 [ERROR] [DB]	NewRedisThread redisEnableKeepAlive alive thread[eventLogTrd]
2025-06-27 17:13:08 [ERROR] [DB]	NewRedisThread redisEnableKeepAlive alive thread[commonTrd]
2025-06-27 17:13:08 [ERROR] [DB]	NewRedisThread redisEnableKeepAlive alive thread[taskTrd]
2025-06-27 17:14:09 [ERROR] [DB]	NewRedisThread redisEnableKeepAlive alive thread[commonTrd]
2025-06-27 17:14:09 [ERROR] [DB]	NewRedisThread redisEnableKeepAlive alive thread[mailTrd]
2025-06-27 17:14:09 [ERROR] [DB]	NewRedisThread redisEnableKeepAlive alive thread[NCenterTrd]
2025-06-27 17:14:09 [ERROR] [DB]	NewRedisThread redisEnableKeepAlive alive thread[rankTrd]
2025-06-27 17:14:09 [ERROR] [DB]	NewRedisThread redisEnableKeepAlive alive thread[eventLogTrd]
2025-06-27 17:14:09 [ERROR] [DB]	NewRedisThread redisEnableKeepAlive alive thread[taskTrd]
2025-06-27 17:14:55 [ERROR] [TH]	vecRecordList =[0]
2025-06-27 17:15:10 [ERROR] [DB]	NewRedisThread redisEnableKeepAlive alive thread[rankTrd]
2025-06-27 17:15:10 [ERROR] [DB]	NewRedisThread redisEnableKeepAlive alive thread[commonTrd]
2025-06-27 17:15:10 [ERROR] [DB]	NewRedisThread redisEnableKeepAlive alive thread[eventLogTrd]
2025-06-27 17:15:10 [ERROR] [DB]	NewRedisThread redisEnableKeepAlive alive thread[NCenterTrd]
2025-06-27 17:15:10 [ERROR] [DB]	NewRedisThread redisEnableKeepAlive alive thread[mailTrd]
2025-06-27 17:15:10 [ERROR] [DB]	NewRedisThread redisEnableKeepAlive alive thread[taskTrd]
2025-06-27 17:16:11 [ERROR] [DB]	NewRedisThread redisEnableKeepAlive alive thread[NCenterTrd]
2025-06-27 17:16:11 [ERROR] [DB]	NewRedisThread redisEnableKeepAlive alive thread[mailTrd]
2025-06-27 17:16:11 [ERROR] [DB]	NewRedisThread redisEnableKeepAlive alive thread[commonTrd]
2025-06-27 17:16:11 [ERROR] [DB]	NewRedisThread redisEnableKeepAlive alive thread[rankTrd]
2025-06-27 17:16:11 [ERROR] [DB]	NewRedisThread redisEnableKeepAlive alive thread[eventLogTrd]
2025-06-27 17:16:11 [ERROR] [DB]	NewRedisThread redisEnableKeepAlive alive thread[taskTrd]
2025-06-27 17:17:12 [ERROR] [DB]	NewRedisThread redisEnableKeepAlive alive thread[NCenterTrd]
2025-06-27 17:17:12 [ERROR] [DB]	NewRedisThread redisEnableKeepAlive alive thread[commonTrd]
2025-06-27 17:17:12 [ERROR] [DB]	NewRedisThread redisEnableKeepAlive alive thread[eventLogTrd]
2025-06-27 17:17:12 [ERROR] [DB]	NewRedisThread redisEnableKeepAlive alive thread[rankTrd]
2025-06-27 17:17:12 [ERROR] [DB]	NewRedisThread redisEnableKeepAlive alive thread[taskTrd]
2025-06-27 17:17:12 [ERROR] [DB]	NewRedisThread redisEnableKeepAlive alive thread[mailTrd]
2025-06-27 17:18:13 [ERROR] [DB]	NewRedisThread redisEnableKeepAlive alive thread[NCenterTrd]
2025-06-27 17:18:13 [ERROR] [DB]	NewRedisThread redisEnableKeepAlive alive thread[commonTrd]
2025-06-27 17:18:13 [ERROR] [DB]	NewRedisThread redisEnableKeepAlive alive thread[taskTrd]
2025-06-27 17:18:13 [ERROR] [DB]	NewRedisThread redisEnableKeepAlive alive thread[rankTrd]
2025-06-27 17:18:13 [ERROR] [DB]	NewRedisThread redisEnableKeepAlive alive thread[mailTrd]
2025-06-27 17:18:13 [ERROR] [DB]	NewRedisThread redisEnableKeepAlive alive thread[eventLogTrd]
2025-06-27 17:19:14 [ERROR] [DB]	NewRedisThread redisEnableKeepAlive alive thread[NCenterTrd]
2025-06-27 17:19:14 [ERROR] [DB]	NewRedisThread redisEnableKeepAlive alive thread[taskTrd]
2025-06-27 17:19:14 [ERROR] [DB]	NewRedisThread redisEnableKeepAlive alive thread[rankTrd]
2025-06-27 17:19:14 [ERROR] [DB]	NewRedisThread redisEnableKeepAlive alive thread[commonTrd]
2025-06-27 17:19:14 [ERROR] [DB]	NewRedisThread redisEnableKeepAlive alive thread[mailTrd]
2025-06-27 17:19:14 [ERROR] [DB]	NewRedisThread redisEnableKeepAlive alive thread[eventLogTrd]
2025-06-27 17:20:04 [ERROR] [TH]	GetActInviteConf params no find
2025-06-27 17:20:04 [ERROR] [SLT]	RefreshLogLevelConf iServerId[3001] iLogLevel[20],ifMain[0]
2025-06-27 17:20:05 [ERROR] [RH]	OnTimerGetRankConfInfo error
2025-06-27 17:20:15 [ERROR] [DB]	NewRedisThread redisEnableKeepAlive alive thread[eventLogTrd]
2025-06-27 17:20:15 [ERROR] [DB]	NewRedisThread redisEnableKeepAlive alive thread[commonTrd]
2025-06-27 17:20:15 [ERROR] [DB]	NewRedisThread redisEnableKeepAlive alive thread[rankTrd]
2025-06-27 17:20:15 [ERROR] [DB]	NewRedisThread redisEnableKeepAlive alive thread[mailTrd]
2025-06-27 17:20:15 [ERROR] [DB]	NewRedisThread redisEnableKeepAlive alive thread[taskTrd]
2025-06-27 17:20:15 [ERROR] [DB]	NewRedisThread redisEnableKeepAlive alive thread[NCenterTrd]
2025-06-27 17:21:16 [ERROR] [DB]	NewRedisThread redisEnableKeepAlive alive thread[mailTrd]
2025-06-27 17:21:16 [ERROR] [DB]	NewRedisThread redisEnableKeepAlive alive thread[commonTrd]
2025-06-27 17:21:16 [ERROR] [DB]	NewRedisThread redisEnableKeepAlive alive thread[eventLogTrd]
2025-06-27 17:21:16 [ERROR] [DB]	NewRedisThread redisEnableKeepAlive alive thread[rankTrd]
2025-06-27 17:21:16 [ERROR] [DB]	NewRedisThread redisEnableKeepAlive alive thread[NCenterTrd]
2025-06-27 17:21:16 [ERROR] [DB]	NewRedisThread redisEnableKeepAlive alive thread[taskTrd]
2025-06-27 17:22:17 [ERROR] [DB]	NewRedisThread redisEnableKeepAlive alive thread[mailTrd]
2025-06-27 17:22:17 [ERROR] [DB]	NewRedisThread redisEnableKeepAlive alive thread[commonTrd]
2025-06-27 17:22:17 [ERROR] [DB]	NewRedisThread redisEnableKeepAlive alive thread[eventLogTrd]
2025-06-27 17:22:17 [ERROR] [DB]	NewRedisThread redisEnableKeepAlive alive thread[rankTrd]
2025-06-27 17:22:17 [ERROR] [DB]	NewRedisThread redisEnableKeepAlive alive thread[taskTrd]
2025-06-27 17:22:17 [ERROR] [DB]	NewRedisThread redisEnableKeepAlive alive thread[NCenterTrd]
2025-06-27 17:23:18 [ERROR] [DB]	NewRedisThread redisEnableKeepAlive alive thread[rankTrd]
2025-06-27 17:23:18 [ERROR] [DB]	NewRedisThread redisEnableKeepAlive alive thread[mailTrd]
2025-06-27 17:23:18 [ERROR] [DB]	NewRedisThread redisEnableKeepAlive alive thread[eventLogTrd]
2025-06-27 17:23:18 [ERROR] [DB]	NewRedisThread redisEnableKeepAlive alive thread[commonTrd]
2025-06-27 17:23:18 [ERROR] [DB]	NewRedisThread redisEnableKeepAlive alive thread[NCenterTrd]
2025-06-27 17:23:18 [ERROR] [DB]	NewRedisThread redisEnableKeepAlive alive thread[taskTrd]
2025-06-27 17:24:19 [ERROR] [DB]	NewRedisThread redisEnableKeepAlive alive thread[commonTrd]
2025-06-27 17:24:19 [ERROR] [DB]	NewRedisThread redisEnableKeepAlive alive thread[taskTrd]
2025-06-27 17:24:19 [ERROR] [DB]	NewRedisThread redisEnableKeepAlive alive thread[NCenterTrd]
2025-06-27 17:24:19 [ERROR] [DB]	NewRedisThread redisEnableKeepAlive alive thread[mailTrd]
2025-06-27 17:24:19 [ERROR] [DB]	NewRedisThread redisEnableKeepAlive alive thread[eventLogTrd]
2025-06-27 17:24:19 [ERROR] [DB]	NewRedisThread redisEnableKeepAlive alive thread[rankTrd]
2025-06-27 17:25:20 [ERROR] [DB]	NewRedisThread redisEnableKeepAlive alive thread[taskTrd]
2025-06-27 17:25:20 [ERROR] [DB]	NewRedisThread redisEnableKeepAlive alive thread[commonTrd]
2025-06-27 17:25:20 [ERROR] [DB]	NewRedisThread redisEnableKeepAlive alive thread[mailTrd]
2025-06-27 17:25:20 [ERROR] [DB]	NewRedisThread redisEnableKeepAlive alive thread[rankTrd]
2025-06-27 17:25:20 [ERROR] [DB]	NewRedisThread redisEnableKeepAlive alive thread[eventLogTrd]
2025-06-27 17:25:20 [ERROR] [DB]	NewRedisThread redisEnableKeepAlive alive thread[NCenterTrd]
2025-06-27 17:26:21 [ERROR] [DB]	NewRedisThread redisEnableKeepAlive alive thread[eventLogTrd]
2025-06-27 17:26:21 [ERROR] [DB]	NewRedisThread redisEnableKeepAlive alive thread[commonTrd]
2025-06-27 17:26:21 [ERROR] [DB]	NewRedisThread redisEnableKeepAlive alive thread[NCenterTrd]
2025-06-27 17:26:21 [ERROR] [DB]	NewRedisThread redisEnableKeepAlive alive thread[taskTrd]
2025-06-27 17:26:21 [ERROR] [DB]	NewRedisThread redisEnableKeepAlive alive thread[rankTrd]
2025-06-27 17:26:21 [ERROR] [DB]	NewRedisThread redisEnableKeepAlive alive thread[mailTrd]
2025-06-27 17:27:22 [ERROR] [DB]	NewRedisThread redisEnableKeepAlive alive thread[eventLogTrd]
2025-06-27 17:27:22 [ERROR] [DB]	NewRedisThread redisEnableKeepAlive alive thread[NCenterTrd]
2025-06-27 17:27:22 [ERROR] [DB]	NewRedisThread redisEnableKeepAlive alive thread[mailTrd]
2025-06-27 17:27:22 [ERROR] [DB]	NewRedisThread redisEnableKeepAlive alive thread[taskTrd]
2025-06-27 17:27:22 [ERROR] [DB]	NewRedisThread redisEnableKeepAlive alive thread[commonTrd]
2025-06-27 17:27:22 [ERROR] [DB]	NewRedisThread redisEnableKeepAlive alive thread[rankTrd]
2025-06-27 17:28:23 [ERROR] [DB]	NewRedisThread redisEnableKeepAlive alive thread[eventLogTrd]
2025-06-27 17:28:23 [ERROR] [DB]	NewRedisThread redisEnableKeepAlive alive thread[NCenterTrd]
2025-06-27 17:28:23 [ERROR] [DB]	NewRedisThread redisEnableKeepAlive alive thread[rankTrd]
2025-06-27 17:28:23 [ERROR] [DB]	NewRedisThread redisEnableKeepAlive alive thread[taskTrd]
2025-06-27 17:28:23 [ERROR] [DB]	NewRedisThread redisEnableKeepAlive alive thread[commonTrd]
2025-06-27 17:28:23 [ERROR] [DB]	NewRedisThread redisEnableKeepAlive alive thread[mailTrd]
2025-06-27 17:29:24 [ERROR] [DB]	NewRedisThread redisEnableKeepAlive alive thread[eventLogTrd]
2025-06-27 17:29:24 [ERROR] [DB]	NewRedisThread redisEnableKeepAlive alive thread[commonTrd]
2025-06-27 17:29:24 [ERROR] [DB]	NewRedisThread redisEnableKeepAlive alive thread[taskTrd]
2025-06-27 17:29:24 [ERROR] [DB]	NewRedisThread redisEnableKeepAlive alive thread[rankTrd]
2025-06-27 17:29:24 [ERROR] [DB]	NewRedisThread redisEnableKeepAlive alive thread[NCenterTrd]
2025-06-27 17:29:24 [ERROR] [DB]	NewRedisThread redisEnableKeepAlive alive thread[mailTrd]
2025-06-27 17:29:56 [ERROR] [TH]	vecRecordList =[0]
2025-06-27 17:30:05 [ERROR] [SLT]	RefreshLogLevelConf iServerId[3001] iLogLevel[20],ifMain[0]
2025-06-27 17:30:05 [ERROR] [TH]	GetActInviteConf params no find
2025-06-27 17:30:06 [ERROR] [RH]	OnTimerGetRankConfInfo error
2025-06-27 17:30:25 [ERROR] [DB]	NewRedisThread redisEnableKeepAlive alive thread[eventLogTrd]
2025-06-27 17:30:25 [ERROR] [DB]	NewRedisThread redisEnableKeepAlive alive thread[mailTrd]
2025-06-27 17:30:25 [ERROR] [DB]	NewRedisThread redisEnableKeepAlive alive thread[commonTrd]
2025-06-27 17:30:25 [ERROR] [DB]	NewRedisThread redisEnableKeepAlive alive thread[NCenterTrd]
2025-06-27 17:30:25 [ERROR] [DB]	NewRedisThread redisEnableKeepAlive alive thread[rankTrd]
2025-06-27 17:30:25 [ERROR] [DB]	NewRedisThread redisEnableKeepAlive alive thread[taskTrd]
2025-06-27 17:31:26 [ERROR] [DB]	NewRedisThread redisEnableKeepAlive alive thread[eventLogTrd]
2025-06-27 17:31:26 [ERROR] [DB]	NewRedisThread redisEnableKeepAlive alive thread[rankTrd]
2025-06-27 17:31:26 [ERROR] [DB]	NewRedisThread redisEnableKeepAlive alive thread[commonTrd]
2025-06-27 17:31:26 [ERROR] [DB]	NewRedisThread redisEnableKeepAlive alive thread[mailTrd]
2025-06-27 17:31:26 [ERROR] [DB]	NewRedisThread redisEnableKeepAlive alive thread[NCenterTrd]
2025-06-27 17:31:26 [ERROR] [DB]	NewRedisThread redisEnableKeepAlive alive thread[taskTrd]
2025-06-27 17:32:27 [ERROR] [DB]	NewRedisThread redisEnableKeepAlive alive thread[eventLogTrd]
2025-06-27 17:32:27 [ERROR] [DB]	NewRedisThread redisEnableKeepAlive alive thread[commonTrd]
2025-06-27 17:32:27 [ERROR] [DB]	NewRedisThread redisEnableKeepAlive alive thread[NCenterTrd]
2025-06-27 17:32:27 [ERROR] [DB]	NewRedisThread redisEnableKeepAlive alive thread[rankTrd]
2025-06-27 17:32:27 [ERROR] [DB]	NewRedisThread redisEnableKeepAlive alive thread[mailTrd]
2025-06-27 17:32:27 [ERROR] [DB]	NewRedisThread redisEnableKeepAlive alive thread[taskTrd]
2025-06-27 17:33:28 [ERROR] [DB]	NewRedisThread redisEnableKeepAlive alive thread[eventLogTrd]
2025-06-27 17:33:28 [ERROR] [DB]	NewRedisThread redisEnableKeepAlive alive thread[mailTrd]
2025-06-27 17:33:28 [ERROR] [DB]	NewRedisThread redisEnableKeepAlive alive thread[rankTrd]
2025-06-27 17:33:28 [ERROR] [DB]	NewRedisThread redisEnableKeepAlive alive thread[taskTrd]
2025-06-27 17:33:28 [ERROR] [DB]	NewRedisThread redisEnableKeepAlive alive thread[NCenterTrd]
2025-06-27 17:33:28 [ERROR] [DB]	NewRedisThread redisEnableKeepAlive alive thread[commonTrd]
2025-06-27 17:34:29 [ERROR] [DB]	NewRedisThread redisEnableKeepAlive alive thread[eventLogTrd]
2025-06-27 17:34:29 [ERROR] [DB]	NewRedisThread redisEnableKeepAlive alive thread[rankTrd]
2025-06-27 17:34:29 [ERROR] [DB]	NewRedisThread redisEnableKeepAlive alive thread[NCenterTrd]
2025-06-27 17:34:29 [ERROR] [DB]	NewRedisThread redisEnableKeepAlive alive thread[taskTrd]
2025-06-27 17:34:29 [ERROR] [DB]	NewRedisThread redisEnableKeepAlive alive thread[mailTrd]
2025-06-27 17:34:29 [ERROR] [DB]	NewRedisThread redisEnableKeepAlive alive thread[commonTrd]
2025-06-27 17:35:30 [ERROR] [DB]	NewRedisThread redisEnableKeepAlive alive thread[eventLogTrd]
2025-06-27 17:35:30 [ERROR] [DB]	NewRedisThread redisEnableKeepAlive alive thread[rankTrd]
2025-06-27 17:35:30 [ERROR] [DB]	NewRedisThread redisEnableKeepAlive alive thread[commonTrd]
2025-06-27 17:35:30 [ERROR] [DB]	NewRedisThread redisEnableKeepAlive alive thread[taskTrd]
2025-06-27 17:35:30 [ERROR] [DB]	NewRedisThread redisEnableKeepAlive alive thread[NCenterTrd]
2025-06-27 17:35:30 [ERROR] [DB]	NewRedisThread redisEnableKeepAlive alive thread[mailTrd]
2025-06-27 17:36:31 [ERROR] [DB]	NewRedisThread redisEnableKeepAlive alive thread[eventLogTrd]
2025-06-27 17:36:31 [ERROR] [DB]	NewRedisThread redisEnableKeepAlive alive thread[rankTrd]
2025-06-27 17:36:31 [ERROR] [DB]	NewRedisThread redisEnableKeepAlive alive thread[commonTrd]
2025-06-27 17:36:31 [ERROR] [DB]	NewRedisThread redisEnableKeepAlive alive thread[mailTrd]
2025-06-27 17:36:31 [ERROR] [DB]	NewRedisThread redisEnableKeepAlive alive thread[NCenterTrd]
2025-06-27 17:36:31 [ERROR] [DB]	NewRedisThread redisEnableKeepAlive alive thread[taskTrd]
2025-06-27 17:37:32 [ERROR] [DB]	NewRedisThread redisEnableKeepAlive alive thread[eventLogTrd]
2025-06-27 17:37:32 [ERROR] [DB]	NewRedisThread redisEnableKeepAlive alive thread[rankTrd]
2025-06-27 17:37:32 [ERROR] [DB]	NewRedisThread redisEnableKeepAlive alive thread[mailTrd]
2025-06-27 17:37:32 [ERROR] [DB]	NewRedisThread redisEnableKeepAlive alive thread[NCenterTrd]
2025-06-27 17:37:32 [ERROR] [DB]	NewRedisThread redisEnableKeepAlive alive thread[commonTrd]
2025-06-27 17:37:32 [ERROR] [DB]	NewRedisThread redisEnableKeepAlive alive thread[taskTrd]
2025-06-27 17:38:33 [ERROR] [DB]	NewRedisThread redisEnableKeepAlive alive thread[rankTrd]
2025-06-27 17:38:33 [ERROR] [DB]	NewRedisThread redisEnableKeepAlive alive thread[eventLogTrd]
2025-06-27 17:38:33 [ERROR] [DB]	NewRedisThread redisEnableKeepAlive alive thread[commonTrd]
2025-06-27 17:38:33 [ERROR] [DB]	NewRedisThread redisEnableKeepAlive alive thread[mailTrd]
2025-06-27 17:38:33 [ERROR] [DB]	NewRedisThread redisEnableKeepAlive alive thread[taskTrd]
2025-06-27 17:38:33 [ERROR] [DB]	NewRedisThread redisEnableKeepAlive alive thread[NCenterTrd]
2025-06-27 17:39:34 [ERROR] [DB]	NewRedisThread redisEnableKeepAlive alive thread[eventLogTrd]
2025-06-27 17:39:34 [ERROR] [DB]	NewRedisThread redisEnableKeepAlive alive thread[rankTrd]
2025-06-27 17:39:34 [ERROR] [DB]	NewRedisThread redisEnableKeepAlive alive thread[NCenterTrd]
2025-06-27 17:39:34 [ERROR] [DB]	NewRedisThread redisEnableKeepAlive alive thread[mailTrd]
2025-06-27 17:39:34 [ERROR] [DB]	NewRedisThread redisEnableKeepAlive alive thread[commonTrd]
2025-06-27 17:39:34 [ERROR] [DB]	NewRedisThread redisEnableKeepAlive alive thread[taskTrd]
2025-06-27 17:40:06 [ERROR] [SLT]	RefreshLogLevelConf iServerId[3001] iLogLevel[20],ifMain[0]
2025-06-27 17:40:06 [ERROR] [TH]	GetActInviteConf params no find
2025-06-27 17:40:07 [ERROR] [RH]	OnTimerGetRankConfInfo error
2025-06-27 17:40:35 [ERROR] [DB]	NewRedisThread redisEnableKeepAlive alive thread[eventLogTrd]
2025-06-27 17:40:35 [ERROR] [DB]	NewRedisThread redisEnableKeepAlive alive thread[NCenterTrd]
2025-06-27 17:40:35 [ERROR] [DB]	NewRedisThread redisEnableKeepAlive alive thread[rankTrd]
2025-06-27 17:40:35 [ERROR] [DB]	NewRedisThread redisEnableKeepAlive alive thread[mailTrd]
2025-06-27 17:40:35 [ERROR] [DB]	NewRedisThread redisEnableKeepAlive alive thread[commonTrd]
2025-06-27 17:40:35 [ERROR] [DB]	NewRedisThread redisEnableKeepAlive alive thread[taskTrd]
2025-06-27 17:41:36 [ERROR] [DB]	NewRedisThread redisEnableKeepAlive alive thread[eventLogTrd]
2025-06-27 17:41:36 [ERROR] [DB]	NewRedisThread redisEnableKeepAlive alive thread[NCenterTrd]
2025-06-27 17:41:36 [ERROR] [DB]	NewRedisThread redisEnableKeepAlive alive thread[rankTrd]
2025-06-27 17:41:36 [ERROR] [DB]	NewRedisThread redisEnableKeepAlive alive thread[mailTrd]
2025-06-27 17:41:36 [ERROR] [DB]	NewRedisThread redisEnableKeepAlive alive thread[commonTrd]
2025-06-27 17:41:36 [ERROR] [DB]	NewRedisThread redisEnableKeepAlive alive thread[taskTrd]
2025-06-27 17:42:37 [ERROR] [DB]	NewRedisThread redisEnableKeepAlive alive thread[eventLogTrd]
2025-06-27 17:42:37 [ERROR] [DB]	NewRedisThread redisEnableKeepAlive alive thread[NCenterTrd]
2025-06-27 17:42:37 [ERROR] [DB]	NewRedisThread redisEnableKeepAlive alive thread[rankTrd]
2025-06-27 17:42:37 [ERROR] [DB]	NewRedisThread redisEnableKeepAlive alive thread[mailTrd]
2025-06-27 17:42:37 [ERROR] [DB]	NewRedisThread redisEnableKeepAlive alive thread[commonTrd]
2025-06-27 17:42:37 [ERROR] [DB]	NewRedisThread redisEnableKeepAlive alive thread[taskTrd]
2025-06-27 17:43:38 [ERROR] [DB]	NewRedisThread redisEnableKeepAlive alive thread[eventLogTrd]
2025-06-27 17:43:38 [ERROR] [DB]	NewRedisThread redisEnableKeepAlive alive thread[NCenterTrd]
2025-06-27 17:43:38 [ERROR] [DB]	NewRedisThread redisEnableKeepAlive alive thread[rankTrd]
2025-06-27 17:43:38 [ERROR] [DB]	NewRedisThread redisEnableKeepAlive alive thread[mailTrd]
2025-06-27 17:43:38 [ERROR] [DB]	NewRedisThread redisEnableKeepAlive alive thread[commonTrd]
2025-06-27 17:43:38 [ERROR] [DB]	NewRedisThread redisEnableKeepAlive alive thread[taskTrd]
2025-06-27 17:44:39 [ERROR] [DB]	NewRedisThread redisEnableKeepAlive alive thread[eventLogTrd]
2025-06-27 17:44:39 [ERROR] [DB]	NewRedisThread redisEnableKeepAlive alive thread[NCenterTrd]
2025-06-27 17:44:39 [ERROR] [DB]	NewRedisThread redisEnableKeepAlive alive thread[rankTrd]
2025-06-27 17:44:39 [ERROR] [DB]	NewRedisThread redisEnableKeepAlive alive thread[mailTrd]
2025-06-27 17:44:39 [ERROR] [DB]	NewRedisThread redisEnableKeepAlive alive thread[commonTrd]
2025-06-27 17:44:39 [ERROR] [DB]	NewRedisThread redisEnableKeepAlive alive thread[taskTrd]
2025-06-27 17:44:56 [ERROR] [TH]	vecRecordList =[0]
2025-06-27 17:45:40 [ERROR] [DB]	NewRedisThread redisEnableKeepAlive alive thread[NCenterTrd]
2025-06-27 17:45:40 [ERROR] [DB]	NewRedisThread redisEnableKeepAlive alive thread[rankTrd]
2025-06-27 17:45:40 [ERROR] [DB]	NewRedisThread redisEnableKeepAlive alive thread[eventLogTrd]
2025-06-27 17:45:40 [ERROR] [DB]	NewRedisThread redisEnableKeepAlive alive thread[mailTrd]
2025-06-27 17:45:40 [ERROR] [DB]	NewRedisThread redisEnableKeepAlive alive thread[commonTrd]
2025-06-27 17:45:40 [ERROR] [DB]	NewRedisThread redisEnableKeepAlive alive thread[taskTrd]
2025-06-27 17:46:41 [ERROR] [DB]	NewRedisThread redisEnableKeepAlive alive thread[eventLogTrd]
2025-06-27 17:46:41 [ERROR] [DB]	NewRedisThread redisEnableKeepAlive alive thread[NCenterTrd]
2025-06-27 17:46:41 [ERROR] [DB]	NewRedisThread redisEnableKeepAlive alive thread[mailTrd]
2025-06-27 17:46:41 [ERROR] [DB]	NewRedisThread redisEnableKeepAlive alive thread[commonTrd]
2025-06-27 17:46:41 [ERROR] [DB]	NewRedisThread redisEnableKeepAlive alive thread[rankTrd]
2025-06-27 17:46:41 [ERROR] [DB]	NewRedisThread redisEnableKeepAlive alive thread[taskTrd]
2025-06-27 17:47:42 [ERROR] [DB]	NewRedisThread redisEnableKeepAlive alive thread[NCenterTrd]
2025-06-27 17:47:42 [ERROR] [DB]	NewRedisThread redisEnableKeepAlive alive thread[eventLogTrd]
2025-06-27 17:47:42 [ERROR] [DB]	NewRedisThread redisEnableKeepAlive alive thread[mailTrd]
2025-06-27 17:47:42 [ERROR] [DB]	NewRedisThread redisEnableKeepAlive alive thread[commonTrd]
2025-06-27 17:47:42 [ERROR] [DB]	NewRedisThread redisEnableKeepAlive alive thread[rankTrd]
2025-06-27 17:47:42 [ERROR] [DB]	NewRedisThread redisEnableKeepAlive alive thread[taskTrd]
2025-06-27 17:48:43 [ERROR] [DB]	NewRedisThread redisEnableKeepAlive alive thread[NCenterTrd]
2025-06-27 17:48:43 [ERROR] [DB]	NewRedisThread redisEnableKeepAlive alive thread[eventLogTrd]
2025-06-27 17:48:43 [ERROR] [DB]	NewRedisThread redisEnableKeepAlive alive thread[mailTrd]
2025-06-27 17:48:43 [ERROR] [DB]	NewRedisThread redisEnableKeepAlive alive thread[commonTrd]
2025-06-27 17:48:43 [ERROR] [DB]	NewRedisThread redisEnableKeepAlive alive thread[rankTrd]
2025-06-27 17:48:43 [ERROR] [DB]	NewRedisThread redisEnableKeepAlive alive thread[taskTrd]
2025-06-27 17:49:44 [ERROR] [DB]	NewRedisThread redisEnableKeepAlive alive thread[eventLogTrd]
2025-06-27 17:49:44 [ERROR] [DB]	NewRedisThread redisEnableKeepAlive alive thread[NCenterTrd]
2025-06-27 17:49:44 [ERROR] [DB]	NewRedisThread redisEnableKeepAlive alive thread[mailTrd]
2025-06-27 17:49:44 [ERROR] [DB]	NewRedisThread redisEnableKeepAlive alive thread[commonTrd]
2025-06-27 17:49:44 [ERROR] [DB]	NewRedisThread redisEnableKeepAlive alive thread[rankTrd]
2025-06-27 17:49:44 [ERROR] [DB]	NewRedisThread redisEnableKeepAlive alive thread[taskTrd]
2025-06-27 17:50:07 [ERROR] [SLT]	RefreshLogLevelConf iServerId[3001] iLogLevel[20],ifMain[0]
2025-06-27 17:50:07 [ERROR] [TH]	GetActInviteConf params no find
2025-06-27 17:50:08 [ERROR] [RH]	OnTimerGetRankConfInfo error
2025-06-27 17:50:45 [ERROR] [DB]	NewRedisThread redisEnableKeepAlive alive thread[NCenterTrd]
2025-06-27 17:50:45 [ERROR] [DB]	NewRedisThread redisEnableKeepAlive alive thread[eventLogTrd]
2025-06-27 17:50:45 [ERROR] [DB]	NewRedisThread redisEnableKeepAlive alive thread[rankTrd]
2025-06-27 17:50:45 [ERROR] [DB]	NewRedisThread redisEnableKeepAlive alive thread[mailTrd]
2025-06-27 17:50:45 [ERROR] [DB]	NewRedisThread redisEnableKeepAlive alive thread[commonTrd]
2025-06-27 17:50:45 [ERROR] [DB]	NewRedisThread redisEnableKeepAlive alive thread[taskTrd]
2025-06-27 17:51:46 [ERROR] [DB]	NewRedisThread redisEnableKeepAlive alive thread[eventLogTrd]
2025-06-27 17:51:46 [ERROR] [DB]	NewRedisThread redisEnableKeepAlive alive thread[NCenterTrd]
2025-06-27 17:51:46 [ERROR] [DB]	NewRedisThread redisEnableKeepAlive alive thread[rankTrd]
2025-06-27 17:51:46 [ERROR] [DB]	NewRedisThread redisEnableKeepAlive alive thread[mailTrd]
2025-06-27 17:51:46 [ERROR] [DB]	NewRedisThread redisEnableKeepAlive alive thread[commonTrd]
2025-06-27 17:51:46 [ERROR] [DB]	NewRedisThread redisEnableKeepAlive alive thread[taskTrd]
2025-06-27 17:52:47 [ERROR] [DB]	NewRedisThread redisEnableKeepAlive alive thread[eventLogTrd]
2025-06-27 17:52:47 [ERROR] [DB]	NewRedisThread redisEnableKeepAlive alive thread[NCenterTrd]
2025-06-27 17:52:47 [ERROR] [DB]	NewRedisThread redisEnableKeepAlive alive thread[rankTrd]
2025-06-27 17:52:47 [ERROR] [DB]	NewRedisThread redisEnableKeepAlive alive thread[mailTrd]
2025-06-27 17:52:47 [ERROR] [DB]	NewRedisThread redisEnableKeepAlive alive thread[commonTrd]
2025-06-27 17:52:47 [ERROR] [DB]	NewRedisThread redisEnableKeepAlive alive thread[taskTrd]
2025-06-27 17:53:48 [ERROR] [DB]	NewRedisThread redisEnableKeepAlive alive thread[rankTrd]
2025-06-27 17:53:48 [ERROR] [DB]	NewRedisThread redisEnableKeepAlive alive thread[eventLogTrd]
2025-06-27 17:53:48 [ERROR] [DB]	NewRedisThread redisEnableKeepAlive alive thread[NCenterTrd]
2025-06-27 17:53:48 [ERROR] [DB]	NewRedisThread redisEnableKeepAlive alive thread[mailTrd]
2025-06-27 17:53:48 [ERROR] [DB]	NewRedisThread redisEnableKeepAlive alive thread[commonTrd]
2025-06-27 17:53:48 [ERROR] [DB]	NewRedisThread redisEnableKeepAlive alive thread[taskTrd]
2025-06-27 17:54:49 [ERROR] [DB]	NewRedisThread redisEnableKeepAlive alive thread[rankTrd]
2025-06-27 17:54:49 [ERROR] [DB]	NewRedisThread redisEnableKeepAlive alive thread[NCenterTrd]
2025-06-27 17:54:49 [ERROR] [DB]	NewRedisThread redisEnableKeepAlive alive thread[eventLogTrd]
2025-06-27 17:54:49 [ERROR] [DB]	NewRedisThread redisEnableKeepAlive alive thread[mailTrd]
2025-06-27 17:54:49 [ERROR] [DB]	NewRedisThread redisEnableKeepAlive alive thread[commonTrd]
2025-06-27 17:54:49 [ERROR] [DB]	NewRedisThread redisEnableKeepAlive alive thread[taskTrd]
2025-06-27 17:55:50 [ERROR] [DB]	NewRedisThread redisEnableKeepAlive alive thread[NCenterTrd]
2025-06-27 17:55:50 [ERROR] [DB]	NewRedisThread redisEnableKeepAlive alive thread[mailTrd]
2025-06-27 17:55:50 [ERROR] [DB]	NewRedisThread redisEnableKeepAlive alive thread[eventLogTrd]
2025-06-27 17:55:50 [ERROR] [DB]	NewRedisThread redisEnableKeepAlive alive thread[commonTrd]
2025-06-27 17:55:50 [ERROR] [DB]	NewRedisThread redisEnableKeepAlive alive thread[rankTrd]
2025-06-27 17:55:50 [ERROR] [DB]	NewRedisThread redisEnableKeepAlive alive thread[taskTrd]
2025-06-27 17:56:51 [ERROR] [DB]	NewRedisThread redisEnableKeepAlive alive thread[rankTrd]
2025-06-27 17:56:51 [ERROR] [DB]	NewRedisThread redisEnableKeepAlive alive thread[commonTrd]
2025-06-27 17:56:51 [ERROR] [DB]	NewRedisThread redisEnableKeepAlive alive thread[mailTrd]
2025-06-27 17:56:51 [ERROR] [DB]	NewRedisThread redisEnableKeepAlive alive thread[eventLogTrd]
2025-06-27 17:56:51 [ERROR] [DB]	NewRedisThread redisEnableKeepAlive alive thread[NCenterTrd]
2025-06-27 17:56:51 [ERROR] [DB]	NewRedisThread redisEnableKeepAlive alive thread[taskTrd]
2025-06-27 17:57:52 [ERROR] [DB]	NewRedisThread redisEnableKeepAlive alive thread[mailTrd]
2025-06-27 17:57:52 [ERROR] [DB]	NewRedisThread redisEnableKeepAlive alive thread[commonTrd]
2025-06-27 17:57:52 [ERROR] [DB]	NewRedisThread redisEnableKeepAlive alive thread[rankTrd]
2025-06-27 17:57:52 [ERROR] [DB]	NewRedisThread redisEnableKeepAlive alive thread[NCenterTrd]
2025-06-27 17:57:52 [ERROR] [DB]	NewRedisThread redisEnableKeepAlive alive thread[eventLogTrd]
2025-06-27 17:57:52 [ERROR] [DB]	NewRedisThread redisEnableKeepAlive alive thread[taskTrd]
2025-06-27 17:58:53 [ERROR] [DB]	NewRedisThread redisEnableKeepAlive alive thread[commonTrd]
2025-06-27 17:58:53 [ERROR] [DB]	NewRedisThread redisEnableKeepAlive alive thread[rankTrd]
2025-06-27 17:58:53 [ERROR] [DB]	NewRedisThread redisEnableKeepAlive alive thread[mailTrd]
2025-06-27 17:58:53 [ERROR] [DB]	NewRedisThread redisEnableKeepAlive alive thread[NCenterTrd]
2025-06-27 17:58:53 [ERROR] [DB]	NewRedisThread redisEnableKeepAlive alive thread[eventLogTrd]
2025-06-27 17:58:53 [ERROR] [DB]	NewRedisThread redisEnableKeepAlive alive thread[taskTrd]
2025-06-27 17:59:54 [ERROR] [DB]	NewRedisThread redisEnableKeepAlive alive thread[NCenterTrd]
2025-06-27 17:59:54 [ERROR] [DB]	NewRedisThread redisEnableKeepAlive alive thread[commonTrd]
2025-06-27 17:59:54 [ERROR] [DB]	NewRedisThread redisEnableKeepAlive alive thread[mailTrd]
2025-06-27 17:59:54 [ERROR] [DB]	NewRedisThread redisEnableKeepAlive alive thread[rankTrd]
2025-06-27 17:59:54 [ERROR] [DB]	NewRedisThread redisEnableKeepAlive alive thread[eventLogTrd]
2025-06-27 17:59:54 [ERROR] [DB]	NewRedisThread redisEnableKeepAlive alive thread[taskTrd]
2025-06-27 17:59:56 [ERROR] [TH]	vecRecordList =[0]
2025-06-27 18:00:08 [ERROR] [SLT]	RefreshLogLevelConf iServerId[3001] iLogLevel[20],ifMain[0]
2025-06-27 18:00:08 [ERROR] [TH]	GetActInviteConf params no find
2025-06-27 18:00:09 [ERROR] [RH]	OnTimerGetRankConfInfo error
2025-06-27 18:00:55 [ERROR] [DB]	NewRedisThread redisEnableKeepAlive alive thread[commonTrd]
2025-06-27 18:00:55 [ERROR] [DB]	NewRedisThread redisEnableKeepAlive alive thread[mailTrd]
2025-06-27 18:00:55 [ERROR] [DB]	NewRedisThread redisEnableKeepAlive alive thread[NCenterTrd]
2025-06-27 18:00:55 [ERROR] [DB]	NewRedisThread redisEnableKeepAlive alive thread[rankTrd]
2025-06-27 18:00:55 [ERROR] [DB]	NewRedisThread redisEnableKeepAlive alive thread[eventLogTrd]
2025-06-27 18:00:55 [ERROR] [DB]	NewRedisThread redisEnableKeepAlive alive thread[taskTrd]
2025-06-27 18:01:56 [ERROR] [DB]	NewRedisThread redisEnableKeepAlive alive thread[rankTrd]
2025-06-27 18:01:56 [ERROR] [DB]	NewRedisThread redisEnableKeepAlive alive thread[mailTrd]
2025-06-27 18:01:56 [ERROR] [DB]	NewRedisThread redisEnableKeepAlive alive thread[NCenterTrd]
2025-06-27 18:01:56 [ERROR] [DB]	NewRedisThread redisEnableKeepAlive alive thread[commonTrd]
2025-06-27 18:01:56 [ERROR] [DB]	NewRedisThread redisEnableKeepAlive alive thread[eventLogTrd]
2025-06-27 18:01:56 [ERROR] [DB]	NewRedisThread redisEnableKeepAlive alive thread[taskTrd]
2025-06-27 18:02:57 [ERROR] [DB]	NewRedisThread redisEnableKeepAlive alive thread[rankTrd]
2025-06-27 18:02:57 [ERROR] [DB]	NewRedisThread redisEnableKeepAlive alive thread[commonTrd]
2025-06-27 18:02:57 [ERROR] [DB]	NewRedisThread redisEnableKeepAlive alive thread[mailTrd]
2025-06-27 18:02:57 [ERROR] [DB]	NewRedisThread redisEnableKeepAlive alive thread[NCenterTrd]
2025-06-27 18:02:57 [ERROR] [DB]	NewRedisThread redisEnableKeepAlive alive thread[eventLogTrd]
2025-06-27 18:02:57 [ERROR] [DB]	NewRedisThread redisEnableKeepAlive alive thread[taskTrd]
2025-06-27 18:03:58 [ERROR] [DB]	NewRedisThread redisEnableKeepAlive alive thread[rankTrd]
2025-06-27 18:03:58 [ERROR] [DB]	NewRedisThread redisEnableKeepAlive alive thread[commonTrd]
2025-06-27 18:03:58 [ERROR] [DB]	NewRedisThread redisEnableKeepAlive alive thread[eventLogTrd]
2025-06-27 18:03:58 [ERROR] [DB]	NewRedisThread redisEnableKeepAlive alive thread[NCenterTrd]
2025-06-27 18:03:58 [ERROR] [DB]	NewRedisThread redisEnableKeepAlive alive thread[mailTrd]
2025-06-27 18:03:58 [ERROR] [DB]	NewRedisThread redisEnableKeepAlive alive thread[taskTrd]
2025-06-27 18:04:59 [ERROR] [DB]	NewRedisThread redisEnableKeepAlive alive thread[rankTrd]
2025-06-27 18:04:59 [ERROR] [DB]	NewRedisThread redisEnableKeepAlive alive thread[commonTrd]
2025-06-27 18:04:59 [ERROR] [DB]	NewRedisThread redisEnableKeepAlive alive thread[NCenterTrd]
2025-06-27 18:04:59 [ERROR] [DB]	NewRedisThread redisEnableKeepAlive alive thread[mailTrd]
2025-06-27 18:04:59 [ERROR] [DB]	NewRedisThread redisEnableKeepAlive alive thread[eventLogTrd]
2025-06-27 18:04:59 [ERROR] [DB]	NewRedisThread redisEnableKeepAlive alive thread[taskTrd]
2025-06-27 18:06:00 [ERROR] [DB]	NewRedisThread redisEnableKeepAlive alive thread[rankTrd]
2025-06-27 18:06:00 [ERROR] [DB]	NewRedisThread redisEnableKeepAlive alive thread[commonTrd]
2025-06-27 18:06:00 [ERROR] [DB]	NewRedisThread redisEnableKeepAlive alive thread[eventLogTrd]
2025-06-27 18:06:00 [ERROR] [DB]	NewRedisThread redisEnableKeepAlive alive thread[NCenterTrd]
2025-06-27 18:06:00 [ERROR] [DB]	NewRedisThread redisEnableKeepAlive alive thread[mailTrd]
2025-06-27 18:06:00 [ERROR] [DB]	NewRedisThread redisEnableKeepAlive alive thread[taskTrd]
2025-06-27 18:07:01 [ERROR] [DB]	NewRedisThread redisEnableKeepAlive alive thread[commonTrd]
2025-06-27 18:07:01 [ERROR] [DB]	NewRedisThread redisEnableKeepAlive alive thread[rankTrd]
2025-06-27 18:07:01 [ERROR] [DB]	NewRedisThread redisEnableKeepAlive alive thread[mailTrd]
2025-06-27 18:07:01 [ERROR] [DB]	NewRedisThread redisEnableKeepAlive alive thread[eventLogTrd]
2025-06-27 18:07:01 [ERROR] [DB]	NewRedisThread redisEnableKeepAlive alive thread[NCenterTrd]
2025-06-27 18:07:01 [ERROR] [DB]	NewRedisThread redisEnableKeepAlive alive thread[taskTrd]
2025-06-27 18:08:02 [ERROR] [DB]	NewRedisThread redisEnableKeepAlive alive thread[eventLogTrd]
2025-06-27 18:08:02 [ERROR] [DB]	NewRedisThread redisEnableKeepAlive alive thread[commonTrd]
2025-06-27 18:08:02 [ERROR] [DB]	NewRedisThread redisEnableKeepAlive alive thread[rankTrd]
2025-06-27 18:08:02 [ERROR] [DB]	NewRedisThread redisEnableKeepAlive alive thread[NCenterTrd]
2025-06-27 18:08:02 [ERROR] [DB]	NewRedisThread redisEnableKeepAlive alive thread[mailTrd]
2025-06-27 18:08:02 [ERROR] [DB]	NewRedisThread redisEnableKeepAlive alive thread[taskTrd]
2025-06-27 18:09:03 [ERROR] [DB]	NewRedisThread redisEnableKeepAlive alive thread[rankTrd]
2025-06-27 18:09:03 [ERROR] [DB]	NewRedisThread redisEnableKeepAlive alive thread[mailTrd]
2025-06-27 18:09:03 [ERROR] [DB]	NewRedisThread redisEnableKeepAlive alive thread[commonTrd]
2025-06-27 18:09:03 [ERROR] [DB]	NewRedisThread redisEnableKeepAlive alive thread[NCenterTrd]
2025-06-27 18:09:03 [ERROR] [DB]	NewRedisThread redisEnableKeepAlive alive thread[eventLogTrd]
2025-06-27 18:09:03 [ERROR] [DB]	NewRedisThread redisEnableKeepAlive alive thread[taskTrd]
2025-06-27 18:10:04 [ERROR] [DB]	NewRedisThread redisEnableKeepAlive alive thread[mailTrd]
2025-06-27 18:10:04 [ERROR] [DB]	NewRedisThread redisEnableKeepAlive alive thread[eventLogTrd]
2025-06-27 18:10:04 [ERROR] [DB]	NewRedisThread redisEnableKeepAlive alive thread[rankTrd]
2025-06-27 18:10:04 [ERROR] [DB]	NewRedisThread redisEnableKeepAlive alive thread[commonTrd]
2025-06-27 18:10:04 [ERROR] [DB]	NewRedisThread redisEnableKeepAlive alive thread[NCenterTrd]
2025-06-27 18:10:04 [ERROR] [DB]	NewRedisThread redisEnableKeepAlive alive thread[taskTrd]
2025-06-27 18:10:09 [ERROR] [SLT]	RefreshLogLevelConf iServerId[3001] iLogLevel[20],ifMain[0]
2025-06-27 18:10:09 [ERROR] [TH]	GetActInviteConf params no find
2025-06-27 18:10:10 [ERROR] [RH]	OnTimerGetRankConfInfo error
2025-06-27 18:11:05 [ERROR] [DB]	NewRedisThread redisEnableKeepAlive alive thread[mailTrd]
2025-06-27 18:11:05 [ERROR] [DB]	NewRedisThread redisEnableKeepAlive alive thread[eventLogTrd]
2025-06-27 18:11:05 [ERROR] [DB]	NewRedisThread redisEnableKeepAlive alive thread[commonTrd]
2025-06-27 18:11:05 [ERROR] [DB]	NewRedisThread redisEnableKeepAlive alive thread[NCenterTrd]
2025-06-27 18:11:05 [ERROR] [DB]	NewRedisThread redisEnableKeepAlive alive thread[rankTrd]
2025-06-27 18:11:05 [ERROR] [DB]	NewRedisThread redisEnableKeepAlive alive thread[taskTrd]
2025-06-27 18:12:06 [ERROR] [DB]	NewRedisThread redisEnableKeepAlive alive thread[rankTrd]
2025-06-27 18:12:06 [ERROR] [DB]	NewRedisThread redisEnableKeepAlive alive thread[NCenterTrd]
2025-06-27 18:12:06 [ERROR] [DB]	NewRedisThread redisEnableKeepAlive alive thread[eventLogTrd]
2025-06-27 18:12:06 [ERROR] [DB]	NewRedisThread redisEnableKeepAlive alive thread[mailTrd]
2025-06-27 18:12:06 [ERROR] [DB]	NewRedisThread redisEnableKeepAlive alive thread[commonTrd]
2025-06-27 18:12:06 [ERROR] [DB]	NewRedisThread redisEnableKeepAlive alive thread[taskTrd]
2025-06-27 18:13:07 [ERROR] [DB]	NewRedisThread redisEnableKeepAlive alive thread[eventLogTrd]
2025-06-27 18:13:07 [ERROR] [DB]	NewRedisThread redisEnableKeepAlive alive thread[mailTrd]
2025-06-27 18:13:07 [ERROR] [DB]	NewRedisThread redisEnableKeepAlive alive thread[commonTrd]
2025-06-27 18:13:07 [ERROR] [DB]	NewRedisThread redisEnableKeepAlive alive thread[rankTrd]
2025-06-27 18:13:07 [ERROR] [DB]	NewRedisThread redisEnableKeepAlive alive thread[NCenterTrd]
2025-06-27 18:13:07 [ERROR] [DB]	NewRedisThread redisEnableKeepAlive alive thread[taskTrd]
2025-06-27 18:14:08 [ERROR] [DB]	NewRedisThread redisEnableKeepAlive alive thread[eventLogTrd]
2025-06-27 18:14:08 [ERROR] [DB]	NewRedisThread redisEnableKeepAlive alive thread[commonTrd]
2025-06-27 18:14:08 [ERROR] [DB]	NewRedisThread redisEnableKeepAlive alive thread[NCenterTrd]
2025-06-27 18:14:08 [ERROR] [DB]	NewRedisThread redisEnableKeepAlive alive thread[rankTrd]
2025-06-27 18:14:08 [ERROR] [DB]	NewRedisThread redisEnableKeepAlive alive thread[mailTrd]
2025-06-27 18:14:08 [ERROR] [DB]	NewRedisThread redisEnableKeepAlive alive thread[taskTrd]
2025-06-27 18:14:56 [ERROR] [TH]	vecRecordList =[0]
2025-06-27 18:15:09 [ERROR] [DB]	NewRedisThread redisEnableKeepAlive alive thread[commonTrd]
2025-06-27 18:15:09 [ERROR] [DB]	NewRedisThread redisEnableKeepAlive alive thread[NCenterTrd]
2025-06-27 18:15:09 [ERROR] [DB]	NewRedisThread redisEnableKeepAlive alive thread[rankTrd]
2025-06-27 18:15:09 [ERROR] [DB]	NewRedisThread redisEnableKeepAlive alive thread[mailTrd]
2025-06-27 18:15:09 [ERROR] [DB]	NewRedisThread redisEnableKeepAlive alive thread[eventLogTrd]
2025-06-27 18:15:09 [ERROR] [DB]	NewRedisThread redisEnableKeepAlive alive thread[taskTrd]
2025-06-27 18:16:10 [ERROR] [DB]	NewRedisThread redisEnableKeepAlive alive thread[rankTrd]
2025-06-27 18:16:10 [ERROR] [DB]	NewRedisThread redisEnableKeepAlive alive thread[NCenterTrd]
2025-06-27 18:16:10 [ERROR] [DB]	NewRedisThread redisEnableKeepAlive alive thread[commonTrd]
2025-06-27 18:16:10 [ERROR] [DB]	NewRedisThread redisEnableKeepAlive alive thread[mailTrd]
2025-06-27 18:16:10 [ERROR] [DB]	NewRedisThread redisEnableKeepAlive alive thread[eventLogTrd]
2025-06-27 18:16:10 [ERROR] [DB]	NewRedisThread redisEnableKeepAlive alive thread[taskTrd]
2025-06-27 18:17:11 [ERROR] [DB]	NewRedisThread redisEnableKeepAlive alive thread[NCenterTrd]
2025-06-27 18:17:11 [ERROR] [DB]	NewRedisThread redisEnableKeepAlive alive thread[mailTrd]
2025-06-27 18:17:11 [ERROR] [DB]	NewRedisThread redisEnableKeepAlive alive thread[rankTrd]
2025-06-27 18:17:11 [ERROR] [DB]	NewRedisThread redisEnableKeepAlive alive thread[eventLogTrd]
2025-06-27 18:17:11 [ERROR] [DB]	NewRedisThread redisEnableKeepAlive alive thread[commonTrd]
2025-06-27 18:17:11 [ERROR] [DB]	NewRedisThread redisEnableKeepAlive alive thread[taskTrd]
2025-06-27 18:18:12 [ERROR] [DB]	NewRedisThread redisEnableKeepAlive alive thread[eventLogTrd]
2025-06-27 18:18:12 [ERROR] [DB]	NewRedisThread redisEnableKeepAlive alive thread[rankTrd]
2025-06-27 18:18:12 [ERROR] [DB]	NewRedisThread redisEnableKeepAlive alive thread[mailTrd]
2025-06-27 18:18:12 [ERROR] [DB]	NewRedisThread redisEnableKeepAlive alive thread[NCenterTrd]
2025-06-27 18:18:12 [ERROR] [DB]	NewRedisThread redisEnableKeepAlive alive thread[commonTrd]
2025-06-27 18:18:12 [ERROR] [DB]	NewRedisThread redisEnableKeepAlive alive thread[taskTrd]
2025-06-27 18:19:13 [ERROR] [DB]	NewRedisThread redisEnableKeepAlive alive thread[mailTrd]
2025-06-27 18:19:13 [ERROR] [DB]	NewRedisThread redisEnableKeepAlive alive thread[rankTrd]
2025-06-27 18:19:13 [ERROR] [DB]	NewRedisThread redisEnableKeepAlive alive thread[commonTrd]
2025-06-27 18:19:13 [ERROR] [DB]	NewRedisThread redisEnableKeepAlive alive thread[NCenterTrd]
2025-06-27 18:19:13 [ERROR] [DB]	NewRedisThread redisEnableKeepAlive alive thread[eventLogTrd]
2025-06-27 18:19:13 [ERROR] [DB]	NewRedisThread redisEnableKeepAlive alive thread[taskTrd]
2025-06-27 18:20:10 [ERROR] [SLT]	RefreshLogLevelConf iServerId[3001] iLogLevel[20],ifMain[0]
2025-06-27 18:20:10 [ERROR] [TH]	GetActInviteConf params no find
2025-06-27 18:20:11 [ERROR] [RH]	OnTimerGetRankConfInfo error
2025-06-27 18:20:14 [ERROR] [DB]	NewRedisThread redisEnableKeepAlive alive thread[commonTrd]
2025-06-27 18:20:14 [ERROR] [DB]	NewRedisThread redisEnableKeepAlive alive thread[rankTrd]
2025-06-27 18:20:14 [ERROR] [DB]	NewRedisThread redisEnableKeepAlive alive thread[mailTrd]
2025-06-27 18:20:14 [ERROR] [DB]	NewRedisThread redisEnableKeepAlive alive thread[eventLogTrd]
2025-06-27 18:20:14 [ERROR] [DB]	NewRedisThread redisEnableKeepAlive alive thread[NCenterTrd]
2025-06-27 18:20:14 [ERROR] [DB]	NewRedisThread redisEnableKeepAlive alive thread[taskTrd]
2025-06-27 18:21:15 [ERROR] [DB]	NewRedisThread redisEnableKeepAlive alive thread[rankTrd]
2025-06-27 18:21:15 [ERROR] [DB]	NewRedisThread redisEnableKeepAlive alive thread[mailTrd]
2025-06-27 18:21:15 [ERROR] [DB]	NewRedisThread redisEnableKeepAlive alive thread[commonTrd]
2025-06-27 18:21:15 [ERROR] [DB]	NewRedisThread redisEnableKeepAlive alive thread[eventLogTrd]
2025-06-27 18:21:15 [ERROR] [DB]	NewRedisThread redisEnableKeepAlive alive thread[NCenterTrd]
2025-06-27 18:21:15 [ERROR] [DB]	NewRedisThread redisEnableKeepAlive alive thread[taskTrd]
2025-06-27 18:22:16 [ERROR] [DB]	NewRedisThread redisEnableKeepAlive alive thread[rankTrd]
2025-06-27 18:22:16 [ERROR] [DB]	NewRedisThread redisEnableKeepAlive alive thread[mailTrd]
2025-06-27 18:22:16 [ERROR] [DB]	NewRedisThread redisEnableKeepAlive alive thread[eventLogTrd]
2025-06-27 18:22:16 [ERROR] [DB]	NewRedisThread redisEnableKeepAlive alive thread[commonTrd]
2025-06-27 18:22:16 [ERROR] [DB]	NewRedisThread redisEnableKeepAlive alive thread[NCenterTrd]
2025-06-27 18:22:16 [ERROR] [DB]	NewRedisThread redisEnableKeepAlive alive thread[taskTrd]
