2025-06-27 16:00:07 [ERROR] [room version]	v1.01-----20200311
2025-06-27 16:00:07 [ERROR] [MsgQueue]	EnQueue constructor queue_size[2000]
2025-06-27 16:00:07 [ERROR] [MsgQueue]	EnQueue constructor queue_size[2000]
2025-06-27 16:00:07 [ERROR] [SLT]	GetServerLogLevelConf iServerType[5] iServerId[5001] iLogLevel[1],iSelfIP[0]
2025-06-27 16:00:07 [ERROR] [ROOM_SERVER]	v1.01 server run ok---serverport[58001]
2025-06-27 16:00:27 [DEBUG] [SLT]	RecordServerStartInfo:iServerID[1101],iStartTime[1751011227],iAppTime[1751010736],strTableName[center_servers]
2025-06-27 16:00:27 [ERROR] [SLT]	GetPointeGamesAllRoomInfo:iGameID[11],roomNum[4]
2025-06-27 16:00:27 [ERROR] [SLT]	GetServerLogLevelConf iServerType[1] iServerId[1101] iLogLevel[1],iSelfIP[0]
2025-06-27 16:00:27 [DEBUG] [ES]	[]DelSocketNode,iSocketIndex=[1]user[0],iReadLen[0],errno[11]
2025-06-27 16:02:03 [DEBUG] [SLT]	RecordServerStartInfo:iServerID[1101],iStartTime[1751011323],iAppTime[1751010736],strTableName[center_servers]
2025-06-27 16:02:03 [ERROR] [SLT]	GetPointeGamesAllRoomInfo:iGameID[11],roomNum[4]
2025-06-27 16:02:03 [ERROR] [SLT]	GetServerLogLevelConf iServerType[1] iServerId[1101] iLogLevel[1],iSelfIP[0]
2025-06-27 16:02:03 [DEBUG] [ES]	[]DelSocketNode,iSocketIndex=[1]user[0],iReadLen[0],errno[11]
2025-06-27 16:05:07 [DEBUG] [SLT]	RecordServerStartInfo:iServerID[1101],iStartTime[1751011507],iAppTime[1751010736],strTableName[center_servers]
2025-06-27 16:05:07 [ERROR] [SLT]	GetPointeGamesAllRoomInfo:iGameID[11],roomNum[4]
2025-06-27 16:05:07 [ERROR] [SLT]	GetServerLogLevelConf iServerType[1] iServerId[1101] iLogLevel[1],iSelfIP[0]
2025-06-27 16:05:07 [DEBUG] [ES]	[]DelSocketNode,iSocketIndex=[1]user[0],iReadLen[0],errno[11]
2025-06-27 16:06:39 [DEBUG] [SLT]	RecordServerStartInfo:iServerID[1101],iStartTime[1751011598],iAppTime[1751010736],strTableName[center_servers]
2025-06-27 16:06:39 [ERROR] [SLT]	GetPointeGamesAllRoomInfo:iGameID[11],roomNum[4]
2025-06-27 16:06:39 [ERROR] [SLT]	GetServerLogLevelConf iServerType[1] iServerId[1101] iLogLevel[1],iSelfIP[0]
2025-06-27 16:06:39 [DEBUG] [ES]	[]DelSocketNode,iSocketIndex=[1]user[0],iReadLen[0],errno[11]
2025-06-27 16:10:08 [ERROR] [SLT]	GetServerLogLevelConf iServerType[5] iServerId[5001] iLogLevel[1],iSelfIP[0]
2025-06-27 16:20:09 [ERROR] [SLT]	GetServerLogLevelConf iServerType[5] iServerId[5001] iLogLevel[1],iSelfIP[0]
2025-06-27 16:30:10 [ERROR] [SLT]	GetServerLogLevelConf iServerType[5] iServerId[5001] iLogLevel[1],iSelfIP[0]
2025-06-27 16:32:34 [DEBUG] [SLT]	RecordServerStartInfo:iServerID[1101],iStartTime[1751013154],iAppTime[1751010736],strTableName[center_servers]
2025-06-27 16:32:34 [ERROR] [SLT]	GetPointeGamesAllRoomInfo:iGameID[11],roomNum[4]
2025-06-27 16:32:34 [ERROR] [SLT]	GetServerLogLevelConf iServerType[1] iServerId[1101] iLogLevel[1],iSelfIP[0]
2025-06-27 16:32:34 [DEBUG] [ES]	[]DelSocketNode,iSocketIndex=[1]user[0],iReadLen[0],errno[11]
2025-06-27 16:40:11 [ERROR] [SLT]	GetServerLogLevelConf iServerType[5] iServerId[5001] iLogLevel[1],iSelfIP[0]
2025-06-27 16:50:12 [ERROR] [SLT]	GetServerLogLevelConf iServerType[5] iServerId[5001] iLogLevel[1],iSelfIP[0]
2025-06-27 17:00:13 [ERROR] [SLT]	GetServerLogLevelConf iServerType[5] iServerId[5001] iLogLevel[1],iSelfIP[0]
2025-06-27 17:08:41 [DEBUG] [SLT]	RecordServerStartInfo:iServerID[1101],iStartTime[1751015320],iAppTime[1751015319],strTableName[center_servers]
2025-06-27 17:08:41 [ERROR] [SLT]	GetPointeGamesAllRoomInfo:iGameID[11],roomNum[4]
2025-06-27 17:08:41 [ERROR] [SLT]	GetServerLogLevelConf iServerType[1] iServerId[1101] iLogLevel[1],iSelfIP[0]
2025-06-27 17:10:14 [ERROR] [SLT]	GetServerLogLevelConf iServerType[5] iServerId[5001] iLogLevel[1],iSelfIP[0]
2025-06-27 17:10:56 [DEBUG] [ES]	[]DelSocketNode,iSocketIndex=[1]user[0],iReadLen[0],errno[11]
2025-06-27 17:13:35 [DEBUG] [SLT]	RecordServerStartInfo:iServerID[1101],iStartTime[1751015615],iAppTime[1751015614],strTableName[center_servers]
2025-06-27 17:13:35 [ERROR] [SLT]	GetPointeGamesAllRoomInfo:iGameID[11],roomNum[4]
2025-06-27 17:13:35 [ERROR] [SLT]	GetServerLogLevelConf iServerType[1] iServerId[1101] iLogLevel[1],iSelfIP[0]
2025-06-27 17:16:19 [DEBUG] [ES]	[]DelSocketNode,iSocketIndex=[1]user[0],iReadLen[0],errno[11]
2025-06-27 17:19:50 [ERROR] [room version]	v1.01-----20200311
2025-06-27 17:19:50 [ERROR] [MsgQueue]	EnQueue constructor queue_size[2000]
2025-06-27 17:19:50 [ERROR] [MsgQueue]	EnQueue constructor queue_size[2000]
2025-06-27 17:19:50 [ERROR] [SLT]	GetServerLogLevelConf iServerType[5] iServerId[5001] iLogLevel[1],iSelfIP[0]
2025-06-27 17:19:50 [ERROR] [ROOM_SERVER]	v1.01 server run ok---serverport[58001]
2025-06-27 17:23:07 [ERROR] [room version]	v1.01-----20200311
2025-06-27 17:23:07 [ERROR] [MsgQueue]	EnQueue constructor queue_size[2000]
2025-06-27 17:23:07 [ERROR] [MsgQueue]	EnQueue constructor queue_size[2000]
2025-06-27 17:23:07 [ERROR] [SLT]	GetServerLogLevelConf iServerType[5] iServerId[5001] iLogLevel[1],iSelfIP[0]
2025-06-27 17:23:07 [ERROR] [ROOM_SERVER]	v1.01 server run ok---serverport[58001]
2025-06-27 17:23:27 [DEBUG] [SLT]	RecordServerStartInfo:iServerID[1101],iStartTime[1751016207],iAppTime[1751016204],strTableName[center_servers]
2025-06-27 17:23:27 [ERROR] [SLT]	GetPointeGamesAllRoomInfo:iGameID[11],roomNum[4]
2025-06-27 17:23:27 [ERROR] [SLT]	GetServerLogLevelConf iServerType[1] iServerId[1101] iLogLevel[1],iSelfIP[0]
2025-06-27 17:28:52 [DEBUG] [ES]	[]DelSocketNode,iSocketIndex=[1]user[0],iReadLen[0],errno[11]
2025-06-27 17:29:18 [ERROR] [room version]	v1.01-----20200311
2025-06-27 17:29:18 [ERROR] [MsgQueue]	EnQueue constructor queue_size[2000]
2025-06-27 17:29:18 [ERROR] [MsgQueue]	EnQueue constructor queue_size[2000]
2025-06-27 17:29:18 [ERROR] [SLT]	GetServerLogLevelConf iServerType[5] iServerId[5001] iLogLevel[1],iSelfIP[0]
2025-06-27 17:29:18 [ERROR] [ROOM_SERVER]	v1.01 server run ok---serverport[58001]
2025-06-27 17:29:28 [DEBUG] [SLT]	RecordServerStartInfo:iServerID[1101],iStartTime[1751016568],iAppTime[1751016567],strTableName[center_servers]
2025-06-27 17:29:28 [ERROR] [SLT]	GetPointeGamesAllRoomInfo:iGameID[11],roomNum[4]
2025-06-27 17:29:28 [ERROR] [SLT]	GetServerLogLevelConf iServerType[1] iServerId[1101] iLogLevel[1],iSelfIP[0]
2025-06-27 17:29:47 [DEBUG] [ES]	[]DelSocketNode,iSocketIndex=[1]user[0],iReadLen[0],errno[11]
2025-06-27 17:29:53 [DEBUG] [SLT]	RecordServerStartInfo:iServerID[1101],iStartTime[1751016593],iAppTime[1751016592],strTableName[center_servers]
2025-06-27 17:29:53 [ERROR] [SLT]	GetPointeGamesAllRoomInfo:iGameID[11],roomNum[4]
2025-06-27 17:29:53 [ERROR] [SLT]	GetServerLogLevelConf iServerType[1] iServerId[1101] iLogLevel[1],iSelfIP[0]
2025-06-27 17:31:36 [DEBUG] [ES]	[]DelSocketNode,iSocketIndex=[1]user[0],iReadLen[0],errno[11]
2025-06-27 17:31:47 [DEBUG] [SLT]	RecordServerStartInfo:iServerID[1101],iStartTime[1751016707],iAppTime[1751016706],strTableName[center_servers]
2025-06-27 17:31:47 [ERROR] [SLT]	GetPointeGamesAllRoomInfo:iGameID[11],roomNum[4]
2025-06-27 17:31:47 [ERROR] [SLT]	GetServerLogLevelConf iServerType[1] iServerId[1101] iLogLevel[1],iSelfIP[0]
2025-06-27 17:35:08 [DEBUG] [ES]	[]DelSocketNode,iSocketIndex=[1]user[0],iReadLen[0],errno[4]
2025-06-27 17:35:30 [DEBUG] [SLT]	RecordServerStartInfo:iServerID[1101],iStartTime[1751016920],iAppTime[1751016919],strTableName[center_servers]
2025-06-27 17:35:30 [ERROR] [SLT]	GetPointeGamesAllRoomInfo:iGameID[11],roomNum[4]
2025-06-27 17:35:30 [ERROR] [SLT]	GetServerLogLevelConf iServerType[1] iServerId[1101] iLogLevel[1],iSelfIP[0]
2025-06-27 17:36:36 [DEBUG] [ES]	[]DelSocketNode,iSocketIndex=[1]user[0],iReadLen[0],errno[4]
2025-06-27 17:36:47 [DEBUG] [SLT]	RecordServerStartInfo:iServerID[1101],iStartTime[1751017005],iAppTime[1751017003],strTableName[center_servers]
2025-06-27 17:36:47 [ERROR] [SLT]	GetPointeGamesAllRoomInfo:iGameID[11],roomNum[4]
2025-06-27 17:36:47 [ERROR] [SLT]	GetServerLogLevelConf iServerType[1] iServerId[1101] iLogLevel[1],iSelfIP[0]
2025-06-27 17:37:00 [DEBUG] [ES]	[]DelSocketNode,iSocketIndex=[1]user[0],iReadLen[0],errno[11]
2025-06-27 17:39:19 [ERROR] [SLT]	GetServerLogLevelConf iServerType[5] iServerId[5001] iLogLevel[1],iSelfIP[0]
2025-06-27 17:39:40 [DEBUG] [SLT]	RecordServerStartInfo:iServerID[1101],iStartTime[1751017177],iAppTime[1751017176],strTableName[center_servers]
2025-06-27 17:39:40 [ERROR] [SLT]	GetPointeGamesAllRoomInfo:iGameID[11],roomNum[4]
2025-06-27 17:39:40 [ERROR] [SLT]	GetServerLogLevelConf iServerType[1] iServerId[1101] iLogLevel[1],iSelfIP[0]
2025-06-27 17:43:15 [DEBUG] [ES]	[]DelSocketNode,iSocketIndex=[1]user[0],iReadLen[0],errno[4]
2025-06-27 17:45:32 [ERROR] [room version]	v1.01-----20200311
2025-06-27 17:45:32 [ERROR] [MsgQueue]	EnQueue constructor queue_size[2000]
2025-06-27 17:45:32 [ERROR] [MsgQueue]	EnQueue constructor queue_size[2000]
2025-06-27 17:45:39 [ERROR] [SLT]	GetServerLogLevelConf iServerType[5] iServerId[5001] iLogLevel[1],iSelfIP[0]
2025-06-27 17:45:39 [ERROR] [ROOM_SERVER]	v1.01 server run ok---serverport[58001]
2025-06-27 17:45:52 [DEBUG] [SLT]	RecordServerStartInfo:iServerID[1101],iStartTime[1751017549],iAppTime[1751017548],strTableName[center_servers]
2025-06-27 17:45:52 [ERROR] [SLT]	GetPointeGamesAllRoomInfo:iGameID[11],roomNum[4]
2025-06-27 17:45:52 [ERROR] [SLT]	GetServerLogLevelConf iServerType[1] iServerId[1101] iLogLevel[1],iSelfIP[0]
2025-06-27 17:50:00 [DEBUG] [ES]	[]DelSocketNode,iSocketIndex=[1]user[0],iReadLen[0],errno[4]
2025-06-27 17:50:32 [ERROR] [room version]	v1.01-----20200311
2025-06-27 17:50:32 [ERROR] [MsgQueue]	EnQueue constructor queue_size[2000]
2025-06-27 17:50:32 [ERROR] [MsgQueue]	EnQueue constructor queue_size[2000]
2025-06-27 17:50:38 [ERROR] [SLT]	GetServerLogLevelConf iServerType[5] iServerId[5001] iLogLevel[1],iSelfIP[0]
2025-06-27 17:50:38 [ERROR] [ROOM_SERVER]	v1.01 server run ok---serverport[58001]
2025-06-27 17:50:49 [DEBUG] [SLT]	RecordServerStartInfo:iServerID[1101],iStartTime[1751017846],iAppTime[1751017845],strTableName[center_servers]
2025-06-27 17:50:49 [ERROR] [SLT]	GetPointeGamesAllRoomInfo:iGameID[11],roomNum[4]
2025-06-27 17:50:49 [ERROR] [SLT]	GetServerLogLevelConf iServerType[1] iServerId[1101] iLogLevel[1],iSelfIP[0]
2025-06-27 17:51:45 [DEBUG] [ES]	[]DelSocketNode,iSocketIndex=[1]user[0],iReadLen[0],errno[4]
2025-06-27 17:51:56 [DEBUG] [SLT]	RecordServerStartInfo:iServerID[1101],iStartTime[1751017913],iAppTime[1751017912],strTableName[center_servers]
2025-06-27 17:51:56 [ERROR] [SLT]	GetPointeGamesAllRoomInfo:iGameID[11],roomNum[4]
2025-06-27 17:51:56 [ERROR] [SLT]	GetServerLogLevelConf iServerType[1] iServerId[1101] iLogLevel[1],iSelfIP[0]
2025-06-27 17:53:40 [DEBUG] [ES]	[]DelSocketNode,iSocketIndex=[1]user[0],iReadLen[0],errno[4]
2025-06-27 17:53:46 [DEBUG] [SLT]	RecordServerStartInfo:iServerID[1101],iStartTime[1751018026],iAppTime[1751018025],strTableName[center_servers]
2025-06-27 17:53:50 [ERROR] [SLT]	GetPointeGamesAllRoomInfo:iGameID[11],roomNum[4]
2025-06-27 17:53:50 [ERROR] [SLT]	GetServerLogLevelConf iServerType[1] iServerId[1101] iLogLevel[1],iSelfIP[0]
2025-06-27 17:53:59 [DEBUG] [ES]	[]DelSocketNode,iSocketIndex=[1]user[0],iReadLen[0],errno[4]
2025-06-27 17:54:35 [DEBUG] [SLT]	RecordServerStartInfo:iServerID[1101],iStartTime[1751018075],iAppTime[1751018073],strTableName[center_servers]
2025-06-27 17:54:39 [ERROR] [SLT]	GetPointeGamesAllRoomInfo:iGameID[11],roomNum[4]
2025-06-27 17:54:39 [ERROR] [SLT]	GetServerLogLevelConf iServerType[1] iServerId[1101] iLogLevel[1],iSelfIP[0]
2025-06-27 17:55:05 [DEBUG] [ES]	[]DelSocketNode,iSocketIndex=[1]user[0],iReadLen[0],errno[11]
2025-06-27 17:55:27 [DEBUG] [SLT]	RecordServerStartInfo:iServerID[1101],iStartTime[1751018127],iAppTime[1751018126],strTableName[center_servers]
2025-06-27 17:55:40 [ERROR] [SLT]	GetPointeGamesAllRoomInfo:iGameID[11],roomNum[4]
2025-06-27 17:55:40 [ERROR] [SLT]	GetServerLogLevelConf iServerType[1] iServerId[1101] iLogLevel[1],iSelfIP[0]
2025-06-27 18:00:39 [ERROR] [SLT]	GetServerLogLevelConf iServerType[5] iServerId[5001] iLogLevel[1],iSelfIP[0]
2025-06-27 18:01:33 [DEBUG] [ES]	[]DelSocketNode,iSocketIndex=[1]user[0],iReadLen[0],errno[11]
2025-06-27 18:03:48 [DEBUG] [SLT]	RecordServerStartInfo:iServerID[1101],iStartTime[1751018628],iAppTime[1751018627],strTableName[center_servers]
2025-06-27 18:03:51 [ERROR] [SLT]	GetPointeGamesAllRoomInfo:iGameID[11],roomNum[4]
2025-06-27 18:03:51 [ERROR] [SLT]	GetServerLogLevelConf iServerType[1] iServerId[1101] iLogLevel[1],iSelfIP[0]
2025-06-27 18:04:02 [DEBUG] [ES]	[]DelSocketNode,iSocketIndex=[1]user[0],iReadLen[0],errno[4]
2025-06-27 18:04:24 [DEBUG] [SLT]	RecordServerStartInfo:iServerID[1101],iStartTime[1751018664],iAppTime[1751018663],strTableName[center_servers]
2025-06-27 18:04:27 [ERROR] [SLT]	GetPointeGamesAllRoomInfo:iGameID[11],roomNum[4]
2025-06-27 18:04:27 [ERROR] [SLT]	GetServerLogLevelConf iServerType[1] iServerId[1101] iLogLevel[1],iSelfIP[0]
2025-06-27 18:04:34 [DEBUG] [ES]	[]DelSocketNode,iSocketIndex=[1]user[0],iReadLen[0],errno[11]
2025-06-27 18:05:24 [DEBUG] [SLT]	RecordServerStartInfo:iServerID[1101],iStartTime[1751018724],iAppTime[1751018723],strTableName[center_servers]
2025-06-27 18:05:27 [ERROR] [SLT]	GetPointeGamesAllRoomInfo:iGameID[11],roomNum[4]
2025-06-27 18:05:27 [ERROR] [SLT]	GetServerLogLevelConf iServerType[1] iServerId[1101] iLogLevel[1],iSelfIP[0]
2025-06-27 18:06:51 [DEBUG] [ES]	[]DelSocketNode,iSocketIndex=[1]user[0],iReadLen[0],errno[4]
